2025-12-26 21:11:23,925 | INFO     | logger_utils.py:init_logger:48 | Log file created at Fairness_Neuron_Repair/logs/adult/stage1_bias_analysis_20251226_21_11_23_inlp_iters_4_inlp_alpha_1.0.log. Console will show WARNING level messages and above (default).
2025-12-26 21:11:23,925 | INFO     | stage1_bias_analysis.py:main:357 | STAGE 1: BIAS ANALYSIS AND INLP REPAIR
2025-12-26 21:11:23,925 | INFO     | stage1_bias_analysis.py:main:358 | Process start time: 2025-12-26 21:11:23
2025-12-26 21:11:24,014 | INFO     | preprocess.py:preprocess_data_for_ml_models:99 | Preprocessing data for ML Network training
2025-12-26 21:11:24,014 | INFO     | preprocess.py:preprocess_data_for_ml_models:100 | Loading pre-split train/test data created by download_split_dataset_router
2025-12-26 21:11:24,120 | INFO     | preprocess.py:preprocess_data_for_ml_models:115 | Data loaded - Train: 24128, Test: 6032
2025-12-26 21:11:24,123 | INFO     | preprocess.py:preprocess_data_for_ml_models:131 | Initializing and fitting HyperTransformer on training features...
2025-12-26 21:11:24,894 | INFO     | preprocess.py:preprocess_data_for_ml_models:134 | HyperTransformer fitted successfully on training features
2025-12-26 21:11:24,921 | INFO     | preprocess.py:preprocess_data_for_ml_models:141 | HyperTransformer saved to: Fairness_Neuron_Repair/ml_models/adult/adult_train_hypertransformer.pkl
2025-12-26 21:11:24,921 | INFO     | preprocess.py:preprocess_data_for_ml_models:143 | Skipping sensitive attribute balancing for Fader Network to ensure consistent comparison with ML models.
2025-12-26 21:11:24,921 | INFO     | preprocess.py:preprocess_data_for_ml_models:144 | X_train length: 24128, column headers (original distribution): Index(['age', 'workclass', 'education', 'marital-status', 'occupation',
       'relationship', 'race', 'sex', 'capital-gain', 'capital-loss',
       'hours-per-week', 'native-country'],
      dtype='object')
2025-12-26 21:11:24,921 | INFO     | preprocess.py:preprocess_data_for_ml_models:147 | Loading existing HyperTransformer from ML training stage...
2025-12-26 21:11:24,927 | INFO     | preprocess.py:load_hypertransformer:44 | Successfully loaded HyperTransformer from: Fairness_Neuron_Repair/ml_models/adult/adult_train_hypertransformer.pkl
2025-12-26 21:11:24,928 | INFO     | preprocess.py:preprocess_data_for_ml_models:149 | Successfully loaded pre-trained HyperTransformer - no retraining needed
2025-12-26 21:11:24,958 | INFO     | preprocess.py:patch_test_categories:188 | Column native-country has 2 categories in training data that are missing in test data
2025-12-26 21:11:24,962 | INFO     | preprocess.py:patch_test_categories:202 | Added 2 dummy rows to test data for categories missing in test set
2025-12-26 21:11:24,962 | INFO     | preprocess.py:patch_test_categories:204 |   - native-country: 2 categories
2025-12-26 21:11:25,667 | INFO     | preprocess.py:preprocess_data_for_ml_models:165 | X_train_transformed column headers: Index(['age', 'workclass.value0', 'workclass.value1', 'workclass.value2',
       'workclass.value3', 'workclass.value4', 'workclass.value5',
       'workclass.value6', 'education.value0', 'education.value1',
       ...
       'native-country.value31', 'native-country.value32',
       'native-country.value33', 'native-country.value34',
       'native-country.value35', 'native-country.value36',
       'native-country.value37', 'native-country.value38',
       'native-country.value39', 'native-country.value40'],
      dtype='object', length=102)
2025-12-26 21:11:25,949 | INFO     | stage1_bias_analysis.py:main:388 | Training data: 24128 samples
2025-12-26 21:11:25,951 | INFO     | stage1_bias_analysis.py:main:389 | Gender distribution (Train): {'Male': 16355, 'Female': 7773}
2025-12-26 21:11:25,953 | INFO     | stage1_bias_analysis.py:main:423 | 
Data split: 20509 training samples, 3619 validation samples
2025-12-26 21:11:25,953 | INFO     | stage1_bias_analysis.py:main:424 | Created DataLoaders: 81 train batches, 15 val batches (batch_size=256)
2025-12-26 21:11:25,972 | INFO     | stage1_bias_analysis.py:main:430 | Class distribution: Class 0=18122, Class 1=6006, pos_weight=3.0173
2025-12-26 21:11:28,824 | INFO     | stage1_bias_analysis.py:main:437 | 
Training neural network (Baseline) for fixed epochs with validation monitoring...
2025-12-26 21:11:30,211 | INFO     | stage1_bias_analysis.py:train_model:145 | Epoch   0 | Train Loss: 0.820655 | Val Loss: 0.643449
2025-12-26 21:11:31,121 | INFO     | stage1_bias_analysis.py:train_model:154 | Epoch   1 | New best validation loss: 0.601436
2025-12-26 21:11:31,994 | INFO     | stage1_bias_analysis.py:train_model:154 | Epoch   2 | New best validation loss: 0.591415
2025-12-26 21:11:32,896 | INFO     | stage1_bias_analysis.py:train_model:154 | Epoch   3 | New best validation loss: 0.584056
2025-12-26 21:11:33,751 | INFO     | stage1_bias_analysis.py:train_model:154 | Epoch   4 | New best validation loss: 0.577487
2025-12-26 21:11:34,972 | INFO     | stage1_bias_analysis.py:train_model:154 | Epoch   5 | New best validation loss: 0.573332
2025-12-26 21:11:35,877 | INFO     | stage1_bias_analysis.py:train_model:154 | Epoch   6 | New best validation loss: 0.570819
2025-12-26 21:11:36,771 | INFO     | stage1_bias_analysis.py:train_model:154 | Epoch   7 | New best validation loss: 0.569406
2025-12-26 21:11:37,646 | INFO     | stage1_bias_analysis.py:train_model:154 | Epoch   8 | New best validation loss: 0.568271
2025-12-26 21:11:38,558 | INFO     | stage1_bias_analysis.py:train_model:154 | Epoch   9 | New best validation loss: 0.567507
2025-12-26 21:11:39,446 | INFO     | stage1_bias_analysis.py:train_model:154 | Epoch  10 | New best validation loss: 0.567078
2025-12-26 21:11:40,341 | INFO     | stage1_bias_analysis.py:train_model:154 | Epoch  11 | New best validation loss: 0.566790
2025-12-26 21:11:41,237 | INFO     | stage1_bias_analysis.py:train_model:154 | Epoch  12 | New best validation loss: 0.566424
2025-12-26 21:11:42,117 | INFO     | stage1_bias_analysis.py:train_model:154 | Epoch  13 | New best validation loss: 0.566312
2025-12-26 21:11:43,017 | INFO     | stage1_bias_analysis.py:train_model:154 | Epoch  14 | New best validation loss: 0.566063
2025-12-26 21:11:43,908 | INFO     | stage1_bias_analysis.py:train_model:154 | Epoch  15 | New best validation loss: 0.565894
2025-12-26 21:11:44,797 | INFO     | stage1_bias_analysis.py:train_model:154 | Epoch  16 | New best validation loss: 0.565758
2025-12-26 21:11:48,706 | INFO     | stage1_bias_analysis.py:train_model:145 | Epoch  20 | Train Loss: 0.560421 | Val Loss: 0.565707
2025-12-26 21:12:06,924 | INFO     | stage1_bias_analysis.py:train_model:145 | Epoch  40 | Train Loss: 0.555379 | Val Loss: 0.566489
2025-12-26 21:12:13,565 | INFO     | stage1_bias_analysis.py:train_model:154 | Epoch  47 | New best validation loss: 0.565397
2025-12-26 21:12:17,170 | INFO     | stage1_bias_analysis.py:train_model:154 | Epoch  51 | New best validation loss: 0.565193
2025-12-26 21:12:18,073 | INFO     | stage1_bias_analysis.py:train_model:154 | Epoch  52 | New best validation loss: 0.564943
2025-12-26 21:12:20,781 | INFO     | stage1_bias_analysis.py:train_model:154 | Epoch  55 | New best validation loss: 0.564630
2025-12-26 21:12:22,577 | INFO     | stage1_bias_analysis.py:train_model:154 | Epoch  57 | New best validation loss: 0.564394
2025-12-26 21:12:24,677 | INFO     | stage1_bias_analysis.py:train_model:154 | Epoch  59 | New best validation loss: 0.564288
2025-12-26 21:12:25,582 | INFO     | stage1_bias_analysis.py:train_model:145 | Epoch  60 | Train Loss: 0.552336 | Val Loss: 0.564138
2025-12-26 21:12:26,505 | INFO     | stage1_bias_analysis.py:train_model:154 | Epoch  61 | New best validation loss: 0.563900
2025-12-26 21:12:28,302 | INFO     | stage1_bias_analysis.py:train_model:154 | Epoch  63 | New best validation loss: 0.563709
2025-12-26 21:12:31,919 | INFO     | stage1_bias_analysis.py:train_model:154 | Epoch  67 | New best validation loss: 0.563435
2025-12-26 21:12:32,845 | INFO     | stage1_bias_analysis.py:train_model:154 | Epoch  68 | New best validation loss: 0.563193
2025-12-26 21:12:34,646 | INFO     | stage1_bias_analysis.py:train_model:154 | Epoch  70 | New best validation loss: 0.563041
2025-12-26 21:12:36,758 | INFO     | stage1_bias_analysis.py:train_model:154 | Epoch  72 | New best validation loss: 0.562878
2025-12-26 21:12:38,571 | INFO     | stage1_bias_analysis.py:train_model:154 | Epoch  74 | New best validation loss: 0.562657
2025-12-26 21:12:39,474 | INFO     | stage1_bias_analysis.py:train_model:154 | Epoch  75 | New best validation loss: 0.562515
2025-12-26 21:12:40,394 | INFO     | stage1_bias_analysis.py:train_model:154 | Epoch  76 | New best validation loss: 0.562407
2025-12-26 21:12:41,304 | INFO     | stage1_bias_analysis.py:train_model:154 | Epoch  77 | New best validation loss: 0.562328
2025-12-26 21:12:43,118 | INFO     | stage1_bias_analysis.py:train_model:154 | Epoch  79 | New best validation loss: 0.562169
2025-12-26 21:12:44,010 | INFO     | stage1_bias_analysis.py:train_model:145 | Epoch  80 | Train Loss: 0.550147 | Val Loss: 0.562087
2025-12-26 21:12:45,831 | INFO     | stage1_bias_analysis.py:train_model:154 | Epoch  82 | New best validation loss: 0.561974
2025-12-26 21:12:49,770 | INFO     | stage1_bias_analysis.py:train_model:154 | Epoch  86 | New best validation loss: 0.561904
2025-12-26 21:12:51,578 | INFO     | stage1_bias_analysis.py:train_model:154 | Epoch  88 | New best validation loss: 0.561529
2025-12-26 21:12:54,312 | INFO     | stage1_bias_analysis.py:train_model:154 | Epoch  91 | New best validation loss: 0.561422
2025-12-26 21:12:55,232 | INFO     | stage1_bias_analysis.py:train_model:154 | Epoch  92 | New best validation loss: 0.561157
2025-12-26 21:12:57,056 | INFO     | stage1_bias_analysis.py:train_model:154 | Epoch  94 | New best validation loss: 0.561082
2025-12-26 21:12:58,862 | INFO     | stage1_bias_analysis.py:train_model:154 | Epoch  96 | New best validation loss: 0.560935
2025-12-26 21:13:02,862 | INFO     | stage1_bias_analysis.py:train_model:145 | Epoch 100 | Train Loss: 0.548548 | Val Loss: 0.560955
2025-12-26 21:13:06,493 | INFO     | stage1_bias_analysis.py:train_model:154 | Epoch 104 | New best validation loss: 0.560759
2025-12-26 21:13:10,142 | INFO     | stage1_bias_analysis.py:train_model:154 | Epoch 108 | New best validation loss: 0.560698
2025-12-26 21:13:14,061 | INFO     | stage1_bias_analysis.py:train_model:154 | Epoch 112 | New best validation loss: 0.560447
2025-12-26 21:13:17,687 | INFO     | stage1_bias_analysis.py:train_model:154 | Epoch 116 | New best validation loss: 0.560335
2025-12-26 21:13:20,425 | INFO     | stage1_bias_analysis.py:train_model:154 | Epoch 119 | New best validation loss: 0.560234
2025-12-26 21:13:21,349 | INFO     | stage1_bias_analysis.py:train_model:145 | Epoch 120 | Train Loss: 0.547202 | Val Loss: 0.560321
2025-12-26 21:13:25,282 | INFO     | stage1_bias_analysis.py:train_model:154 | Epoch 124 | New best validation loss: 0.560079
2025-12-26 21:13:37,417 | INFO     | stage1_bias_analysis.py:train_model:154 | Epoch 137 | New best validation loss: 0.559924
2025-12-26 21:13:40,149 | INFO     | stage1_bias_analysis.py:train_model:145 | Epoch 140 | Train Loss: 0.546220 | Val Loss: 0.560119
2025-12-26 21:13:41,989 | INFO     | stage1_bias_analysis.py:train_model:154 | Epoch 142 | New best validation loss: 0.559855
2025-12-26 21:13:58,699 | INFO     | stage1_bias_analysis.py:train_model:145 | Epoch 160 | Train Loss: 0.545439 | Val Loss: 0.560565
2025-12-26 21:14:17,611 | INFO     | stage1_bias_analysis.py:train_model:145 | Epoch 180 | Train Loss: 0.544628 | Val Loss: 0.561569
2025-12-26 21:14:32,601 | INFO     | stage1_bias_analysis.py:train_model:145 | Epoch 199 | Train Loss: 0.544029 | Val Loss: 0.561177
2025-12-26 21:14:32,601 | INFO     | stage1_bias_analysis.py:train_model:159 | Restored best model from epoch 142 with validation loss: 0.559855
2025-12-26 21:14:32,601 | INFO     | stage1_bias_analysis.py:main:443 | Training completed. Best validation loss: 0.559855
2025-12-26 21:14:32,603 | INFO     | stage1_bias_analysis.py:main:448 | Original Model saved to: /home/arjun/remote_github/Fairness_Testing/Fairness_Neuron_Repair/ml_models/adult/adult__nn_stage1_original__20251226_21_11_23.pth
2025-12-26 21:14:32,603 | INFO     | stage1_bias_analysis.py:main:453 | 
--- BASELINE EVALUATION (Before Surgery) ---
2025-12-26 21:14:32,622 | INFO     | stage1_bias_analysis.py:main:469 | Baseline Income Accuracy: 83.0073%
2025-12-26 21:14:32,623 | INFO     | stage1_bias_analysis.py:main:478 | Baseline Accuracy (Class 0): 83.3591% (4531 samples)
2025-12-26 21:14:32,623 | INFO     | stage1_bias_analysis.py:main:481 | Baseline Accuracy (Class 1): 81.9454% (1501 samples)
2025-12-26 21:14:32,655 | INFO     | preprocess.py:patch_test_categories:188 | Column native-country has 2 categories in training data that are missing in test data
2025-12-26 21:14:32,658 | INFO     | preprocess.py:patch_test_categories:202 | Added 2 dummy rows to test data for categories missing in test set
2025-12-26 21:14:32,658 | INFO     | preprocess.py:patch_test_categories:204 |   - native-country: 2 categories
2025-12-26 21:14:32,684 | INFO     | preprocess.py:patch_test_categories:188 | Column native-country has 2 categories in training data that are missing in test data
2025-12-26 21:14:32,687 | INFO     | preprocess.py:patch_test_categories:202 | Added 2 dummy rows to test data for categories missing in test set
2025-12-26 21:14:32,687 | INFO     | preprocess.py:patch_test_categories:204 |   - native-country: 2 categories
2025-12-26 21:14:33,149 | INFO     | stage1_bias_analysis.py:main:492 | Baseline Counterfactual Discrimination: 613/6032 (10.16%)
2025-12-26 21:14:33,150 | INFO     | stage1_bias_analysis.py:main:501 | Baseline AOD: 0.130832
2025-12-26 21:14:33,150 | INFO     | stage1_bias_analysis.py:main:502 | Baseline EOD: 0.088828
2025-12-26 21:14:33,150 | INFO     | stage1_bias_analysis.py:main:507 | 
--- STARTING INLP PROCESS ---
2025-12-26 21:14:33,150 | INFO     | stage1_bias_analysis.py:main:510 | Extracting raw activations from layer 3...
2025-12-26 21:14:33,378 | INFO     | stage1_bias_analysis.py:main:515 | 
--- Activation Statistics (Before Projection) ---
2025-12-26 21:14:33,379 | INFO     | stage1_bias_analysis.py:main:516 | Train activations shape: (24128, 64)
2025-12-26 21:14:33,382 | INFO     | stage1_bias_analysis.py:main:517 | Train activations - Mean: 0.230367, Std: 0.233403
2025-12-26 21:14:33,382 | INFO     | stage1_bias_analysis.py:main:518 | Train activations - L2 norm: 407.518372
2025-12-26 21:14:33,383 | INFO     | stage1_bias_analysis.py:main:519 | Train activations - Min: 0.000000, Max: 1.550139
2025-12-26 21:14:33,383 | INFO     | stage1_bias_analysis.py:main:520 | Test activations shape: (6032, 64)
2025-12-26 21:14:33,384 | INFO     | stage1_bias_analysis.py:main:521 | Test activations - Mean: 0.231190, Std: 0.235819
2025-12-26 21:14:33,384 | INFO     | stage1_bias_analysis.py:main:522 | Test activations - L2 norm: 205.187912
2025-12-26 21:14:33,384 | INFO     | stage1_bias_analysis.py:main:523 | ================================================================================
2025-12-26 21:14:33,387 | INFO     | stage1_bias_analysis.py:main:536 | Computing Projection Matrix (P) and Training Gender SVM...
2025-12-26 21:14:33,387 | INFO     | stage1_bias_analysis.py:main:537 | Using same validation set as NN training: 20509 train, 3619 val
2025-12-26 21:14:33,389 | INFO     | inlp_core.py:get_projection_and_svm:19 | Training Initial Gender Detector (SVM)...
2025-12-26 21:14:33,789 | INFO     | inlp_core.py:get_projection_and_svm:31 | Using validation set: 20509 train, 3619 val
2025-12-26 21:14:33,790 | INFO     | inlp_core.py:get_projection_and_svm:33 | Starting INLP (n_iter=4, alpha=1.0)...
2025-12-26 21:14:34,189 | INFO     | inlp_core.py:get_projection_and_svm:42 | Iter 1: SVM Acc = 0.6612
2025-12-26 21:14:34,568 | INFO     | inlp_core.py:get_projection_and_svm:42 | Iter 2: SVM Acc = 0.6529
2025-12-26 21:14:34,747 | INFO     | inlp_core.py:get_projection_and_svm:42 | Iter 3: SVM Acc = 0.6513
2025-12-26 21:14:34,890 | INFO     | inlp_core.py:get_projection_and_svm:42 | Iter 4: SVM Acc = 0.6692
2025-12-26 21:14:34,905 | INFO     | inlp_core.py:get_projection_and_svm:75 | 
--- Projection Matrix Analysis ---
2025-12-26 21:14:34,906 | INFO     | inlp_core.py:get_projection_and_svm:78 | Projection matrix rank: 61/64
2025-12-26 21:14:34,906 | INFO     | inlp_core.py:get_projection_and_svm:79 | ==================================================
2025-12-26 21:14:34,911 | INFO     | stage1_bias_analysis.py:main:546 | 
--- EVALUATING GENDER INFORMATION (SVM) ---
2025-12-26 21:14:34,963 | INFO     | stage1_bias_analysis.py:main:557 | Gender SVM Accuracy (Before Projection):
2025-12-26 21:14:34,963 | INFO     | stage1_bias_analysis.py:main:558 |    Train: 67.6848%
2025-12-26 21:14:34,963 | INFO     | stage1_bias_analysis.py:main:559 |    Test:  66.3462% (Indicates bias presence)
2025-12-26 21:14:34,963 | INFO     | stage1_bias_analysis.py:main:560 |    Test Female (class 0): 76.4940%
2025-12-26 21:14:34,963 | INFO     | stage1_bias_analysis.py:main:561 |    Test Male (class 1):   61.2823%
2025-12-26 21:14:34,994 | INFO     | stage1_bias_analysis.py:main:572 | 
--- Activation Statistics (After Projection) ---
2025-12-26 21:14:34,995 | INFO     | stage1_bias_analysis.py:main:573 | Train activations (projected) shape: (24128, 64)
2025-12-26 21:14:35,027 | INFO     | stage1_bias_analysis.py:main:574 | Train activations (projected) - Mean: -0.000000, Std: 0.000034
2025-12-26 21:14:35,028 | INFO     | stage1_bias_analysis.py:main:575 | Train activations (projected) - L2 norm: 0.041661
2025-12-26 21:14:35,028 | INFO     | stage1_bias_analysis.py:main:576 | Test activations (projected) shape: (6032, 64)
2025-12-26 21:14:35,028 | INFO     | stage1_bias_analysis.py:main:577 | Test activations (projected) - L2 norm: 0.020551
2025-12-26 21:14:35,045 | INFO     | stage1_bias_analysis.py:main:584 | Train activation norm change: 220.670792 -> 0.041661 (-99.98%)
2025-12-26 21:14:35,045 | INFO     | stage1_bias_analysis.py:main:585 | Test activation norm change: 110.669044 -> 0.020551 (-99.98%)
2025-12-26 21:14:35,045 | INFO     | stage1_bias_analysis.py:main:586 | ================================================================================
2025-12-26 21:14:35,073 | INFO     | stage1_bias_analysis.py:main:595 | Gender SVM Accuracy (After Projection):
2025-12-26 21:14:35,073 | INFO     | stage1_bias_analysis.py:main:596 |    Train: 56.1920%
2025-12-26 21:14:35,073 | INFO     | stage1_bias_analysis.py:main:597 |    Test:  55.6863% (Should be ~50% if successful)
2025-12-26 21:14:35,073 | INFO     | stage1_bias_analysis.py:main:598 |    Test Female (class 0): 25.9462%
2025-12-26 21:14:35,073 | INFO     | stage1_bias_analysis.py:main:599 |    Test Male (class 1):   70.5268%
2025-12-26 21:14:35,073 | INFO     | stage1_bias_analysis.py:main:604 | 
--- APPLYING WEIGHT SURGERY ---
2025-12-26 21:14:35,073 | INFO     | inlp_core.py:perform_weight_surgery:93 | 
--- Performing Weight Surgery ---
2025-12-26 21:14:35,146 | INFO     | inlp_core.py:perform_weight_surgery:102 | W_old shape: torch.Size([1, 64]), norm: 1.889688
2025-12-26 21:14:35,146 | INFO     | inlp_core.py:perform_weight_surgery:103 | P_tensor shape: torch.Size([64, 64]), norm: 7.745967
2025-12-26 21:14:35,147 | INFO     | inlp_core.py:perform_weight_surgery:104 | P_tensor symmetry error: 2.06e-11
2025-12-26 21:14:35,206 | INFO     | inlp_core.py:perform_weight_surgery:117 | Weights updated successfully. W_new shape: torch.Size([1, 64]), norm: 0.003492
2025-12-26 21:14:35,206 | INFO     | inlp_core.py:perform_weight_surgery:118 | Weight change magnitude: 1.889685
2025-12-26 21:14:35,207 | INFO     | inlp_core.py:perform_weight_surgery:138 | Bias updated to account for data centering.
2025-12-26 21:14:35,207 | INFO     | inlp_core.py:perform_weight_surgery:139 |   Bias correction magnitude: 0.000002, Bias norm: 0.006265 -> 0.006267
2025-12-26 21:14:35,209 | INFO     | stage1_bias_analysis.py:main:610 | Repaired Model saved to: /home/arjun/remote_github/Fairness_Testing/Fairness_Neuron_Repair/ml_models/adult/adult__nn_stage1_inlp_repaired__20251226_21_11_23.pth
2025-12-26 21:14:35,209 | INFO     | stage1_bias_analysis.py:main:615 | 
--- FINAL EVALUATION (After Surgery) ---
2025-12-26 21:14:35,214 | INFO     | stage1_bias_analysis.py:main:628 | Final Income Accuracy: 75.1160%
2025-12-26 21:14:35,214 | INFO     | stage1_bias_analysis.py:main:629 | Accuracy Drop: 7.8912%
2025-12-26 21:14:35,215 | INFO     | stage1_bias_analysis.py:main:638 | Final Accuracy (Class 0): 100.0000% (4531 samples)
2025-12-26 21:14:35,215 | INFO     | stage1_bias_analysis.py:main:641 | Final Accuracy (Class 1): 0.0000% (1501 samples)
2025-12-26 21:14:35,239 | INFO     | preprocess.py:patch_test_categories:188 | Column native-country has 2 categories in training data that are missing in test data
2025-12-26 21:14:35,266 | INFO     | preprocess.py:patch_test_categories:202 | Added 2 dummy rows to test data for categories missing in test set
2025-12-26 21:14:35,266 | INFO     | preprocess.py:patch_test_categories:204 |   - native-country: 2 categories
2025-12-26 21:14:35,276 | INFO     | preprocess.py:patch_test_categories:188 | Column native-country has 2 categories in training data that are missing in test data
2025-12-26 21:14:35,278 | INFO     | preprocess.py:patch_test_categories:202 | Added 2 dummy rows to test data for categories missing in test set
2025-12-26 21:14:35,278 | INFO     | preprocess.py:patch_test_categories:204 |   - native-country: 2 categories
2025-12-26 21:14:35,732 | INFO     | stage1_bias_analysis.py:main:650 | Final Counterfactual Discrimination: 0/6032 (0.00%)
2025-12-26 21:14:35,733 | INFO     | stage1_bias_analysis.py:main:658 | Final AOD: 0.000000
2025-12-26 21:14:35,733 | INFO     | stage1_bias_analysis.py:main:659 | Final EOD: 0.000000
2025-12-26 21:14:35,733 | INFO     | stage1_bias_analysis.py:main:680 | 
Improvement Ratios:
2025-12-26 21:14:35,733 | INFO     | stage1_bias_analysis.py:main:682 |   Accuracy Change Ratio: 9.51%
2025-12-26 21:14:35,733 | INFO     | stage1_bias_analysis.py:main:687 |   Discrimination Change Ratio: 100.00%
2025-12-26 21:14:35,733 | INFO     | stage1_bias_analysis.py:main:697 | 
================================================================================
2025-12-26 21:14:35,733 | INFO     | stage1_bias_analysis.py:main:698 | SUMMARY (Requested Ordering)
2025-12-26 21:14:35,733 | INFO     | stage1_bias_analysis.py:main:699 | Before fix:
2025-12-26 21:14:35,733 | INFO     | stage1_bias_analysis.py:main:700 |   Accuracy: 83.0073%
2025-12-26 21:14:35,733 | INFO     | stage1_bias_analysis.py:main:701 |   Classwise Accuracy (Class 0): 83.3591%
2025-12-26 21:14:35,733 | INFO     | stage1_bias_analysis.py:main:702 |   Classwise Accuracy (Class 1): 81.9454%
2025-12-26 21:14:35,733 | INFO     | stage1_bias_analysis.py:main:703 |   Avg Prob (Pred Class 0): 0.128873
2025-12-26 21:14:35,733 | INFO     | stage1_bias_analysis.py:main:704 |   Avg Prob (Pred Class 1): 0.768778
2025-12-26 21:14:35,733 | INFO     | stage1_bias_analysis.py:main:705 |   SVM Accuracy (Gender) Test: 66.3462%
2025-12-26 21:14:35,733 | INFO     | stage1_bias_analysis.py:main:706 |   SVM Classwise Accuracy (Female): 76.4940%
2025-12-26 21:14:35,734 | INFO     | stage1_bias_analysis.py:main:707 |   SVM Classwise Accuracy (Male):   61.2823%
2025-12-26 21:14:35,734 | INFO     | stage1_bias_analysis.py:main:708 |   Counterfactual Fairness (Discrimination %): 10.16%
2025-12-26 21:14:35,734 | INFO     | stage1_bias_analysis.py:main:709 |   AOD: 0.130832
2025-12-26 21:14:35,734 | INFO     | stage1_bias_analysis.py:main:710 |   EOD: 0.088828
2025-12-26 21:14:35,734 | INFO     | stage1_bias_analysis.py:main:712 | After fix:
2025-12-26 21:14:35,734 | INFO     | stage1_bias_analysis.py:main:713 |   Accuracy: 75.1160%
2025-12-26 21:14:35,734 | INFO     | stage1_bias_analysis.py:main:714 |   Classwise Accuracy (Class 0): 100.0000%
2025-12-26 21:14:35,734 | INFO     | stage1_bias_analysis.py:main:715 |   Classwise Accuracy (Class 1): 0.0000%
2025-12-26 21:14:35,734 | INFO     | stage1_bias_analysis.py:main:716 |   Avg Prob (Pred Class 0): 0.498434
2025-12-26 21:14:35,734 | INFO     | stage1_bias_analysis.py:main:717 |   Avg Prob (Pred Class 1): N/A
2025-12-26 21:14:35,734 | INFO     | stage1_bias_analysis.py:main:718 |   SVM Accuracy (Gender) Test: 55.6863%
2025-12-26 21:14:35,734 | INFO     | stage1_bias_analysis.py:main:719 |   SVM Classwise Accuracy (Female): 25.9462%
2025-12-26 21:14:35,734 | INFO     | stage1_bias_analysis.py:main:720 |   SVM Classwise Accuracy (Male):   70.5268%
2025-12-26 21:14:35,734 | INFO     | stage1_bias_analysis.py:main:721 |   Counterfactual Fairness (Discrimination %): 0.00%
2025-12-26 21:14:35,734 | INFO     | stage1_bias_analysis.py:main:722 |   AOD: 0.000000
2025-12-26 21:14:35,734 | INFO     | stage1_bias_analysis.py:main:723 |   EOD: 0.000000
2025-12-26 21:14:35,734 | INFO     | stage1_bias_analysis.py:main:725 | Change before and after fix:
2025-12-26 21:14:35,734 | INFO     | stage1_bias_analysis.py:main:726 |   Accuracy (% change): -9.51%
2025-12-26 21:14:35,734 | INFO     | stage1_bias_analysis.py:main:727 |   Class 0 Accuracy (% change): 19.96%
2025-12-26 21:14:35,734 | INFO     | stage1_bias_analysis.py:main:728 |   Class 1 Accuracy (% change): -100.00%
2025-12-26 21:14:35,734 | INFO     | stage1_bias_analysis.py:main:729 |   Avg Prob (Pred Class 0) (% change): 286.76%
2025-12-26 21:14:35,734 | INFO     | stage1_bias_analysis.py:main:730 |   Avg Prob (Pred Class 1) (% change): N/A
2025-12-26 21:14:35,734 | INFO     | stage1_bias_analysis.py:main:731 |   SVM Accuracy (% change): -16.07%
2025-12-26 21:14:35,734 | INFO     | stage1_bias_analysis.py:main:732 |   SVM Female (% change): -66.08%
2025-12-26 21:14:35,735 | INFO     | stage1_bias_analysis.py:main:733 |   SVM Male (% change):   15.09%
2025-12-26 21:14:35,735 | INFO     | stage1_bias_analysis.py:main:734 |   Counterfactual Fairness (Discrimination %) (% change): -100.00%
2025-12-26 21:14:35,735 | INFO     | stage1_bias_analysis.py:main:735 |   AOD (% change): -100.00%
2025-12-26 21:14:35,735 | INFO     | stage1_bias_analysis.py:main:736 |   EOD (% change): -100.00%
2025-12-26 21:14:35,735 | INFO     | stage1_bias_analysis.py:main:737 | ================================================================================
2025-12-26 21:14:35,735 | INFO     | stage1_bias_analysis.py:main:779 | Process end time: 2025-12-26 21:14:35
2025-12-26 21:14:35,735 | INFO     | stage1_bias_analysis.py:main:780 | Total execution time: 3 minutes 11 seconds (191.81 seconds)
2025-12-26 21:14:35,735 | INFO     | stage1_bias_analysis.py:main:781 | ================================================================================
