2025-12-20 18:27:35,857 | INFO     | logger_utils.py:init_logger:48 | Log file created at Fairness_Neuron_Repair/logs/stage1_bias_analysis_20251220_18_27.log. Console will show WARNING level messages and above (default).
2025-12-20 18:27:35,857 | INFO     | stage1_bias_analysis.py:main:365 | STAGE 1: BIAS ANALYSIS AND INLP REPAIR
2025-12-20 18:27:35,857 | INFO     | stage1_bias_analysis.py:main:366 | Process start time: 2025-12-20 18:27:35
2025-12-20 18:27:35,899 | INFO     | preprocess.py:preprocess_data_for_ml_models:99 | Preprocessing data for ML Network training
2025-12-20 18:27:35,899 | INFO     | preprocess.py:preprocess_data_for_ml_models:100 | Loading pre-split train/test data created by download_split_dataset_router
2025-12-20 18:27:35,936 | INFO     | preprocess.py:preprocess_data_for_ml_models:115 | Data loaded - Train: 24128, Test: 6032
2025-12-20 18:27:35,939 | INFO     | preprocess.py:preprocess_data_for_ml_models:131 | Initializing and fitting HyperTransformer on training features...
2025-12-20 18:27:36,280 | INFO     | preprocess.py:preprocess_data_for_ml_models:134 | HyperTransformer fitted successfully on training features
2025-12-20 18:27:36,285 | INFO     | preprocess.py:preprocess_data_for_ml_models:141 | HyperTransformer saved to: Fairness_Neuron_Repair/ml_models/adult/adult_train_hypertransformer.pkl
2025-12-20 18:27:36,285 | INFO     | preprocess.py:preprocess_data_for_ml_models:143 | Skipping sensitive attribute balancing for Fader Network to ensure consistent comparison with ML models.
2025-12-20 18:27:36,285 | INFO     | preprocess.py:preprocess_data_for_ml_models:144 | X_train length: 24128, column headers (original distribution): Index(['age', 'workclass', 'education', 'marital-status', 'occupation',
       'relationship', 'race', 'sex', 'capital-gain', 'capital-loss',
       'hours-per-week', 'native-country'],
      dtype='object')
2025-12-20 18:27:36,285 | INFO     | preprocess.py:preprocess_data_for_ml_models:147 | Loading existing HyperTransformer from ML training stage...
2025-12-20 18:27:36,292 | INFO     | preprocess.py:load_hypertransformer:44 | Successfully loaded HyperTransformer from: Fairness_Neuron_Repair/ml_models/adult/adult_train_hypertransformer.pkl
2025-12-20 18:27:36,293 | INFO     | preprocess.py:preprocess_data_for_ml_models:149 | Successfully loaded pre-trained HyperTransformer - no retraining needed
2025-12-20 18:27:36,303 | INFO     | preprocess.py:patch_test_categories:188 | Column native-country has 2 categories in training data that are missing in test data
2025-12-20 18:27:36,306 | INFO     | preprocess.py:patch_test_categories:202 | Added 2 dummy rows to test data for categories missing in test set
2025-12-20 18:27:36,306 | INFO     | preprocess.py:patch_test_categories:204 |   - native-country: 2 categories
2025-12-20 18:27:36,584 | INFO     | preprocess.py:preprocess_data_for_ml_models:165 | X_train_transformed column headers: Index(['age', 'workclass.value0', 'workclass.value1', 'workclass.value2',
       'workclass.value3', 'workclass.value4', 'workclass.value5',
       'workclass.value6', 'education.value0', 'education.value1',
       ...
       'native-country.value31', 'native-country.value32',
       'native-country.value33', 'native-country.value34',
       'native-country.value35', 'native-country.value36',
       'native-country.value37', 'native-country.value38',
       'native-country.value39', 'native-country.value40'],
      dtype='object', length=102)
2025-12-20 18:27:36,783 | INFO     | stage1_bias_analysis.py:main:396 | Training data: 24128 samples
2025-12-20 18:27:36,803 | INFO     | stage1_bias_analysis.py:main:397 | Gender distribution (Train): {'Male': 16355, 'Female': 7773}
2025-12-20 18:27:36,805 | INFO     | stage1_bias_analysis.py:main:429 | 
Data split: 20509 training samples, 3619 validation samples
2025-12-20 18:27:36,805 | INFO     | stage1_bias_analysis.py:main:430 | Created DataLoaders: 81 train batches, 15 val batches (batch_size=256)
2025-12-20 18:27:36,811 | INFO     | stage1_bias_analysis.py:main:436 | Class distribution: Class 0=18122, Class 1=6006, pos_weight=3.0173
2025-12-20 18:27:37,967 | INFO     | stage1_bias_analysis.py:main:443 | 
Training neural network (Baseline) with early stopping...
2025-12-20 18:27:38,623 | INFO     | stage1_bias_analysis.py:train_model:145 | Epoch   0 | Train Loss: 0.823578 | Val Loss: 0.634620
2025-12-20 18:27:39,070 | INFO     | stage1_bias_analysis.py:train_model:154 | Epoch   1 | New best validation loss: 0.609347
2025-12-20 18:27:39,515 | INFO     | stage1_bias_analysis.py:train_model:154 | Epoch   2 | New best validation loss: 0.591756
2025-12-20 18:27:39,962 | INFO     | stage1_bias_analysis.py:train_model:154 | Epoch   3 | New best validation loss: 0.580360
2025-12-20 18:27:40,406 | INFO     | stage1_bias_analysis.py:train_model:154 | Epoch   4 | New best validation loss: 0.573940
2025-12-20 18:27:42,324 | INFO     | stage1_bias_analysis.py:train_model:154 | Epoch   8 | New best validation loss: 0.567256
2025-12-20 18:27:42,772 | INFO     | stage1_bias_analysis.py:train_model:154 | Epoch   9 | New best validation loss: 0.565494
2025-12-20 18:27:45,008 | INFO     | stage1_bias_analysis.py:train_model:154 | Epoch  14 | New best validation loss: 0.563665
2025-12-20 18:27:45,904 | INFO     | stage1_bias_analysis.py:train_model:154 | Epoch  16 | New best validation loss: 0.560956
2025-12-20 18:27:47,843 | INFO     | stage1_bias_analysis.py:train_model:145 | Epoch  20 | Train Loss: 0.566496 | Val Loss: 0.562861
2025-12-20 18:27:51,433 | INFO     | stage1_bias_analysis.py:train_model:154 | Epoch  28 | New best validation loss: 0.560429
2025-12-20 18:27:53,370 | INFO     | stage1_bias_analysis.py:train_model:154 | Epoch  32 | New best validation loss: 0.559564
2025-12-20 18:27:54,719 | INFO     | stage1_bias_analysis.py:train_model:154 | Epoch  35 | New best validation loss: 0.559004
2025-12-20 18:27:55,171 | INFO     | stage1_bias_analysis.py:train_model:154 | Epoch  36 | New best validation loss: 0.558928
2025-12-20 18:27:56,972 | INFO     | stage1_bias_analysis.py:train_model:145 | Epoch  40 | Train Loss: 0.558998 | Val Loss: 0.561794
2025-12-20 18:28:00,262 | INFO     | stage1_bias_analysis.py:train_model:154 | Epoch  47 | New best validation loss: 0.558086
2025-12-20 18:28:05,329 | INFO     | stage1_bias_analysis.py:train_model:154 | Epoch  58 | New best validation loss: 0.557196
2025-12-20 18:28:06,233 | INFO     | stage1_bias_analysis.py:train_model:145 | Epoch  60 | Train Loss: 0.554798 | Val Loss: 0.568075
2025-12-20 18:28:09,387 | INFO     | stage1_bias_analysis.py:train_model:154 | Epoch  67 | New best validation loss: 0.556622
2025-12-20 18:28:15,400 | INFO     | stage1_bias_analysis.py:train_model:145 | Epoch  80 | Train Loss: 0.559032 | Val Loss: 0.579329
2025-12-20 18:28:21,406 | INFO     | stage1_bias_analysis.py:train_model:154 | Epoch  93 | New best validation loss: 0.556434
2025-12-20 18:28:24,684 | INFO     | stage1_bias_analysis.py:train_model:145 | Epoch 100 | Train Loss: 0.551096 | Val Loss: 0.556731
2025-12-20 18:28:28,303 | INFO     | stage1_bias_analysis.py:train_model:154 | Epoch 108 | New best validation loss: 0.555198
2025-12-20 18:28:28,755 | INFO     | stage1_bias_analysis.py:train_model:154 | Epoch 109 | New best validation loss: 0.555136
2025-12-20 18:28:33,862 | INFO     | stage1_bias_analysis.py:train_model:145 | Epoch 120 | Train Loss: 0.551132 | Val Loss: 0.558089
2025-12-20 18:28:39,860 | INFO     | stage1_bias_analysis.py:train_model:154 | Epoch 133 | New best validation loss: 0.554352
2025-12-20 18:28:43,139 | INFO     | stage1_bias_analysis.py:train_model:145 | Epoch 140 | Train Loss: 0.553941 | Val Loss: 0.562914
2025-12-20 18:28:52,334 | INFO     | stage1_bias_analysis.py:train_model:145 | Epoch 160 | Train Loss: 0.545665 | Val Loss: 0.569978
2025-12-20 18:28:57,889 | INFO     | stage1_bias_analysis.py:train_model:154 | Epoch 172 | New best validation loss: 0.554287
2025-12-20 18:29:01,624 | INFO     | stage1_bias_analysis.py:train_model:145 | Epoch 180 | Train Loss: 0.547694 | Val Loss: 0.560483
2025-12-20 18:29:06,750 | INFO     | stage1_bias_analysis.py:train_model:154 | Epoch 191 | New best validation loss: 0.553606
2025-12-20 18:29:10,840 | INFO     | stage1_bias_analysis.py:train_model:145 | Epoch 200 | Train Loss: 0.547296 | Val Loss: 0.563607
2025-12-20 18:29:19,729 | INFO     | stage1_bias_analysis.py:train_model:154 | Epoch 219 | New best validation loss: 0.552887
2025-12-20 18:29:20,190 | INFO     | stage1_bias_analysis.py:train_model:145 | Epoch 220 | Train Loss: 0.547626 | Val Loss: 0.555645
2025-12-20 18:29:29,409 | INFO     | stage1_bias_analysis.py:train_model:145 | Epoch 240 | Train Loss: 0.547587 | Val Loss: 0.556373
2025-12-20 18:29:38,778 | INFO     | stage1_bias_analysis.py:train_model:145 | Epoch 260 | Train Loss: 0.549455 | Val Loss: 0.563493
2025-12-20 18:29:43,001 | INFO     | stage1_bias_analysis.py:train_model:160 | Early stopping triggered at epoch 269. No improvement for 50 epochs.
2025-12-20 18:29:43,001 | INFO     | stage1_bias_analysis.py:train_model:161 | Best validation loss: 0.552887 at epoch 219
2025-12-20 18:29:43,002 | INFO     | stage1_bias_analysis.py:train_model:167 | Restored best model with validation loss: 0.552887
2025-12-20 18:29:43,002 | INFO     | stage1_bias_analysis.py:main:449 | Training completed. Best validation loss: 0.552887
2025-12-20 18:29:43,003 | INFO     | stage1_bias_analysis.py:main:454 | Original Model saved to: /home/arjun/remote_github/Fairness_Testing/Fairness_Neuron_Repair/ml_models/adult/adult__nn_stage1_original__20251220_18_27.pth
2025-12-20 18:29:43,004 | INFO     | stage1_bias_analysis.py:main:459 | 
--- BASELINE EVALUATION (Before Surgery) ---
2025-12-20 18:29:43,010 | INFO     | stage1_bias_analysis.py:main:475 | Baseline Income Accuracy: 82.1618%
2025-12-20 18:29:43,011 | INFO     | stage1_bias_analysis.py:main:484 | Baseline Accuracy (Class 0): 80.9755% (4531 samples)
2025-12-20 18:29:43,012 | INFO     | stage1_bias_analysis.py:main:487 | Baseline Accuracy (Class 1): 85.7428% (1501 samples)
2025-12-20 18:29:43,029 | INFO     | preprocess.py:patch_test_categories:188 | Column native-country has 2 categories in training data that are missing in test data
2025-12-20 18:29:43,032 | INFO     | preprocess.py:patch_test_categories:202 | Added 2 dummy rows to test data for categories missing in test set
2025-12-20 18:29:43,032 | INFO     | preprocess.py:patch_test_categories:204 |   - native-country: 2 categories
2025-12-20 18:29:43,042 | INFO     | preprocess.py:patch_test_categories:188 | Column native-country has 2 categories in training data that are missing in test data
2025-12-20 18:29:43,045 | INFO     | preprocess.py:patch_test_categories:202 | Added 2 dummy rows to test data for categories missing in test set
2025-12-20 18:29:43,045 | INFO     | preprocess.py:patch_test_categories:204 |   - native-country: 2 categories
2025-12-20 18:29:43,332 | INFO     | stage1_bias_analysis.py:main:498 | Baseline Counterfactual Discrimination: 597/6032 (9.90%)
2025-12-20 18:29:43,333 | INFO     | stage1_bias_analysis.py:main:507 | Baseline AOD: 0.141299
2025-12-20 18:29:43,333 | INFO     | stage1_bias_analysis.py:main:508 | Baseline EOD: 0.089206
2025-12-20 18:29:43,333 | INFO     | stage1_bias_analysis.py:main:513 | 
--- STARTING INLP PROCESS ---
2025-12-20 18:29:43,333 | INFO     | stage1_bias_analysis.py:main:516 | Extracting raw activations from layer 3...
2025-12-20 18:29:43,452 | INFO     | stage1_bias_analysis.py:main:521 | 
--- Activation Statistics (Before Projection) ---
2025-12-20 18:29:43,453 | INFO     | stage1_bias_analysis.py:main:522 | Train activations shape: (24128, 64)
2025-12-20 18:29:43,456 | INFO     | stage1_bias_analysis.py:main:523 | Train activations - Mean: 0.212743, Std: 0.229075
2025-12-20 18:29:43,456 | INFO     | stage1_bias_analysis.py:main:524 | Train activations - L2 norm: 388.486084
2025-12-20 18:29:43,456 | INFO     | stage1_bias_analysis.py:main:525 | Train activations - Min: 0.000000, Max: 1.659448
2025-12-20 18:29:43,456 | INFO     | stage1_bias_analysis.py:main:526 | Test activations shape: (6032, 64)
2025-12-20 18:29:43,457 | INFO     | stage1_bias_analysis.py:main:527 | Test activations - Mean: 0.213526, Std: 0.231415
2025-12-20 18:29:43,457 | INFO     | stage1_bias_analysis.py:main:528 | Test activations - L2 norm: 195.640381
2025-12-20 18:29:43,457 | INFO     | stage1_bias_analysis.py:main:529 | ================================================================================
2025-12-20 18:29:43,461 | INFO     | stage1_bias_analysis.py:main:542 | Computing Projection Matrix (P) and Training Gender SVM...
2025-12-20 18:29:43,461 | INFO     | stage1_bias_analysis.py:main:543 | Using same validation set as NN training: 20509 train, 3619 val
2025-12-20 18:29:43,462 | INFO     | inlp_core.py:get_projection_and_svm:19 | Training Initial Gender Detector (SVM)...
2025-12-20 18:29:43,581 | INFO     | inlp_core.py:get_projection_and_svm:31 | Using validation set: 20509 train, 3619 val
2025-12-20 18:29:43,581 | INFO     | inlp_core.py:get_projection_and_svm:33 | Starting INLP (n_iter=2, alpha=1.0)...
2025-12-20 18:29:43,696 | INFO     | inlp_core.py:get_projection_and_svm:42 | Iter 1: SVM Acc = 0.6538
2025-12-20 18:29:43,800 | INFO     | inlp_core.py:get_projection_and_svm:42 | Iter 2: SVM Acc = 0.6529
2025-12-20 18:29:43,808 | INFO     | inlp_core.py:get_projection_and_svm:78 | 
--- Projection Matrix Analysis ---
2025-12-20 18:29:43,809 | INFO     | inlp_core.py:get_projection_and_svm:81 | Projection matrix rank: 62/64
2025-12-20 18:29:43,809 | INFO     | inlp_core.py:get_projection_and_svm:82 | ==================================================
2025-12-20 18:29:43,815 | INFO     | stage1_bias_analysis.py:main:552 | 
--- EVALUATING GENDER INFORMATION (SVM) ---
2025-12-20 18:29:43,842 | INFO     | stage1_bias_analysis.py:main:563 | Gender SVM Accuracy (Before Projection):
2025-12-20 18:29:43,842 | INFO     | stage1_bias_analysis.py:main:564 |    Train: 67.3201%
2025-12-20 18:29:43,842 | INFO     | stage1_bias_analysis.py:main:565 |    Test:  66.0643% (Indicates bias presence)
2025-12-20 18:29:43,842 | INFO     | stage1_bias_analysis.py:main:566 |    Test Female (class 0): 77.4900%
2025-12-20 18:29:43,842 | INFO     | stage1_bias_analysis.py:main:567 |    Test Male (class 1):   60.3628%
2025-12-20 18:29:43,858 | INFO     | stage1_bias_analysis.py:main:578 | 
--- Activation Statistics (After Projection) ---
2025-12-20 18:29:43,858 | INFO     | stage1_bias_analysis.py:main:579 | Train activations (projected) shape: (24128, 64)
2025-12-20 18:29:43,873 | INFO     | stage1_bias_analysis.py:main:580 | Train activations (projected) - Mean: 0.000050, Std: 0.115806
2025-12-20 18:29:43,874 | INFO     | stage1_bias_analysis.py:main:581 | Train activations (projected) - L2 norm: 143.907247
2025-12-20 18:29:43,874 | INFO     | stage1_bias_analysis.py:main:582 | Test activations (projected) shape: (6032, 64)
2025-12-20 18:29:43,874 | INFO     | stage1_bias_analysis.py:main:583 | Test activations (projected) - L2 norm: 72.644485
2025-12-20 18:29:43,878 | INFO     | stage1_bias_analysis.py:main:590 | Train activation norm change: 222.900360 -> 143.907247 (-35.44%)
2025-12-20 18:29:43,878 | INFO     | stage1_bias_analysis.py:main:591 | Test activation norm change: 111.859528 -> 72.644485 (-35.06%)
2025-12-20 18:29:43,878 | INFO     | stage1_bias_analysis.py:main:592 | ================================================================================
2025-12-20 18:29:43,890 | INFO     | stage1_bias_analysis.py:main:601 | Gender SVM Accuracy (After Projection):
2025-12-20 18:29:43,890 | INFO     | stage1_bias_analysis.py:main:602 |    Train: 32.6592%
2025-12-20 18:29:43,890 | INFO     | stage1_bias_analysis.py:main:603 |    Test:  33.9357% (Should be ~50% if successful)
2025-12-20 18:29:43,890 | INFO     | stage1_bias_analysis.py:main:604 |    Test Female (class 0): 22.7092%
2025-12-20 18:29:43,890 | INFO     | stage1_bias_analysis.py:main:605 |    Test Male (class 1):   39.5378%
2025-12-20 18:29:43,890 | INFO     | stage1_bias_analysis.py:main:610 | 
--- APPLYING WEIGHT SURGERY ---
2025-12-20 18:29:43,890 | INFO     | inlp_core.py:perform_weight_surgery:96 | 
--- Performing Weight Surgery ---
2025-12-20 18:29:43,927 | INFO     | inlp_core.py:perform_weight_surgery:105 | W_old shape: torch.Size([1, 64]), norm: 1.914898
2025-12-20 18:29:43,928 | INFO     | inlp_core.py:perform_weight_surgery:106 | P_tensor shape: torch.Size([64, 64]), norm: 7.874008
2025-12-20 18:29:43,928 | INFO     | inlp_core.py:perform_weight_surgery:107 | P_tensor symmetry error: 0.00e+00
2025-12-20 18:29:43,965 | INFO     | inlp_core.py:perform_weight_surgery:120 | Weights updated successfully. W_new shape: torch.Size([1, 64]), norm: 0.964806
2025-12-20 18:29:43,965 | INFO     | inlp_core.py:perform_weight_surgery:121 | Weight change magnitude: 1.654081
2025-12-20 18:29:43,967 | INFO     | inlp_core.py:perform_weight_surgery:142 | Bias updated to account for data centering.
2025-12-20 18:29:43,968 | INFO     | inlp_core.py:perform_weight_surgery:143 |   Bias correction magnitude: 1.921379, Bias norm: 0.002676 -> 1.918703
2025-12-20 18:29:43,974 | INFO     | stage1_bias_analysis.py:main:616 | Repaired Model saved to: /home/arjun/remote_github/Fairness_Testing/Fairness_Neuron_Repair/ml_models/adult/adult__nn_stage1_inlp_repaired__20251220_18_27.pth
2025-12-20 18:29:43,974 | INFO     | stage1_bias_analysis.py:main:621 | 
--- FINAL EVALUATION (After Surgery) ---
2025-12-20 18:29:43,984 | INFO     | stage1_bias_analysis.py:main:634 | Final Income Accuracy: 69.2971%
2025-12-20 18:29:43,984 | INFO     | stage1_bias_analysis.py:main:635 | Accuracy Drop: 12.8647%
2025-12-20 18:29:43,986 | INFO     | stage1_bias_analysis.py:main:644 | Final Accuracy (Class 0): 59.8985% (4531 samples)
2025-12-20 18:29:43,987 | INFO     | stage1_bias_analysis.py:main:647 | Final Accuracy (Class 1): 97.6682% (1501 samples)
2025-12-20 18:29:44,009 | INFO     | preprocess.py:patch_test_categories:188 | Column native-country has 2 categories in training data that are missing in test data
2025-12-20 18:29:44,012 | INFO     | preprocess.py:patch_test_categories:202 | Added 2 dummy rows to test data for categories missing in test set
2025-12-20 18:29:44,012 | INFO     | preprocess.py:patch_test_categories:204 |   - native-country: 2 categories
2025-12-20 18:29:44,022 | INFO     | preprocess.py:patch_test_categories:188 | Column native-country has 2 categories in training data that are missing in test data
2025-12-20 18:29:44,025 | INFO     | preprocess.py:patch_test_categories:202 | Added 2 dummy rows to test data for categories missing in test set
2025-12-20 18:29:44,025 | INFO     | preprocess.py:patch_test_categories:204 |   - native-country: 2 categories
2025-12-20 18:29:44,311 | INFO     | stage1_bias_analysis.py:main:656 | Final Counterfactual Discrimination: 507/6032 (8.41%)
2025-12-20 18:29:44,311 | INFO     | stage1_bias_analysis.py:main:664 | Final AOD: 0.184875
2025-12-20 18:29:44,311 | INFO     | stage1_bias_analysis.py:main:665 | Final EOD: 0.056867
2025-12-20 18:29:44,311 | INFO     | stage1_bias_analysis.py:main:686 | 
Improvement Ratios:
2025-12-20 18:29:44,311 | INFO     | stage1_bias_analysis.py:main:688 |   Accuracy Change Ratio: 15.66%
2025-12-20 18:29:44,311 | INFO     | stage1_bias_analysis.py:main:693 |   Discrimination Change Ratio: 15.08%
2025-12-20 18:29:44,311 | INFO     | stage1_bias_analysis.py:main:703 | 
================================================================================
2025-12-20 18:29:44,311 | INFO     | stage1_bias_analysis.py:main:704 | SUMMARY (Requested Ordering)
2025-12-20 18:29:44,311 | INFO     | stage1_bias_analysis.py:main:705 | Before fix:
2025-12-20 18:29:44,312 | INFO     | stage1_bias_analysis.py:main:706 |   Accuracy: 82.1618%
2025-12-20 18:29:44,312 | INFO     | stage1_bias_analysis.py:main:707 |   Classwise Accuracy (Class 0): 80.9755%
2025-12-20 18:29:44,332 | INFO     | stage1_bias_analysis.py:main:708 |   Classwise Accuracy (Class 1): 85.7428%
2025-12-20 18:29:44,332 | INFO     | stage1_bias_analysis.py:main:709 |   Avg Prob (Pred Class 0): 0.129042
2025-12-20 18:29:44,332 | INFO     | stage1_bias_analysis.py:main:710 |   Avg Prob (Pred Class 1): 0.778983
2025-12-20 18:29:44,332 | INFO     | stage1_bias_analysis.py:main:711 |   SVM Accuracy (Gender) Test: 66.0643%
2025-12-20 18:29:44,333 | INFO     | stage1_bias_analysis.py:main:712 |   SVM Classwise Accuracy (Female): 77.4900%
2025-12-20 18:29:44,333 | INFO     | stage1_bias_analysis.py:main:713 |   SVM Classwise Accuracy (Male):   60.3628%
2025-12-20 18:29:44,333 | INFO     | stage1_bias_analysis.py:main:714 |   Counterfactual Fairness (Discrimination %): 9.90%
2025-12-20 18:29:44,333 | INFO     | stage1_bias_analysis.py:main:715 |   AOD: 0.141299
2025-12-20 18:29:44,333 | INFO     | stage1_bias_analysis.py:main:716 |   EOD: 0.089206
2025-12-20 18:29:44,333 | INFO     | stage1_bias_analysis.py:main:718 | After fix:
2025-12-20 18:29:44,333 | INFO     | stage1_bias_analysis.py:main:719 |   Accuracy: 69.2971%
2025-12-20 18:29:44,333 | INFO     | stage1_bias_analysis.py:main:720 |   Classwise Accuracy (Class 0): 59.8985%
2025-12-20 18:29:44,333 | INFO     | stage1_bias_analysis.py:main:721 |   Classwise Accuracy (Class 1): 97.6682%
2025-12-20 18:29:44,333 | INFO     | stage1_bias_analysis.py:main:722 |   Avg Prob (Pred Class 0): 0.328635
2025-12-20 18:29:44,333 | INFO     | stage1_bias_analysis.py:main:723 |   Avg Prob (Pred Class 1): 0.646432
2025-12-20 18:29:44,333 | INFO     | stage1_bias_analysis.py:main:724 |   SVM Accuracy (Gender) Test: 33.9357%
2025-12-20 18:29:44,333 | INFO     | stage1_bias_analysis.py:main:725 |   SVM Classwise Accuracy (Female): 22.7092%
2025-12-20 18:29:44,333 | INFO     | stage1_bias_analysis.py:main:726 |   SVM Classwise Accuracy (Male):   39.5378%
2025-12-20 18:29:44,333 | INFO     | stage1_bias_analysis.py:main:727 |   Counterfactual Fairness (Discrimination %): 8.41%
2025-12-20 18:29:44,333 | INFO     | stage1_bias_analysis.py:main:728 |   AOD: 0.184875
2025-12-20 18:29:44,333 | INFO     | stage1_bias_analysis.py:main:729 |   EOD: 0.056867
2025-12-20 18:29:44,333 | INFO     | stage1_bias_analysis.py:main:731 | Change before and after fix:
2025-12-20 18:29:44,333 | INFO     | stage1_bias_analysis.py:main:732 |   Accuracy (% change): -15.66%
2025-12-20 18:29:44,333 | INFO     | stage1_bias_analysis.py:main:733 |   Class 0 Accuracy (% change): -26.03%
2025-12-20 18:29:44,333 | INFO     | stage1_bias_analysis.py:main:734 |   Class 1 Accuracy (% change): 13.91%
2025-12-20 18:29:44,333 | INFO     | stage1_bias_analysis.py:main:735 |   Avg Prob (Pred Class 0) (% change): 154.67%
2025-12-20 18:29:44,333 | INFO     | stage1_bias_analysis.py:main:736 |   Avg Prob (Pred Class 1) (% change): -17.02%
2025-12-20 18:29:44,333 | INFO     | stage1_bias_analysis.py:main:737 |   SVM Accuracy (% change): -48.63%
2025-12-20 18:29:44,333 | INFO     | stage1_bias_analysis.py:main:738 |   SVM Female (% change): -70.69%
2025-12-20 18:29:44,334 | INFO     | stage1_bias_analysis.py:main:739 |   SVM Male (% change):   -34.50%
2025-12-20 18:29:44,334 | INFO     | stage1_bias_analysis.py:main:740 |   Counterfactual Fairness (Discrimination %) (% change): -15.08%
2025-12-20 18:29:44,334 | INFO     | stage1_bias_analysis.py:main:741 |   AOD (% change): 30.84%
2025-12-20 18:29:44,334 | INFO     | stage1_bias_analysis.py:main:742 |   EOD (% change): -36.25%
2025-12-20 18:29:44,334 | INFO     | stage1_bias_analysis.py:main:743 | ================================================================================
2025-12-20 18:29:44,334 | INFO     | stage1_bias_analysis.py:main:785 | Process end time: 2025-12-20 18:29:44
2025-12-20 18:29:44,334 | INFO     | stage1_bias_analysis.py:main:786 | Total execution time: 2 minutes 8 seconds (128.48 seconds)
2025-12-20 18:29:44,334 | INFO     | stage1_bias_analysis.py:main:787 | ================================================================================
