2025-12-20 18:56:56,542 | INFO     | logger_utils.py:init_logger:48 | Log file created at Fairness_Neuron_Repair/logs/stage1_bias_analysis_20251220_18_56.log. Console will show WARNING level messages and above (default).
2025-12-20 18:56:56,543 | INFO     | stage1_bias_analysis.py:main:365 | STAGE 1: BIAS ANALYSIS AND INLP REPAIR
2025-12-20 18:56:56,543 | INFO     | stage1_bias_analysis.py:main:366 | Process start time: 2025-12-20 18:56:56
2025-12-20 18:56:56,585 | INFO     | preprocess.py:preprocess_data_for_ml_models:99 | Preprocessing data for ML Network training
2025-12-20 18:56:56,585 | INFO     | preprocess.py:preprocess_data_for_ml_models:100 | Loading pre-split train/test data created by download_split_dataset_router
2025-12-20 18:56:56,623 | INFO     | preprocess.py:preprocess_data_for_ml_models:115 | Data loaded - Train: 24128, Test: 6032
2025-12-20 18:56:56,626 | INFO     | preprocess.py:preprocess_data_for_ml_models:131 | Initializing and fitting HyperTransformer on training features...
2025-12-20 18:56:56,947 | INFO     | preprocess.py:preprocess_data_for_ml_models:134 | HyperTransformer fitted successfully on training features
2025-12-20 18:56:56,952 | INFO     | preprocess.py:preprocess_data_for_ml_models:141 | HyperTransformer saved to: Fairness_Neuron_Repair/ml_models/adult/adult_train_hypertransformer.pkl
2025-12-20 18:56:56,952 | INFO     | preprocess.py:preprocess_data_for_ml_models:143 | Skipping sensitive attribute balancing for Fader Network to ensure consistent comparison with ML models.
2025-12-20 18:56:56,953 | INFO     | preprocess.py:preprocess_data_for_ml_models:144 | X_train length: 24128, column headers (original distribution): Index(['age', 'workclass', 'education', 'marital-status', 'occupation',
       'relationship', 'race', 'sex', 'capital-gain', 'capital-loss',
       'hours-per-week', 'native-country'],
      dtype='object')
2025-12-20 18:56:56,953 | INFO     | preprocess.py:preprocess_data_for_ml_models:147 | Loading existing HyperTransformer from ML training stage...
2025-12-20 18:56:56,959 | INFO     | preprocess.py:load_hypertransformer:44 | Successfully loaded HyperTransformer from: Fairness_Neuron_Repair/ml_models/adult/adult_train_hypertransformer.pkl
2025-12-20 18:56:56,959 | INFO     | preprocess.py:preprocess_data_for_ml_models:149 | Successfully loaded pre-trained HyperTransformer - no retraining needed
2025-12-20 18:56:56,969 | INFO     | preprocess.py:patch_test_categories:188 | Column native-country has 2 categories in training data that are missing in test data
2025-12-20 18:56:56,972 | INFO     | preprocess.py:patch_test_categories:202 | Added 2 dummy rows to test data for categories missing in test set
2025-12-20 18:56:56,972 | INFO     | preprocess.py:patch_test_categories:204 |   - native-country: 2 categories
2025-12-20 18:56:57,247 | INFO     | preprocess.py:preprocess_data_for_ml_models:165 | X_train_transformed column headers: Index(['age', 'workclass.value0', 'workclass.value1', 'workclass.value2',
       'workclass.value3', 'workclass.value4', 'workclass.value5',
       'workclass.value6', 'education.value0', 'education.value1',
       ...
       'native-country.value31', 'native-country.value32',
       'native-country.value33', 'native-country.value34',
       'native-country.value35', 'native-country.value36',
       'native-country.value37', 'native-country.value38',
       'native-country.value39', 'native-country.value40'],
      dtype='object', length=102)
2025-12-20 18:56:57,463 | INFO     | stage1_bias_analysis.py:main:396 | Training data: 24128 samples
2025-12-20 18:56:57,465 | INFO     | stage1_bias_analysis.py:main:397 | Gender distribution (Train): {'Male': 16355, 'Female': 7773}
2025-12-20 18:56:57,467 | INFO     | stage1_bias_analysis.py:main:429 | 
Data split: 20509 training samples, 3619 validation samples
2025-12-20 18:56:57,467 | INFO     | stage1_bias_analysis.py:main:430 | Created DataLoaders: 81 train batches, 15 val batches (batch_size=256)
2025-12-20 18:56:57,472 | INFO     | stage1_bias_analysis.py:main:436 | Class distribution: Class 0=18122, Class 1=6006, pos_weight=3.0173
2025-12-20 18:56:58,638 | INFO     | stage1_bias_analysis.py:main:443 | 
Training neural network (Baseline) with early stopping...
2025-12-20 18:56:59,299 | INFO     | stage1_bias_analysis.py:train_model:145 | Epoch   0 | Train Loss: 0.823578 | Val Loss: 0.634620
2025-12-20 18:56:59,745 | INFO     | stage1_bias_analysis.py:train_model:154 | Epoch   1 | New best validation loss: 0.609347
2025-12-20 18:57:00,194 | INFO     | stage1_bias_analysis.py:train_model:154 | Epoch   2 | New best validation loss: 0.591756
2025-12-20 18:57:00,640 | INFO     | stage1_bias_analysis.py:train_model:154 | Epoch   3 | New best validation loss: 0.580360
2025-12-20 18:57:01,086 | INFO     | stage1_bias_analysis.py:train_model:154 | Epoch   4 | New best validation loss: 0.573940
2025-12-20 18:57:03,016 | INFO     | stage1_bias_analysis.py:train_model:154 | Epoch   8 | New best validation loss: 0.567256
2025-12-20 18:57:03,465 | INFO     | stage1_bias_analysis.py:train_model:154 | Epoch   9 | New best validation loss: 0.565494
2025-12-20 18:57:05,703 | INFO     | stage1_bias_analysis.py:train_model:154 | Epoch  14 | New best validation loss: 0.563665
2025-12-20 18:57:06,604 | INFO     | stage1_bias_analysis.py:train_model:154 | Epoch  16 | New best validation loss: 0.560956
2025-12-20 18:57:08,525 | INFO     | stage1_bias_analysis.py:train_model:145 | Epoch  20 | Train Loss: 0.566496 | Val Loss: 0.562861
2025-12-20 18:57:12,114 | INFO     | stage1_bias_analysis.py:train_model:154 | Epoch  28 | New best validation loss: 0.560429
2025-12-20 18:57:14,047 | INFO     | stage1_bias_analysis.py:train_model:154 | Epoch  32 | New best validation loss: 0.559564
2025-12-20 18:57:15,403 | INFO     | stage1_bias_analysis.py:train_model:154 | Epoch  35 | New best validation loss: 0.559004
2025-12-20 18:57:15,853 | INFO     | stage1_bias_analysis.py:train_model:154 | Epoch  36 | New best validation loss: 0.558928
2025-12-20 18:57:17,658 | INFO     | stage1_bias_analysis.py:train_model:145 | Epoch  40 | Train Loss: 0.558998 | Val Loss: 0.561794
2025-12-20 18:57:20,956 | INFO     | stage1_bias_analysis.py:train_model:154 | Epoch  47 | New best validation loss: 0.558086
2025-12-20 18:57:26,056 | INFO     | stage1_bias_analysis.py:train_model:154 | Epoch  58 | New best validation loss: 0.557196
2025-12-20 18:57:26,959 | INFO     | stage1_bias_analysis.py:train_model:145 | Epoch  60 | Train Loss: 0.554798 | Val Loss: 0.568075
2025-12-20 18:57:30,122 | INFO     | stage1_bias_analysis.py:train_model:154 | Epoch  67 | New best validation loss: 0.556622
2025-12-20 18:57:36,133 | INFO     | stage1_bias_analysis.py:train_model:145 | Epoch  80 | Train Loss: 0.559032 | Val Loss: 0.579329
2025-12-20 18:57:42,128 | INFO     | stage1_bias_analysis.py:train_model:154 | Epoch  93 | New best validation loss: 0.556434
2025-12-20 18:57:45,438 | INFO     | stage1_bias_analysis.py:train_model:145 | Epoch 100 | Train Loss: 0.551096 | Val Loss: 0.556731
2025-12-20 18:57:49,063 | INFO     | stage1_bias_analysis.py:train_model:154 | Epoch 108 | New best validation loss: 0.555198
2025-12-20 18:57:49,518 | INFO     | stage1_bias_analysis.py:train_model:154 | Epoch 109 | New best validation loss: 0.555136
2025-12-20 18:57:54,643 | INFO     | stage1_bias_analysis.py:train_model:145 | Epoch 120 | Train Loss: 0.551132 | Val Loss: 0.558089
2025-12-20 18:58:00,658 | INFO     | stage1_bias_analysis.py:train_model:154 | Epoch 133 | New best validation loss: 0.554352
2025-12-20 18:58:03,947 | INFO     | stage1_bias_analysis.py:train_model:145 | Epoch 140 | Train Loss: 0.553941 | Val Loss: 0.562914
2025-12-20 18:58:13,176 | INFO     | stage1_bias_analysis.py:train_model:145 | Epoch 160 | Train Loss: 0.545665 | Val Loss: 0.569978
2025-12-20 18:58:18,743 | INFO     | stage1_bias_analysis.py:train_model:154 | Epoch 172 | New best validation loss: 0.554287
2025-12-20 18:58:22,489 | INFO     | stage1_bias_analysis.py:train_model:145 | Epoch 180 | Train Loss: 0.547694 | Val Loss: 0.560483
2025-12-20 18:58:27,623 | INFO     | stage1_bias_analysis.py:train_model:154 | Epoch 191 | New best validation loss: 0.553606
2025-12-20 18:58:31,718 | INFO     | stage1_bias_analysis.py:train_model:145 | Epoch 200 | Train Loss: 0.547296 | Val Loss: 0.563607
2025-12-20 18:58:40,598 | INFO     | stage1_bias_analysis.py:train_model:154 | Epoch 219 | New best validation loss: 0.552887
2025-12-20 18:58:41,055 | INFO     | stage1_bias_analysis.py:train_model:145 | Epoch 220 | Train Loss: 0.547626 | Val Loss: 0.555645
2025-12-20 18:58:50,304 | INFO     | stage1_bias_analysis.py:train_model:145 | Epoch 240 | Train Loss: 0.547587 | Val Loss: 0.556373
2025-12-20 18:58:59,673 | INFO     | stage1_bias_analysis.py:train_model:145 | Epoch 260 | Train Loss: 0.549455 | Val Loss: 0.563493
2025-12-20 18:59:03,888 | INFO     | stage1_bias_analysis.py:train_model:160 | Early stopping triggered at epoch 269. No improvement for 50 epochs.
2025-12-20 18:59:03,889 | INFO     | stage1_bias_analysis.py:train_model:161 | Best validation loss: 0.552887 at epoch 219
2025-12-20 18:59:03,889 | INFO     | stage1_bias_analysis.py:train_model:167 | Restored best model with validation loss: 0.552887
2025-12-20 18:59:03,889 | INFO     | stage1_bias_analysis.py:main:449 | Training completed. Best validation loss: 0.552887
2025-12-20 18:59:03,891 | INFO     | stage1_bias_analysis.py:main:454 | Original Model saved to: /home/arjun/remote_github/Fairness_Testing/Fairness_Neuron_Repair/ml_models/adult/adult__nn_stage1_original__20251220_18_56.pth
2025-12-20 18:59:03,891 | INFO     | stage1_bias_analysis.py:main:459 | 
--- BASELINE EVALUATION (Before Surgery) ---
2025-12-20 18:59:03,898 | INFO     | stage1_bias_analysis.py:main:475 | Baseline Income Accuracy: 82.1618%
2025-12-20 18:59:03,899 | INFO     | stage1_bias_analysis.py:main:484 | Baseline Accuracy (Class 0): 80.9755% (4531 samples)
2025-12-20 18:59:03,899 | INFO     | stage1_bias_analysis.py:main:487 | Baseline Accuracy (Class 1): 85.7428% (1501 samples)
2025-12-20 18:59:03,917 | INFO     | preprocess.py:patch_test_categories:188 | Column native-country has 2 categories in training data that are missing in test data
2025-12-20 18:59:03,920 | INFO     | preprocess.py:patch_test_categories:202 | Added 2 dummy rows to test data for categories missing in test set
2025-12-20 18:59:03,920 | INFO     | preprocess.py:patch_test_categories:204 |   - native-country: 2 categories
2025-12-20 18:59:03,930 | INFO     | preprocess.py:patch_test_categories:188 | Column native-country has 2 categories in training data that are missing in test data
2025-12-20 18:59:03,932 | INFO     | preprocess.py:patch_test_categories:202 | Added 2 dummy rows to test data for categories missing in test set
2025-12-20 18:59:03,933 | INFO     | preprocess.py:patch_test_categories:204 |   - native-country: 2 categories
2025-12-20 18:59:04,219 | INFO     | stage1_bias_analysis.py:main:498 | Baseline Counterfactual Discrimination: 597/6032 (9.90%)
2025-12-20 18:59:04,219 | INFO     | stage1_bias_analysis.py:main:507 | Baseline AOD: 0.141299
2025-12-20 18:59:04,219 | INFO     | stage1_bias_analysis.py:main:508 | Baseline EOD: 0.089206
2025-12-20 18:59:04,219 | INFO     | stage1_bias_analysis.py:main:513 | 
--- STARTING INLP PROCESS ---
2025-12-20 18:59:04,219 | INFO     | stage1_bias_analysis.py:main:516 | Extracting raw activations from layer 3...
2025-12-20 18:59:04,338 | INFO     | stage1_bias_analysis.py:main:521 | 
--- Activation Statistics (Before Projection) ---
2025-12-20 18:59:04,338 | INFO     | stage1_bias_analysis.py:main:522 | Train activations shape: (24128, 64)
2025-12-20 18:59:04,341 | INFO     | stage1_bias_analysis.py:main:523 | Train activations - Mean: 0.212743, Std: 0.229075
2025-12-20 18:59:04,341 | INFO     | stage1_bias_analysis.py:main:524 | Train activations - L2 norm: 388.486084
2025-12-20 18:59:04,342 | INFO     | stage1_bias_analysis.py:main:525 | Train activations - Min: 0.000000, Max: 1.659448
2025-12-20 18:59:04,342 | INFO     | stage1_bias_analysis.py:main:526 | Test activations shape: (6032, 64)
2025-12-20 18:59:04,342 | INFO     | stage1_bias_analysis.py:main:527 | Test activations - Mean: 0.213526, Std: 0.231415
2025-12-20 18:59:04,343 | INFO     | stage1_bias_analysis.py:main:528 | Test activations - L2 norm: 195.640381
2025-12-20 18:59:04,343 | INFO     | stage1_bias_analysis.py:main:529 | ================================================================================
2025-12-20 18:59:04,346 | INFO     | stage1_bias_analysis.py:main:542 | Computing Projection Matrix (P) and Training Gender SVM...
2025-12-20 18:59:04,346 | INFO     | stage1_bias_analysis.py:main:543 | Using same validation set as NN training: 20509 train, 3619 val
2025-12-20 18:59:04,348 | INFO     | inlp_core.py:get_projection_and_svm:19 | Training Initial Gender Detector (SVM)...
2025-12-20 18:59:04,466 | INFO     | inlp_core.py:get_projection_and_svm:31 | Using validation set: 20509 train, 3619 val
2025-12-20 18:59:04,466 | INFO     | inlp_core.py:get_projection_and_svm:33 | Starting INLP (n_iter=5, alpha=0.8)...
2025-12-20 18:59:04,579 | INFO     | inlp_core.py:get_projection_and_svm:42 | Iter 1: SVM Acc = 0.6538
2025-12-20 18:59:04,684 | INFO     | inlp_core.py:get_projection_and_svm:42 | Iter 2: SVM Acc = 0.6529
2025-12-20 18:59:04,817 | INFO     | inlp_core.py:get_projection_and_svm:42 | Iter 3: SVM Acc = 0.6532
2025-12-20 18:59:04,818 | INFO     | inlp_core.py:get_projection_and_svm:55 | Converged (accuracy plateau: variation < 0.01 over last 3 iterations).
2025-12-20 18:59:04,818 | INFO     | inlp_core.py:get_projection_and_svm:78 | 
--- Projection Matrix Analysis ---
2025-12-20 18:59:04,819 | INFO     | inlp_core.py:get_projection_and_svm:81 | Projection matrix rank: 64/64
2025-12-20 18:59:04,819 | INFO     | inlp_core.py:get_projection_and_svm:82 | ==================================================
2025-12-20 18:59:04,823 | INFO     | stage1_bias_analysis.py:main:552 | 
--- EVALUATING GENDER INFORMATION (SVM) ---
2025-12-20 18:59:04,847 | INFO     | stage1_bias_analysis.py:main:563 | Gender SVM Accuracy (Before Projection):
2025-12-20 18:59:04,848 | INFO     | stage1_bias_analysis.py:main:564 |    Train: 67.3201%
2025-12-20 18:59:04,848 | INFO     | stage1_bias_analysis.py:main:565 |    Test:  66.0643% (Indicates bias presence)
2025-12-20 18:59:04,848 | INFO     | stage1_bias_analysis.py:main:566 |    Test Female (class 0): 77.4900%
2025-12-20 18:59:04,848 | INFO     | stage1_bias_analysis.py:main:567 |    Test Male (class 1):   60.3628%
2025-12-20 18:59:04,869 | INFO     | stage1_bias_analysis.py:main:578 | 
--- Activation Statistics (After Projection) ---
2025-12-20 18:59:04,869 | INFO     | stage1_bias_analysis.py:main:579 | Train activations (projected) shape: (24128, 64)
2025-12-20 18:59:04,878 | INFO     | stage1_bias_analysis.py:main:580 | Train activations (projected) - Mean: 0.000055, Std: 0.118909
2025-12-20 18:59:04,879 | INFO     | stage1_bias_analysis.py:main:581 | Train activations (projected) - L2 norm: 147.763451
2025-12-20 18:59:04,879 | INFO     | stage1_bias_analysis.py:main:582 | Test activations (projected) shape: (6032, 64)
2025-12-20 18:59:04,880 | INFO     | stage1_bias_analysis.py:main:583 | Test activations (projected) - L2 norm: 74.552543
2025-12-20 18:59:04,884 | INFO     | stage1_bias_analysis.py:main:590 | Train activation norm change: 222.900360 -> 147.763451 (-33.71%)
2025-12-20 18:59:04,884 | INFO     | stage1_bias_analysis.py:main:591 | Test activation norm change: 111.859528 -> 74.552543 (-33.35%)
2025-12-20 18:59:04,884 | INFO     | stage1_bias_analysis.py:main:592 | ================================================================================
2025-12-20 18:59:04,895 | INFO     | stage1_bias_analysis.py:main:601 | Gender SVM Accuracy (After Projection):
2025-12-20 18:59:04,895 | INFO     | stage1_bias_analysis.py:main:602 |    Train: 67.4693%
2025-12-20 18:59:04,895 | INFO     | stage1_bias_analysis.py:main:603 |    Test:  66.2798% (Should be ~50% if successful)
2025-12-20 18:59:04,896 | INFO     | stage1_bias_analysis.py:main:604 |    Test Female (class 0): 77.2908%
2025-12-20 18:59:04,896 | INFO     | stage1_bias_analysis.py:main:605 |    Test Male (class 1):   60.7853%
2025-12-20 18:59:04,896 | INFO     | stage1_bias_analysis.py:main:610 | 
--- APPLYING WEIGHT SURGERY ---
2025-12-20 18:59:04,896 | INFO     | inlp_core.py:perform_weight_surgery:96 | 
--- Performing Weight Surgery ---
2025-12-20 18:59:04,944 | INFO     | inlp_core.py:perform_weight_surgery:105 | W_old shape: torch.Size([1, 64]), norm: 1.914898
2025-12-20 18:59:04,944 | INFO     | inlp_core.py:perform_weight_surgery:106 | P_tensor shape: torch.Size([64, 64]), norm: 7.879164
2025-12-20 18:59:04,945 | INFO     | inlp_core.py:perform_weight_surgery:107 | P_tensor symmetry error: 3.30e-02
2025-12-20 18:59:04,981 | INFO     | inlp_core.py:perform_weight_surgery:120 | Weights updated successfully. W_new shape: torch.Size([1, 64]), norm: 1.017338
2025-12-20 18:59:04,981 | INFO     | inlp_core.py:perform_weight_surgery:121 | Weight change magnitude: 1.331541
2025-12-20 18:59:04,983 | INFO     | inlp_core.py:perform_weight_surgery:142 | Bias updated to account for data centering.
2025-12-20 18:59:04,983 | INFO     | inlp_core.py:perform_weight_surgery:143 |   Bias correction magnitude: 1.767630, Bias norm: 0.002676 -> 1.764954
2025-12-20 18:59:04,988 | INFO     | stage1_bias_analysis.py:main:616 | Repaired Model saved to: /home/arjun/remote_github/Fairness_Testing/Fairness_Neuron_Repair/ml_models/adult/adult__nn_stage1_inlp_repaired__20251220_18_56.pth
2025-12-20 18:59:04,988 | INFO     | stage1_bias_analysis.py:main:621 | 
--- FINAL EVALUATION (After Surgery) ---
2025-12-20 18:59:04,998 | INFO     | stage1_bias_analysis.py:main:634 | Final Income Accuracy: 71.2202%
2025-12-20 18:59:04,998 | INFO     | stage1_bias_analysis.py:main:635 | Accuracy Drop: 10.9416%
2025-12-20 18:59:05,000 | INFO     | stage1_bias_analysis.py:main:644 | Final Accuracy (Class 0): 62.5910% (4531 samples)
2025-12-20 18:59:05,002 | INFO     | stage1_bias_analysis.py:main:647 | Final Accuracy (Class 1): 97.2685% (1501 samples)
2025-12-20 18:59:05,019 | INFO     | preprocess.py:patch_test_categories:188 | Column native-country has 2 categories in training data that are missing in test data
2025-12-20 18:59:05,022 | INFO     | preprocess.py:patch_test_categories:202 | Added 2 dummy rows to test data for categories missing in test set
2025-12-20 18:59:05,022 | INFO     | preprocess.py:patch_test_categories:204 |   - native-country: 2 categories
2025-12-20 18:59:05,032 | INFO     | preprocess.py:patch_test_categories:188 | Column native-country has 2 categories in training data that are missing in test data
2025-12-20 18:59:05,035 | INFO     | preprocess.py:patch_test_categories:202 | Added 2 dummy rows to test data for categories missing in test set
2025-12-20 18:59:05,035 | INFO     | preprocess.py:patch_test_categories:204 |   - native-country: 2 categories
2025-12-20 18:59:05,319 | INFO     | stage1_bias_analysis.py:main:656 | Final Counterfactual Discrimination: 527/6032 (8.74%)
2025-12-20 18:59:05,319 | INFO     | stage1_bias_analysis.py:main:664 | Final AOD: 0.189670
2025-12-20 18:59:05,319 | INFO     | stage1_bias_analysis.py:main:665 | Final EOD: 0.067042
2025-12-20 18:59:05,319 | INFO     | stage1_bias_analysis.py:main:686 | 
Improvement Ratios:
2025-12-20 18:59:05,320 | INFO     | stage1_bias_analysis.py:main:688 |   Accuracy Change Ratio: 13.32%
2025-12-20 18:59:05,320 | INFO     | stage1_bias_analysis.py:main:693 |   Discrimination Change Ratio: 11.73%
2025-12-20 18:59:05,340 | INFO     | stage1_bias_analysis.py:main:703 | 
================================================================================
2025-12-20 18:59:05,340 | INFO     | stage1_bias_analysis.py:main:704 | SUMMARY (Requested Ordering)
2025-12-20 18:59:05,340 | INFO     | stage1_bias_analysis.py:main:705 | Before fix:
2025-12-20 18:59:05,340 | INFO     | stage1_bias_analysis.py:main:706 |   Accuracy: 82.1618%
2025-12-20 18:59:05,340 | INFO     | stage1_bias_analysis.py:main:707 |   Classwise Accuracy (Class 0): 80.9755%
2025-12-20 18:59:05,340 | INFO     | stage1_bias_analysis.py:main:708 |   Classwise Accuracy (Class 1): 85.7428%
2025-12-20 18:59:05,340 | INFO     | stage1_bias_analysis.py:main:709 |   Avg Prob (Pred Class 0): 0.129042
2025-12-20 18:59:05,340 | INFO     | stage1_bias_analysis.py:main:710 |   Avg Prob (Pred Class 1): 0.778983
2025-12-20 18:59:05,340 | INFO     | stage1_bias_analysis.py:main:711 |   SVM Accuracy (Gender) Test: 66.0643%
2025-12-20 18:59:05,340 | INFO     | stage1_bias_analysis.py:main:712 |   SVM Classwise Accuracy (Female): 77.4900%
2025-12-20 18:59:05,341 | INFO     | stage1_bias_analysis.py:main:713 |   SVM Classwise Accuracy (Male):   60.3628%
2025-12-20 18:59:05,341 | INFO     | stage1_bias_analysis.py:main:714 |   Counterfactual Fairness (Discrimination %): 9.90%
2025-12-20 18:59:05,341 | INFO     | stage1_bias_analysis.py:main:715 |   AOD: 0.141299
2025-12-20 18:59:05,341 | INFO     | stage1_bias_analysis.py:main:716 |   EOD: 0.089206
2025-12-20 18:59:05,341 | INFO     | stage1_bias_analysis.py:main:718 | After fix:
2025-12-20 18:59:05,341 | INFO     | stage1_bias_analysis.py:main:719 |   Accuracy: 71.2202%
2025-12-20 18:59:05,341 | INFO     | stage1_bias_analysis.py:main:720 |   Classwise Accuracy (Class 0): 62.5910%
2025-12-20 18:59:05,341 | INFO     | stage1_bias_analysis.py:main:721 |   Classwise Accuracy (Class 1): 97.2685%
2025-12-20 18:59:05,341 | INFO     | stage1_bias_analysis.py:main:722 |   Avg Prob (Pred Class 0): 0.281155
2025-12-20 18:59:05,341 | INFO     | stage1_bias_analysis.py:main:723 |   Avg Prob (Pred Class 1): 0.701175
2025-12-20 18:59:05,341 | INFO     | stage1_bias_analysis.py:main:724 |   SVM Accuracy (Gender) Test: 66.2798%
2025-12-20 18:59:05,341 | INFO     | stage1_bias_analysis.py:main:725 |   SVM Classwise Accuracy (Female): 77.2908%
2025-12-20 18:59:05,341 | INFO     | stage1_bias_analysis.py:main:726 |   SVM Classwise Accuracy (Male):   60.7853%
2025-12-20 18:59:05,341 | INFO     | stage1_bias_analysis.py:main:727 |   Counterfactual Fairness (Discrimination %): 8.74%
2025-12-20 18:59:05,341 | INFO     | stage1_bias_analysis.py:main:728 |   AOD: 0.189670
2025-12-20 18:59:05,341 | INFO     | stage1_bias_analysis.py:main:729 |   EOD: 0.067042
2025-12-20 18:59:05,341 | INFO     | stage1_bias_analysis.py:main:731 | Change before and after fix:
2025-12-20 18:59:05,341 | INFO     | stage1_bias_analysis.py:main:732 |   Accuracy (% change): -13.32%
2025-12-20 18:59:05,341 | INFO     | stage1_bias_analysis.py:main:733 |   Class 0 Accuracy (% change): -22.70%
2025-12-20 18:59:05,341 | INFO     | stage1_bias_analysis.py:main:734 |   Class 1 Accuracy (% change): 13.44%
2025-12-20 18:59:05,341 | INFO     | stage1_bias_analysis.py:main:735 |   Avg Prob (Pred Class 0) (% change): 117.88%
2025-12-20 18:59:05,341 | INFO     | stage1_bias_analysis.py:main:736 |   Avg Prob (Pred Class 1) (% change): -9.99%
2025-12-20 18:59:05,341 | INFO     | stage1_bias_analysis.py:main:737 |   SVM Accuracy (% change): 0.33%
2025-12-20 18:59:05,341 | INFO     | stage1_bias_analysis.py:main:738 |   SVM Female (% change): -0.26%
2025-12-20 18:59:05,342 | INFO     | stage1_bias_analysis.py:main:739 |   SVM Male (% change):   0.70%
2025-12-20 18:59:05,342 | INFO     | stage1_bias_analysis.py:main:740 |   Counterfactual Fairness (Discrimination %) (% change): -11.73%
2025-12-20 18:59:05,342 | INFO     | stage1_bias_analysis.py:main:741 |   AOD (% change): 34.23%
2025-12-20 18:59:05,342 | INFO     | stage1_bias_analysis.py:main:742 |   EOD (% change): -24.85%
2025-12-20 18:59:05,342 | INFO     | stage1_bias_analysis.py:main:743 | ================================================================================
2025-12-20 18:59:05,342 | INFO     | stage1_bias_analysis.py:main:785 | Process end time: 2025-12-20 18:59:05
2025-12-20 18:59:05,342 | INFO     | stage1_bias_analysis.py:main:786 | Total execution time: 2 minutes 8 seconds (128.80 seconds)
2025-12-20 18:59:05,342 | INFO     | stage1_bias_analysis.py:main:787 | ================================================================================
