2025-12-20 18:00:25,592 | INFO     | logger_utils.py:init_logger:48 | Log file created at Fairness_Neuron_Repair/logs/stage1_bias_analysis_20251220_18_00.log. Console will show WARNING level messages and above (default).
2025-12-20 18:00:25,592 | INFO     | stage1_bias_analysis.py:main:363 | STAGE 1: BIAS ANALYSIS AND INLP REPAIR
2025-12-20 18:00:25,592 | INFO     | stage1_bias_analysis.py:main:364 | Process start time: 2025-12-20 18:00:25
2025-12-20 18:00:25,634 | INFO     | preprocess.py:preprocess_data_for_ml_models:99 | Preprocessing data for ML Network training
2025-12-20 18:00:25,634 | INFO     | preprocess.py:preprocess_data_for_ml_models:100 | Loading pre-split train/test data created by download_split_dataset_router
2025-12-20 18:00:25,673 | INFO     | preprocess.py:preprocess_data_for_ml_models:115 | Data loaded - Train: 24128, Test: 6032
2025-12-20 18:00:25,675 | INFO     | preprocess.py:preprocess_data_for_ml_models:131 | Initializing and fitting HyperTransformer on training features...
2025-12-20 18:00:25,993 | INFO     | preprocess.py:preprocess_data_for_ml_models:134 | HyperTransformer fitted successfully on training features
2025-12-20 18:00:25,998 | INFO     | preprocess.py:preprocess_data_for_ml_models:141 | HyperTransformer saved to: Fairness_Neuron_Repair/ml_models/adult/adult_train_hypertransformer.pkl
2025-12-20 18:00:25,998 | INFO     | preprocess.py:preprocess_data_for_ml_models:143 | Skipping sensitive attribute balancing for Fader Network to ensure consistent comparison with ML models.
2025-12-20 18:00:25,999 | INFO     | preprocess.py:preprocess_data_for_ml_models:144 | X_train length: 24128, column headers (original distribution): Index(['age', 'workclass', 'education', 'marital-status', 'occupation',
       'relationship', 'race', 'sex', 'capital-gain', 'capital-loss',
       'hours-per-week', 'native-country'],
      dtype='object')
2025-12-20 18:00:25,999 | INFO     | preprocess.py:preprocess_data_for_ml_models:147 | Loading existing HyperTransformer from ML training stage...
2025-12-20 18:00:26,005 | INFO     | preprocess.py:load_hypertransformer:44 | Successfully loaded HyperTransformer from: Fairness_Neuron_Repair/ml_models/adult/adult_train_hypertransformer.pkl
2025-12-20 18:00:26,005 | INFO     | preprocess.py:preprocess_data_for_ml_models:149 | Successfully loaded pre-trained HyperTransformer - no retraining needed
2025-12-20 18:00:26,016 | INFO     | preprocess.py:patch_test_categories:188 | Column native-country has 2 categories in training data that are missing in test data
2025-12-20 18:00:26,019 | INFO     | preprocess.py:patch_test_categories:202 | Added 2 dummy rows to test data for categories missing in test set
2025-12-20 18:00:26,019 | INFO     | preprocess.py:patch_test_categories:204 |   - native-country: 2 categories
2025-12-20 18:00:26,293 | INFO     | preprocess.py:preprocess_data_for_ml_models:165 | X_train_transformed column headers: Index(['age', 'workclass.value0', 'workclass.value1', 'workclass.value2',
       'workclass.value3', 'workclass.value4', 'workclass.value5',
       'workclass.value6', 'education.value0', 'education.value1',
       ...
       'native-country.value31', 'native-country.value32',
       'native-country.value33', 'native-country.value34',
       'native-country.value35', 'native-country.value36',
       'native-country.value37', 'native-country.value38',
       'native-country.value39', 'native-country.value40'],
      dtype='object', length=102)
2025-12-20 18:00:26,491 | INFO     | stage1_bias_analysis.py:main:394 | Training data: 24128 samples
2025-12-20 18:00:26,512 | INFO     | stage1_bias_analysis.py:main:395 | Gender distribution (Train): {'Male': 16355, 'Female': 7773}
2025-12-20 18:00:26,514 | INFO     | stage1_bias_analysis.py:main:427 | 
Data split: 20509 training samples, 3619 validation samples
2025-12-20 18:00:26,514 | INFO     | stage1_bias_analysis.py:main:428 | Created DataLoaders: 81 train batches, 15 val batches (batch_size=256)
2025-12-20 18:00:26,519 | INFO     | stage1_bias_analysis.py:main:434 | Class distribution: Class 0=18122, Class 1=6006, pos_weight=3.0173
2025-12-20 18:00:27,669 | INFO     | stage1_bias_analysis.py:main:441 | 
Training neural network (Baseline) with early stopping...
2025-12-20 18:00:28,326 | INFO     | stage1_bias_analysis.py:train_model:145 | Epoch   0 | Train Loss: 0.823578 | Val Loss: 0.634620
2025-12-20 18:00:28,771 | INFO     | stage1_bias_analysis.py:train_model:154 | Epoch   1 | New best validation loss: 0.609347
2025-12-20 18:00:29,214 | INFO     | stage1_bias_analysis.py:train_model:154 | Epoch   2 | New best validation loss: 0.591756
2025-12-20 18:00:29,660 | INFO     | stage1_bias_analysis.py:train_model:154 | Epoch   3 | New best validation loss: 0.580360
2025-12-20 18:00:30,104 | INFO     | stage1_bias_analysis.py:train_model:154 | Epoch   4 | New best validation loss: 0.573940
2025-12-20 18:00:32,019 | INFO     | stage1_bias_analysis.py:train_model:154 | Epoch   8 | New best validation loss: 0.567256
2025-12-20 18:00:32,469 | INFO     | stage1_bias_analysis.py:train_model:154 | Epoch   9 | New best validation loss: 0.565494
2025-12-20 18:00:34,707 | INFO     | stage1_bias_analysis.py:train_model:154 | Epoch  14 | New best validation loss: 0.563665
2025-12-20 18:00:35,603 | INFO     | stage1_bias_analysis.py:train_model:154 | Epoch  16 | New best validation loss: 0.560956
2025-12-20 18:00:37,543 | INFO     | stage1_bias_analysis.py:train_model:145 | Epoch  20 | Train Loss: 0.566496 | Val Loss: 0.562861
2025-12-20 18:00:41,113 | INFO     | stage1_bias_analysis.py:train_model:154 | Epoch  28 | New best validation loss: 0.560429
2025-12-20 18:00:43,042 | INFO     | stage1_bias_analysis.py:train_model:154 | Epoch  32 | New best validation loss: 0.559564
2025-12-20 18:00:44,388 | INFO     | stage1_bias_analysis.py:train_model:154 | Epoch  35 | New best validation loss: 0.559004
2025-12-20 18:00:44,839 | INFO     | stage1_bias_analysis.py:train_model:154 | Epoch  36 | New best validation loss: 0.558928
2025-12-20 18:00:46,639 | INFO     | stage1_bias_analysis.py:train_model:145 | Epoch  40 | Train Loss: 0.558998 | Val Loss: 0.561794
2025-12-20 18:00:49,925 | INFO     | stage1_bias_analysis.py:train_model:154 | Epoch  47 | New best validation loss: 0.558086
2025-12-20 18:00:54,991 | INFO     | stage1_bias_analysis.py:train_model:154 | Epoch  58 | New best validation loss: 0.557196
2025-12-20 18:00:55,893 | INFO     | stage1_bias_analysis.py:train_model:145 | Epoch  60 | Train Loss: 0.554798 | Val Loss: 0.568075
2025-12-20 18:00:59,045 | INFO     | stage1_bias_analysis.py:train_model:154 | Epoch  67 | New best validation loss: 0.556622
2025-12-20 18:01:05,046 | INFO     | stage1_bias_analysis.py:train_model:145 | Epoch  80 | Train Loss: 0.559032 | Val Loss: 0.579329
2025-12-20 18:01:11,045 | INFO     | stage1_bias_analysis.py:train_model:154 | Epoch  93 | New best validation loss: 0.556434
2025-12-20 18:01:14,320 | INFO     | stage1_bias_analysis.py:train_model:145 | Epoch 100 | Train Loss: 0.551096 | Val Loss: 0.556731
2025-12-20 18:01:17,945 | INFO     | stage1_bias_analysis.py:train_model:154 | Epoch 108 | New best validation loss: 0.555198
2025-12-20 18:01:18,398 | INFO     | stage1_bias_analysis.py:train_model:154 | Epoch 109 | New best validation loss: 0.555136
2025-12-20 18:01:23,510 | INFO     | stage1_bias_analysis.py:train_model:145 | Epoch 120 | Train Loss: 0.551132 | Val Loss: 0.558089
2025-12-20 18:01:29,506 | INFO     | stage1_bias_analysis.py:train_model:154 | Epoch 133 | New best validation loss: 0.554352
2025-12-20 18:01:32,784 | INFO     | stage1_bias_analysis.py:train_model:145 | Epoch 140 | Train Loss: 0.553941 | Val Loss: 0.562914
2025-12-20 18:01:41,988 | INFO     | stage1_bias_analysis.py:train_model:145 | Epoch 160 | Train Loss: 0.545665 | Val Loss: 0.569978
2025-12-20 18:01:47,571 | INFO     | stage1_bias_analysis.py:train_model:154 | Epoch 172 | New best validation loss: 0.554287
2025-12-20 18:01:51,312 | INFO     | stage1_bias_analysis.py:train_model:145 | Epoch 180 | Train Loss: 0.547694 | Val Loss: 0.560483
2025-12-20 18:01:56,444 | INFO     | stage1_bias_analysis.py:train_model:154 | Epoch 191 | New best validation loss: 0.553606
2025-12-20 18:02:00,539 | INFO     | stage1_bias_analysis.py:train_model:145 | Epoch 200 | Train Loss: 0.547296 | Val Loss: 0.563607
2025-12-20 18:02:09,397 | INFO     | stage1_bias_analysis.py:train_model:154 | Epoch 219 | New best validation loss: 0.552887
2025-12-20 18:02:09,853 | INFO     | stage1_bias_analysis.py:train_model:145 | Epoch 220 | Train Loss: 0.547626 | Val Loss: 0.555645
2025-12-20 18:02:19,079 | INFO     | stage1_bias_analysis.py:train_model:145 | Epoch 240 | Train Loss: 0.547587 | Val Loss: 0.556373
2025-12-20 18:02:28,417 | INFO     | stage1_bias_analysis.py:train_model:145 | Epoch 260 | Train Loss: 0.549455 | Val Loss: 0.563493
2025-12-20 18:02:32,625 | INFO     | stage1_bias_analysis.py:train_model:160 | Early stopping triggered at epoch 269. No improvement for 50 epochs.
2025-12-20 18:02:32,625 | INFO     | stage1_bias_analysis.py:train_model:161 | Best validation loss: 0.552887 at epoch 219
2025-12-20 18:02:32,626 | INFO     | stage1_bias_analysis.py:train_model:167 | Restored best model with validation loss: 0.552887
2025-12-20 18:02:32,626 | INFO     | stage1_bias_analysis.py:main:447 | Training completed. Best validation loss: 0.552887
2025-12-20 18:02:32,628 | INFO     | stage1_bias_analysis.py:main:452 | Original Model saved to: /home/arjun/remote_github/Fairness_Testing/Fairness_Neuron_Repair/ml_models/adult/adult__nn_stage1_original__20251220_18_00.pth
2025-12-20 18:02:32,628 | INFO     | stage1_bias_analysis.py:main:457 | 
--- BASELINE EVALUATION (Before Surgery) ---
2025-12-20 18:02:32,635 | INFO     | stage1_bias_analysis.py:main:473 | Baseline Income Accuracy: 82.1618%
2025-12-20 18:02:32,635 | INFO     | stage1_bias_analysis.py:main:482 | Baseline Accuracy (Class 0): 80.9755% (4531 samples)
2025-12-20 18:02:32,636 | INFO     | stage1_bias_analysis.py:main:485 | Baseline Accuracy (Class 1): 85.7428% (1501 samples)
2025-12-20 18:02:32,653 | INFO     | preprocess.py:patch_test_categories:188 | Column native-country has 2 categories in training data that are missing in test data
2025-12-20 18:02:32,656 | INFO     | preprocess.py:patch_test_categories:202 | Added 2 dummy rows to test data for categories missing in test set
2025-12-20 18:02:32,657 | INFO     | preprocess.py:patch_test_categories:204 |   - native-country: 2 categories
2025-12-20 18:02:32,667 | INFO     | preprocess.py:patch_test_categories:188 | Column native-country has 2 categories in training data that are missing in test data
2025-12-20 18:02:32,669 | INFO     | preprocess.py:patch_test_categories:202 | Added 2 dummy rows to test data for categories missing in test set
2025-12-20 18:02:32,669 | INFO     | preprocess.py:patch_test_categories:204 |   - native-country: 2 categories
2025-12-20 18:02:32,953 | INFO     | stage1_bias_analysis.py:main:496 | Baseline Counterfactual Discrimination: 597/6032 (9.90%)
2025-12-20 18:02:32,953 | INFO     | stage1_bias_analysis.py:main:505 | Baseline AOD: 0.141299
2025-12-20 18:02:32,953 | INFO     | stage1_bias_analysis.py:main:506 | Baseline EOD: 0.089206
2025-12-20 18:02:32,953 | INFO     | stage1_bias_analysis.py:main:511 | 
--- STARTING INLP PROCESS ---
2025-12-20 18:02:32,953 | INFO     | stage1_bias_analysis.py:main:514 | Extracting raw activations from layer 3...
2025-12-20 18:02:33,075 | INFO     | stage1_bias_analysis.py:main:529 | Computing Projection Matrix (P) and Training Gender SVM...
2025-12-20 18:02:33,075 | INFO     | stage1_bias_analysis.py:main:530 | Using same validation set as NN training: 20509 train, 3619 val
2025-12-20 18:02:33,077 | INFO     | inlp_core.py:get_projection_and_svm:19 | Training Initial Gender Detector (SVM)...
2025-12-20 18:02:33,195 | INFO     | inlp_core.py:get_projection_and_svm:31 | Using validation set: 20509 train, 3619 val
2025-12-20 18:02:33,195 | INFO     | inlp_core.py:get_projection_and_svm:33 | Starting INLP (n_iter=5, alpha=0.8)...
2025-12-20 18:02:33,309 | INFO     | inlp_core.py:get_projection_and_svm:42 | Iter 1: SVM Acc = 0.6538
2025-12-20 18:02:33,414 | INFO     | inlp_core.py:get_projection_and_svm:42 | Iter 2: SVM Acc = 0.6529
2025-12-20 18:02:33,548 | INFO     | inlp_core.py:get_projection_and_svm:42 | Iter 3: SVM Acc = 0.6532
2025-12-20 18:02:33,688 | INFO     | inlp_core.py:get_projection_and_svm:42 | Iter 4: SVM Acc = 0.6535
2025-12-20 18:02:33,833 | INFO     | inlp_core.py:get_projection_and_svm:42 | Iter 5: SVM Acc = 0.6618
2025-12-20 18:02:33,844 | INFO     | stage1_bias_analysis.py:main:539 | 
--- EVALUATING GENDER INFORMATION (SVM) ---
2025-12-20 18:02:33,868 | INFO     | stage1_bias_analysis.py:main:550 | Gender SVM Accuracy (Before Projection):
2025-12-20 18:02:33,868 | INFO     | stage1_bias_analysis.py:main:551 |    Train: 67.3201%
2025-12-20 18:02:33,868 | INFO     | stage1_bias_analysis.py:main:552 |    Test:  66.0643% (Indicates bias presence)
2025-12-20 18:02:33,868 | INFO     | stage1_bias_analysis.py:main:553 |    Test Female (class 0): 77.4900%
2025-12-20 18:02:33,868 | INFO     | stage1_bias_analysis.py:main:554 |    Test Male (class 1):   60.3628%
2025-12-20 18:02:33,895 | INFO     | stage1_bias_analysis.py:main:571 | Gender SVM Accuracy (After Projection):
2025-12-20 18:02:33,896 | INFO     | stage1_bias_analysis.py:main:572 |    Train: 68.8826%
2025-12-20 18:02:33,896 | INFO     | stage1_bias_analysis.py:main:573 |    Test:  67.7221% (Should be ~50% if successful)
2025-12-20 18:02:33,896 | INFO     | stage1_bias_analysis.py:main:574 |    Test Female (class 0): 56.8725%
2025-12-20 18:02:33,896 | INFO     | stage1_bias_analysis.py:main:575 |    Test Male (class 1):   73.1362%
2025-12-20 18:02:33,896 | INFO     | stage1_bias_analysis.py:main:580 | 
--- APPLYING WEIGHT SURGERY ---
2025-12-20 18:02:33,896 | INFO     | inlp_core.py:perform_weight_surgery:80 | 
 Performing Weight Surgery
2025-12-20 18:02:34,021 | INFO     | inlp_core.py:perform_weight_surgery:88 | W_old : tensor([[ 3.0887e-01, -2.5337e-01,  3.2349e-01, -2.9088e-01, -2.3804e-01,
         -2.4001e-07,  9.7163e-10, -4.4316e-08, -3.2813e-01,  2.1588e-01,
          2.7791e-01,  3.1155e-01,  4.7092e-05, -4.9886e-43,  2.6144e-01,
          2.4750e-01, -1.8489e-01, -2.5530e-01, -2.7644e-01,  2.1148e-01,
         -2.5064e-01, -3.2837e-01, -3.0694e-06,  2.8434e-01,  2.4070e-01,
          2.8067e-01, -2.6378e-01,  3.0570e-01, -1.6240e-01, -4.9186e-43,
         -1.5935e-01, -2.6948e-01,  1.9463e-01, -3.0026e-09, -2.8629e-01,
         -1.6251e-06,  2.1819e-01,  2.1655e-01,  2.1321e-01, -1.9402e-01,
         -1.1445e-10,  2.2603e-01, -3.5323e-01, -3.3757e-01,  2.0906e-08,
         -2.3983e-01,  2.7853e-01,  2.1229e-01,  2.9341e-01,  3.4496e-01,
         -2.8617e-01, -1.7774e-01,  2.9442e-01, -3.3159e-01,  2.5816e-01,
          2.9673e-01, -1.6757e-01, -3.1835e-01,  9.7957e-06,  4.2989e-07,
          3.4552e-01, -2.8126e-01, -2.6350e-01,  2.6891e-01]], device='cuda:0')
2025-12-20 18:02:34,031 | INFO     | inlp_core.py:perform_weight_surgery:89 | P_tensor : tensor([[ 0.9525,  0.0110, -0.0497,  ...,  0.0104,  0.0098, -0.0413],
        [ 0.0132,  0.9869,  0.0137,  ...,  0.0053,  0.0045,  0.0105],
        [-0.0497,  0.0115,  0.9480,  ...,  0.0110,  0.0103, -0.0432],
        ...,
        [ 0.0084,  0.0060,  0.0088,  ...,  0.9916, -0.0075,  0.0081],
        [ 0.0080,  0.0051,  0.0084,  ..., -0.0075,  0.9933,  0.0077],
        [-0.0411,  0.0086, -0.0430,  ...,  0.0098,  0.0092,  0.9642]],
       device='cuda:0')
2025-12-20 18:02:34,033 | INFO     | inlp_core.py:perform_weight_surgery:97 | Weights updated: tensor([[-4.4455e-02, -1.9447e-01, -4.6449e-02, -1.8838e-01, -1.9407e-01,
         -2.4001e-07,  9.7163e-10, -1.8378e-08, -2.0287e-01, -4.8725e-02,
         -4.1023e-02, -4.4783e-02,  4.7092e-05, -4.9886e-43, -3.9830e-02,
         -3.6875e-02, -1.7264e-01, -1.9671e-01, -1.8354e-01, -4.8135e-02,
         -1.9616e-01, -2.0413e-01, -3.0694e-06, -4.1938e-02, -5.4041e-02,
         -4.1398e-02, -1.7329e-01, -4.4214e-02, -1.6913e-01, -4.9186e-43,
         -1.6630e-01, -1.7666e-01, -4.5867e-02, -3.0026e-09, -1.8676e-01,
         -2.0646e-05, -4.9312e-02, -4.8987e-02, -4.8329e-02, -1.7948e-01,
         -1.1445e-10, -5.0832e-02, -2.1360e-01, -2.1167e-01,  2.0906e-08,
         -1.9634e-01, -4.1034e-02, -4.8304e-02, -4.2974e-02, -4.8964e-02,
         -1.8654e-01, -1.7171e-01, -4.3281e-02, -2.0446e-01, -3.9214e-02,
         -4.2823e-02, -1.6871e-01, -1.9880e-01,  9.7957e-06,  4.2989e-07,
         -4.8928e-02, -1.8458e-01, -1.7363e-01, -4.0765e-02]], device='cuda:0')
2025-12-20 18:02:34,033 | INFO     | inlp_core.py:perform_weight_surgery:109 |  Bias updated to account for data centering. 
2025-12-20 18:02:34,035 | INFO     | stage1_bias_analysis.py:main:586 | Repaired Model saved to: /home/arjun/remote_github/Fairness_Testing/Fairness_Neuron_Repair/ml_models/adult/adult__nn_stage1_inlp_repaired__20251220_18_00.pth
2025-12-20 18:02:34,035 | INFO     | stage1_bias_analysis.py:main:591 | 
--- FINAL EVALUATION (After Surgery) ---
2025-12-20 18:02:34,041 | INFO     | stage1_bias_analysis.py:main:604 | Final Income Accuracy: 69.2971%
2025-12-20 18:02:34,041 | INFO     | stage1_bias_analysis.py:main:605 | Accuracy Drop: 12.8647%
2025-12-20 18:02:34,042 | INFO     | stage1_bias_analysis.py:main:614 | Final Accuracy (Class 0): 59.8985% (4531 samples)
2025-12-20 18:02:34,042 | INFO     | stage1_bias_analysis.py:main:617 | Final Accuracy (Class 1): 97.6682% (1501 samples)
2025-12-20 18:02:34,058 | INFO     | preprocess.py:patch_test_categories:188 | Column native-country has 2 categories in training data that are missing in test data
2025-12-20 18:02:34,060 | INFO     | preprocess.py:patch_test_categories:202 | Added 2 dummy rows to test data for categories missing in test set
2025-12-20 18:02:34,060 | INFO     | preprocess.py:patch_test_categories:204 |   - native-country: 2 categories
2025-12-20 18:02:34,070 | INFO     | preprocess.py:patch_test_categories:188 | Column native-country has 2 categories in training data that are missing in test data
2025-12-20 18:02:34,073 | INFO     | preprocess.py:patch_test_categories:202 | Added 2 dummy rows to test data for categories missing in test set
2025-12-20 18:02:34,073 | INFO     | preprocess.py:patch_test_categories:204 |   - native-country: 2 categories
2025-12-20 18:02:34,357 | INFO     | stage1_bias_analysis.py:main:626 | Final Counterfactual Discrimination: 506/6032 (8.39%)
2025-12-20 18:02:34,358 | INFO     | stage1_bias_analysis.py:main:634 | Final AOD: 0.184875
2025-12-20 18:02:34,358 | INFO     | stage1_bias_analysis.py:main:635 | Final EOD: 0.056867
2025-12-20 18:02:34,358 | INFO     | stage1_bias_analysis.py:main:656 | 
Improvement Ratios:
2025-12-20 18:02:34,358 | INFO     | stage1_bias_analysis.py:main:658 |   Accuracy Change Ratio: 15.66%
2025-12-20 18:02:34,358 | INFO     | stage1_bias_analysis.py:main:663 |   Discrimination Change Ratio: 15.24%
2025-12-20 18:02:34,358 | INFO     | stage1_bias_analysis.py:main:673 | 
================================================================================
2025-12-20 18:02:34,358 | INFO     | stage1_bias_analysis.py:main:674 | SUMMARY (Requested Ordering)
2025-12-20 18:02:34,358 | INFO     | stage1_bias_analysis.py:main:675 | Before fix:
2025-12-20 18:02:34,358 | INFO     | stage1_bias_analysis.py:main:676 |   Accuracy: 82.1618%
2025-12-20 18:02:34,358 | INFO     | stage1_bias_analysis.py:main:677 |   Classwise Accuracy (Class 0): 80.9755%
2025-12-20 18:02:34,358 | INFO     | stage1_bias_analysis.py:main:678 |   Classwise Accuracy (Class 1): 85.7428%
2025-12-20 18:02:34,358 | INFO     | stage1_bias_analysis.py:main:679 |   Avg Prob (Pred Class 0): 0.129042
2025-12-20 18:02:34,358 | INFO     | stage1_bias_analysis.py:main:680 |   Avg Prob (Pred Class 1): 0.778983
2025-12-20 18:02:34,358 | INFO     | stage1_bias_analysis.py:main:681 |   SVM Accuracy (Gender) Test: 66.0643%
2025-12-20 18:02:34,358 | INFO     | stage1_bias_analysis.py:main:682 |   SVM Classwise Accuracy (Female): 77.4900%
2025-12-20 18:02:34,359 | INFO     | stage1_bias_analysis.py:main:683 |   SVM Classwise Accuracy (Male):   60.3628%
2025-12-20 18:02:34,359 | INFO     | stage1_bias_analysis.py:main:684 |   Counterfactual Fairness (Discrimination %): 9.90%
2025-12-20 18:02:34,359 | INFO     | stage1_bias_analysis.py:main:685 |   AOD: 0.141299
2025-12-20 18:02:34,359 | INFO     | stage1_bias_analysis.py:main:686 |   EOD: 0.089206
2025-12-20 18:02:34,359 | INFO     | stage1_bias_analysis.py:main:688 | After fix:
2025-12-20 18:02:34,359 | INFO     | stage1_bias_analysis.py:main:689 |   Accuracy: 69.2971%
2025-12-20 18:02:34,359 | INFO     | stage1_bias_analysis.py:main:690 |   Classwise Accuracy (Class 0): 59.8985%
2025-12-20 18:02:34,359 | INFO     | stage1_bias_analysis.py:main:691 |   Classwise Accuracy (Class 1): 97.6682%
2025-12-20 18:02:34,359 | INFO     | stage1_bias_analysis.py:main:692 |   Avg Prob (Pred Class 0): 0.329421
2025-12-20 18:02:34,359 | INFO     | stage1_bias_analysis.py:main:693 |   Avg Prob (Pred Class 1): 0.645599
2025-12-20 18:02:34,359 | INFO     | stage1_bias_analysis.py:main:694 |   SVM Accuracy (Gender) Test: 67.7221%
2025-12-20 18:02:34,359 | INFO     | stage1_bias_analysis.py:main:695 |   SVM Classwise Accuracy (Female): 56.8725%
2025-12-20 18:02:34,359 | INFO     | stage1_bias_analysis.py:main:696 |   SVM Classwise Accuracy (Male):   73.1362%
2025-12-20 18:02:34,359 | INFO     | stage1_bias_analysis.py:main:697 |   Counterfactual Fairness (Discrimination %): 8.39%
2025-12-20 18:02:34,359 | INFO     | stage1_bias_analysis.py:main:698 |   AOD: 0.184875
2025-12-20 18:02:34,359 | INFO     | stage1_bias_analysis.py:main:699 |   EOD: 0.056867
2025-12-20 18:02:34,359 | INFO     | stage1_bias_analysis.py:main:701 | Change before and after fix:
2025-12-20 18:02:34,359 | INFO     | stage1_bias_analysis.py:main:702 |   Accuracy (% change): -15.66%
2025-12-20 18:02:34,359 | INFO     | stage1_bias_analysis.py:main:703 |   Class 0 Accuracy (% change): -26.03%
2025-12-20 18:02:34,359 | INFO     | stage1_bias_analysis.py:main:704 |   Class 1 Accuracy (% change): 13.91%
2025-12-20 18:02:34,359 | INFO     | stage1_bias_analysis.py:main:705 |   Avg Prob (Pred Class 0) (% change): 155.28%
2025-12-20 18:02:34,359 | INFO     | stage1_bias_analysis.py:main:706 |   Avg Prob (Pred Class 1) (% change): -17.12%
2025-12-20 18:02:34,359 | INFO     | stage1_bias_analysis.py:main:707 |   SVM Accuracy (% change): 2.51%
2025-12-20 18:02:34,359 | INFO     | stage1_bias_analysis.py:main:708 |   SVM Female (% change): -26.61%
2025-12-20 18:02:34,360 | INFO     | stage1_bias_analysis.py:main:709 |   SVM Male (% change):   21.16%
2025-12-20 18:02:34,380 | INFO     | stage1_bias_analysis.py:main:710 |   Counterfactual Fairness (Discrimination %) (% change): -15.24%
2025-12-20 18:02:34,380 | INFO     | stage1_bias_analysis.py:main:711 |   AOD (% change): 30.84%
2025-12-20 18:02:34,380 | INFO     | stage1_bias_analysis.py:main:712 |   EOD (% change): -36.25%
2025-12-20 18:02:34,380 | INFO     | stage1_bias_analysis.py:main:713 | ================================================================================
2025-12-20 18:02:34,380 | INFO     | stage1_bias_analysis.py:main:755 | Process end time: 2025-12-20 18:02:34
2025-12-20 18:02:34,380 | INFO     | stage1_bias_analysis.py:main:756 | Total execution time: 2 minutes 8 seconds (128.79 seconds)
2025-12-20 18:02:34,380 | INFO     | stage1_bias_analysis.py:main:757 | ================================================================================
