2025-12-26 21:21:29,151 | INFO     | logger_utils.py:init_logger:48 | Log file created at Fairness_Neuron_Repair/logs/nlsb/stage1_bias_analysis_20251226_21_21_29_inlp_iters_2_inlp_alpha_1.0.log. Console will show WARNING level messages and above (default).
2025-12-26 21:21:29,151 | INFO     | stage1_bias_analysis.py:main:357 | STAGE 1: BIAS ANALYSIS AND INLP REPAIR
2025-12-26 21:21:29,151 | INFO     | stage1_bias_analysis.py:main:358 | Process start time: 2025-12-26 21:21:29
2025-12-26 21:21:29,178 | INFO     | preprocess.py:preprocess_data_for_ml_models:99 | Preprocessing data for ML Network training
2025-12-26 21:21:29,178 | INFO     | preprocess.py:preprocess_data_for_ml_models:100 | Loading pre-split train/test data created by download_split_dataset_router
2025-12-26 21:21:29,198 | INFO     | preprocess.py:preprocess_data_for_ml_models:115 | Data loaded - Train: 3926, Test: 982
2025-12-26 21:21:29,199 | INFO     | preprocess.py:preprocess_data_for_ml_models:131 | Initializing and fitting HyperTransformer on training features...
2025-12-26 21:21:29,569 | INFO     | preprocess.py:preprocess_data_for_ml_models:134 | HyperTransformer fitted successfully on training features
2025-12-26 21:21:29,576 | INFO     | preprocess.py:preprocess_data_for_ml_models:141 | HyperTransformer saved to: Fairness_Neuron_Repair/ml_models/nlsb/nlsb_train_hypertransformer.pkl
2025-12-26 21:21:29,576 | INFO     | preprocess.py:preprocess_data_for_ml_models:143 | Skipping sensitive attribute balancing for Fader Network to ensure consistent comparison with ML models.
2025-12-26 21:21:29,576 | INFO     | preprocess.py:preprocess_data_for_ml_models:144 | X_train length: 3926, column headers (original distribution): Index(['age', 'race', 'sex', 'grade90', 'partner', 'height', 'weight',
       'famsize', 'genhealth', 'illegalact', 'charged', 'jobsnum90', 'afqt89',
       'typejob90', 'jobtrain90'],
      dtype='object')
2025-12-26 21:21:29,576 | INFO     | preprocess.py:preprocess_data_for_ml_models:147 | Loading existing HyperTransformer from ML training stage...
2025-12-26 21:21:29,594 | INFO     | preprocess.py:load_hypertransformer:44 | Successfully loaded HyperTransformer from: Fairness_Neuron_Repair/ml_models/nlsb/nlsb_train_hypertransformer.pkl
2025-12-26 21:21:29,594 | INFO     | preprocess.py:preprocess_data_for_ml_models:149 | Successfully loaded pre-trained HyperTransformer - no retraining needed
2025-12-26 21:21:29,595 | INFO     | preprocess.py:patch_test_categories:188 | Column race has 4 categories in training data that are missing in test data
2025-12-26 21:21:29,603 | INFO     | preprocess.py:patch_test_categories:202 | Added 4 dummy rows to test data for categories missing in test set
2025-12-26 21:21:29,603 | INFO     | preprocess.py:patch_test_categories:204 |   - race: 4 categories
2025-12-26 21:21:29,833 | INFO     | preprocess.py:preprocess_data_for_ml_models:165 | X_train_transformed column headers: Index(['age', 'race.value0', 'race.value1', 'race.value2', 'race.value3',
       'race.value4', 'race.value5', 'race.value6', 'race.value7',
       'race.value8', 'race.value9', 'race.value10', 'race.value11',
       'race.value12', 'race.value13', 'race.value14', 'race.value15',
       'race.value16', 'race.value17', 'race.value18', 'race.value19',
       'race.value20', 'race.value21', 'race.value22', 'race.value23',
       'race.value24', 'race.value25', 'race.value26', 'race.value27',
       'race.value28', 'sex.value0', 'sex.value1', 'grade90.value0',
       'grade90.value1', 'grade90.value2', 'grade90.value3', 'grade90.value4',
       'grade90.value5', 'grade90.value6', 'grade90.value7', 'grade90.value8',
       'grade90.value9', 'grade90.value10', 'grade90.value11',
       'grade90.value12', 'grade90.value13', 'grade90.value14',
       'grade90.value15', 'grade90.value16', 'grade90.value17',
       'partner.value0', 'partner.value1', 'height', 'weight', 'famsize',
       'genhealth.value0', 'genhealth.value1', 'genhealth.value2',
       'genhealth.value3', 'genhealth.value4', 'illegalact.value0',
       'illegalact.value1', 'illegalact.value2', 'illegalact.value3',
       'illegalact.value4', 'illegalact.value5', 'illegalact.value6',
       'charged.value0', 'charged.value1', 'jobsnum90', 'afqt89',
       'typejob90.value0', 'typejob90.value1', 'typejob90.value2',
       'typejob90.value3', 'typejob90.value4', 'typejob90.value5',
       'typejob90.value6', 'typejob90.value7', 'typejob90.value8',
       'typejob90.value9', 'typejob90.value10', 'typejob90.value11',
       'typejob90.value12', 'jobtrain90.value0', 'jobtrain90.value1'],
      dtype='object')
2025-12-26 21:21:30,035 | INFO     | stage1_bias_analysis.py:main:388 | Training data: 3926 samples
2025-12-26 21:21:30,036 | INFO     | stage1_bias_analysis.py:main:389 | Gender distribution (Train): {'Female': 1981, 'Male': 1945}
2025-12-26 21:21:30,038 | INFO     | stage1_bias_analysis.py:main:423 | 
Data split: 3338 training samples, 588 validation samples
2025-12-26 21:21:30,038 | INFO     | stage1_bias_analysis.py:main:424 | Created DataLoaders: 53 train batches, 10 val batches (batch_size=64)
2025-12-26 21:21:30,076 | INFO     | stage1_bias_analysis.py:main:430 | Class distribution: Class 0=1482, Class 1=2444, pos_weight=0.6064
2025-12-26 21:21:32,759 | INFO     | stage1_bias_analysis.py:main:437 | 
Training neural network (Baseline) for fixed epochs with validation monitoring...
2025-12-26 21:21:33,658 | INFO     | stage1_bias_analysis.py:train_model:145 | Epoch   0 | Train Loss: 0.517055 | Val Loss: 0.514471
2025-12-26 21:21:34,073 | INFO     | stage1_bias_analysis.py:train_model:154 | Epoch   1 | New best validation loss: 0.463864
2025-12-26 21:21:34,489 | INFO     | stage1_bias_analysis.py:train_model:154 | Epoch   2 | New best validation loss: 0.452580
2025-12-26 21:21:34,908 | INFO     | stage1_bias_analysis.py:train_model:154 | Epoch   3 | New best validation loss: 0.447969
2025-12-26 21:21:35,330 | INFO     | stage1_bias_analysis.py:train_model:154 | Epoch   4 | New best validation loss: 0.445488
2025-12-26 21:21:35,757 | INFO     | stage1_bias_analysis.py:train_model:154 | Epoch   5 | New best validation loss: 0.443981
2025-12-26 21:21:36,162 | INFO     | stage1_bias_analysis.py:train_model:154 | Epoch   6 | New best validation loss: 0.443054
2025-12-26 21:21:36,581 | INFO     | stage1_bias_analysis.py:train_model:154 | Epoch   7 | New best validation loss: 0.442048
2025-12-26 21:21:36,999 | INFO     | stage1_bias_analysis.py:train_model:154 | Epoch   8 | New best validation loss: 0.441139
2025-12-26 21:21:37,415 | INFO     | stage1_bias_analysis.py:train_model:154 | Epoch   9 | New best validation loss: 0.440379
2025-12-26 21:21:37,830 | INFO     | stage1_bias_analysis.py:train_model:154 | Epoch  10 | New best validation loss: 0.439685
2025-12-26 21:21:38,252 | INFO     | stage1_bias_analysis.py:train_model:154 | Epoch  11 | New best validation loss: 0.439082
2025-12-26 21:21:38,670 | INFO     | stage1_bias_analysis.py:train_model:154 | Epoch  12 | New best validation loss: 0.438641
2025-12-26 21:21:39,081 | INFO     | stage1_bias_analysis.py:train_model:154 | Epoch  13 | New best validation loss: 0.438236
2025-12-26 21:21:39,499 | INFO     | stage1_bias_analysis.py:train_model:154 | Epoch  14 | New best validation loss: 0.437921
2025-12-26 21:21:39,914 | INFO     | stage1_bias_analysis.py:train_model:154 | Epoch  15 | New best validation loss: 0.437602
2025-12-26 21:21:40,328 | INFO     | stage1_bias_analysis.py:train_model:154 | Epoch  16 | New best validation loss: 0.437316
2025-12-26 21:21:40,740 | INFO     | stage1_bias_analysis.py:train_model:154 | Epoch  17 | New best validation loss: 0.437106
2025-12-26 21:21:41,143 | INFO     | stage1_bias_analysis.py:train_model:154 | Epoch  18 | New best validation loss: 0.436963
2025-12-26 21:21:41,582 | INFO     | stage1_bias_analysis.py:train_model:154 | Epoch  19 | New best validation loss: 0.436804
2025-12-26 21:21:41,991 | INFO     | stage1_bias_analysis.py:train_model:145 | Epoch  20 | Train Loss: 0.425246 | Val Loss: 0.436654
2025-12-26 21:21:42,406 | INFO     | stage1_bias_analysis.py:train_model:154 | Epoch  21 | New best validation loss: 0.436481
2025-12-26 21:21:42,823 | INFO     | stage1_bias_analysis.py:train_model:154 | Epoch  22 | New best validation loss: 0.436314
2025-12-26 21:21:43,237 | INFO     | stage1_bias_analysis.py:train_model:154 | Epoch  23 | New best validation loss: 0.436168
2025-12-26 21:21:43,644 | INFO     | stage1_bias_analysis.py:train_model:154 | Epoch  24 | New best validation loss: 0.436008
2025-12-26 21:21:44,069 | INFO     | stage1_bias_analysis.py:train_model:154 | Epoch  25 | New best validation loss: 0.435798
2025-12-26 21:21:44,486 | INFO     | stage1_bias_analysis.py:train_model:154 | Epoch  26 | New best validation loss: 0.435587
2025-12-26 21:21:45,319 | INFO     | stage1_bias_analysis.py:train_model:154 | Epoch  28 | New best validation loss: 0.435436
2025-12-26 21:21:45,732 | INFO     | stage1_bias_analysis.py:train_model:154 | Epoch  29 | New best validation loss: 0.435189
2025-12-26 21:21:46,151 | INFO     | stage1_bias_analysis.py:train_model:154 | Epoch  30 | New best validation loss: 0.435008
2025-12-26 21:21:46,973 | INFO     | stage1_bias_analysis.py:train_model:154 | Epoch  32 | New best validation loss: 0.434883
2025-12-26 21:21:47,391 | INFO     | stage1_bias_analysis.py:train_model:154 | Epoch  33 | New best validation loss: 0.434781
2025-12-26 21:21:47,805 | INFO     | stage1_bias_analysis.py:train_model:154 | Epoch  34 | New best validation loss: 0.434710
2025-12-26 21:21:48,219 | INFO     | stage1_bias_analysis.py:train_model:154 | Epoch  35 | New best validation loss: 0.434563
2025-12-26 21:21:49,049 | INFO     | stage1_bias_analysis.py:train_model:154 | Epoch  37 | New best validation loss: 0.434498
2025-12-26 21:21:49,890 | INFO     | stage1_bias_analysis.py:train_model:154 | Epoch  39 | New best validation loss: 0.434359
2025-12-26 21:21:50,310 | INFO     | stage1_bias_analysis.py:train_model:145 | Epoch  40 | Train Loss: 0.418785 | Val Loss: 0.434392
2025-12-26 21:21:51,146 | INFO     | stage1_bias_analysis.py:train_model:154 | Epoch  42 | New best validation loss: 0.434196
2025-12-26 21:21:51,968 | INFO     | stage1_bias_analysis.py:train_model:154 | Epoch  44 | New best validation loss: 0.434034
2025-12-26 21:21:52,792 | INFO     | stage1_bias_analysis.py:train_model:154 | Epoch  46 | New best validation loss: 0.433945
2025-12-26 21:21:53,621 | INFO     | stage1_bias_analysis.py:train_model:154 | Epoch  48 | New best validation loss: 0.433900
2025-12-26 21:21:54,451 | INFO     | stage1_bias_analysis.py:train_model:154 | Epoch  50 | New best validation loss: 0.433678
2025-12-26 21:21:58,593 | INFO     | stage1_bias_analysis.py:train_model:145 | Epoch  60 | Train Loss: 0.414774 | Val Loss: 0.433659
2025-12-26 21:21:59,421 | INFO     | stage1_bias_analysis.py:train_model:154 | Epoch  62 | New best validation loss: 0.433551
2025-12-26 21:21:59,843 | INFO     | stage1_bias_analysis.py:train_model:154 | Epoch  63 | New best validation loss: 0.433504
2025-12-26 21:22:06,887 | INFO     | stage1_bias_analysis.py:train_model:145 | Epoch  80 | Train Loss: 0.412059 | Val Loss: 0.434045
2025-12-26 21:22:15,155 | INFO     | stage1_bias_analysis.py:train_model:145 | Epoch 100 | Train Loss: 0.409872 | Val Loss: 0.433934
2025-12-26 21:22:23,489 | INFO     | stage1_bias_analysis.py:train_model:145 | Epoch 120 | Train Loss: 0.408175 | Val Loss: 0.434049
2025-12-26 21:22:31,792 | INFO     | stage1_bias_analysis.py:train_model:145 | Epoch 140 | Train Loss: 0.406666 | Val Loss: 0.434569
2025-12-26 21:22:40,115 | INFO     | stage1_bias_analysis.py:train_model:145 | Epoch 160 | Train Loss: 0.405044 | Val Loss: 0.434683
2025-12-26 21:22:48,429 | INFO     | stage1_bias_analysis.py:train_model:145 | Epoch 180 | Train Loss: 0.403558 | Val Loss: 0.434703
2025-12-26 21:22:56,339 | INFO     | stage1_bias_analysis.py:train_model:145 | Epoch 199 | Train Loss: 0.401617 | Val Loss: 0.434509
2025-12-26 21:22:56,340 | INFO     | stage1_bias_analysis.py:train_model:159 | Restored best model from epoch 63 with validation loss: 0.433504
2025-12-26 21:22:56,340 | INFO     | stage1_bias_analysis.py:main:443 | Training completed. Best validation loss: 0.433504
2025-12-26 21:22:56,342 | INFO     | stage1_bias_analysis.py:main:448 | Original Model saved to: /home/arjun/remote_github/Fairness_Testing/Fairness_Neuron_Repair/ml_models/nlsb/nlsb__nn_stage1_original__20251226_21_21_29.pth
2025-12-26 21:22:56,342 | INFO     | stage1_bias_analysis.py:main:453 | 
--- BASELINE EVALUATION (Before Surgery) ---
2025-12-26 21:22:56,376 | INFO     | stage1_bias_analysis.py:main:469 | Baseline Income Accuracy: 70.2648%
2025-12-26 21:22:56,377 | INFO     | stage1_bias_analysis.py:main:478 | Baseline Accuracy (Class 0): 72.7763% (371 samples)
2025-12-26 21:22:56,378 | INFO     | stage1_bias_analysis.py:main:481 | Baseline Accuracy (Class 1): 68.7398% (611 samples)
2025-12-26 21:22:56,383 | INFO     | preprocess.py:patch_test_categories:188 | Column race has 4 categories in training data that are missing in test data
2025-12-26 21:22:56,423 | INFO     | preprocess.py:patch_test_categories:202 | Added 4 dummy rows to test data for categories missing in test set
2025-12-26 21:22:56,423 | INFO     | preprocess.py:patch_test_categories:204 |   - race: 4 categories
2025-12-26 21:22:56,423 | INFO     | preprocess.py:patch_test_categories:188 | Column race has 4 categories in training data that are missing in test data
2025-12-26 21:22:56,430 | INFO     | preprocess.py:patch_test_categories:202 | Added 4 dummy rows to test data for categories missing in test set
2025-12-26 21:22:56,430 | INFO     | preprocess.py:patch_test_categories:204 |   - race: 4 categories
2025-12-26 21:22:56,833 | INFO     | stage1_bias_analysis.py:main:492 | Baseline Counterfactual Discrimination: 431/982 (43.89%)
2025-12-26 21:22:56,833 | INFO     | stage1_bias_analysis.py:main:501 | Baseline AOD: 0.378723
2025-12-26 21:22:56,833 | INFO     | stage1_bias_analysis.py:main:502 | Baseline EOD: 0.397872
2025-12-26 21:22:56,833 | INFO     | stage1_bias_analysis.py:main:507 | 
--- STARTING INLP PROCESS ---
2025-12-26 21:22:56,833 | INFO     | stage1_bias_analysis.py:main:510 | Extracting raw activations from layer 3...
2025-12-26 21:22:56,965 | INFO     | stage1_bias_analysis.py:main:515 | 
--- Activation Statistics (Before Projection) ---
2025-12-26 21:22:56,965 | INFO     | stage1_bias_analysis.py:main:516 | Train activations shape: (3926, 64)
2025-12-26 21:22:56,966 | INFO     | stage1_bias_analysis.py:main:517 | Train activations - Mean: 0.114431, Std: 0.109348
2025-12-26 21:22:56,966 | INFO     | stage1_bias_analysis.py:main:518 | Train activations - L2 norm: 79.337852
2025-12-26 21:22:56,966 | INFO     | stage1_bias_analysis.py:main:519 | Train activations - Min: 0.000000, Max: 0.709911
2025-12-26 21:22:56,966 | INFO     | stage1_bias_analysis.py:main:520 | Test activations shape: (982, 64)
2025-12-26 21:22:56,966 | INFO     | stage1_bias_analysis.py:main:521 | Test activations - Mean: 0.114364, Std: 0.110332
2025-12-26 21:22:56,966 | INFO     | stage1_bias_analysis.py:main:522 | Test activations - L2 norm: 39.837856
2025-12-26 21:22:56,966 | INFO     | stage1_bias_analysis.py:main:523 | ================================================================================
2025-12-26 21:22:56,967 | INFO     | stage1_bias_analysis.py:main:536 | Computing Projection Matrix (P) and Training Gender SVM...
2025-12-26 21:22:56,967 | INFO     | stage1_bias_analysis.py:main:537 | Using same validation set as NN training: 3338 train, 588 val
2025-12-26 21:22:56,967 | INFO     | inlp_core.py:get_projection_and_svm:19 | Training Initial Gender Detector (SVM)...
2025-12-26 21:22:57,002 | INFO     | inlp_core.py:get_projection_and_svm:31 | Using validation set: 3338 train, 588 val
2025-12-26 21:22:57,002 | INFO     | inlp_core.py:get_projection_and_svm:33 | Starting INLP (n_iter=2, alpha=1.0)...
2025-12-26 21:22:57,059 | INFO     | inlp_core.py:get_projection_and_svm:42 | Iter 1: SVM Acc = 0.7415
2025-12-26 21:22:57,140 | INFO     | inlp_core.py:get_projection_and_svm:42 | Iter 2: SVM Acc = 0.7415
2025-12-26 21:22:57,142 | INFO     | inlp_core.py:get_projection_and_svm:75 | 
--- Projection Matrix Analysis ---
2025-12-26 21:22:57,143 | INFO     | inlp_core.py:get_projection_and_svm:78 | Projection matrix rank: 62/64
2025-12-26 21:22:57,143 | INFO     | inlp_core.py:get_projection_and_svm:79 | ==================================================
2025-12-26 21:22:57,144 | INFO     | stage1_bias_analysis.py:main:546 | 
--- EVALUATING GENDER INFORMATION (SVM) ---
2025-12-26 21:22:57,176 | INFO     | stage1_bias_analysis.py:main:557 | Gender SVM Accuracy (Before Projection):
2025-12-26 21:22:57,176 | INFO     | stage1_bias_analysis.py:main:558 |    Train: 73.7901%
2025-12-26 21:22:57,176 | INFO     | stage1_bias_analysis.py:main:559 |    Test:  73.8289% (Indicates bias presence)
2025-12-26 21:22:57,176 | INFO     | stage1_bias_analysis.py:main:560 |    Test Female (class 0): 75.1064%
2025-12-26 21:22:57,176 | INFO     | stage1_bias_analysis.py:main:561 |    Test Male (class 1):   72.6562%
2025-12-26 21:22:57,189 | INFO     | stage1_bias_analysis.py:main:572 | 
--- Activation Statistics (After Projection) ---
2025-12-26 21:22:57,189 | INFO     | stage1_bias_analysis.py:main:573 | Train activations (projected) shape: (3926, 64)
2025-12-26 21:22:57,191 | INFO     | stage1_bias_analysis.py:main:574 | Train activations (projected) - Mean: 0.000013, Std: 0.035002
2025-12-26 21:22:57,191 | INFO     | stage1_bias_analysis.py:main:575 | Train activations (projected) - L2 norm: 17.545231
2025-12-26 21:22:57,191 | INFO     | stage1_bias_analysis.py:main:576 | Test activations (projected) shape: (982, 64)
2025-12-26 21:22:57,192 | INFO     | stage1_bias_analysis.py:main:577 | Test activations (projected) - L2 norm: 9.071064
2025-12-26 21:22:57,203 | INFO     | stage1_bias_analysis.py:main:584 | Train activation norm change: 44.025291 -> 17.545231 (-60.15%)
2025-12-26 21:22:57,203 | INFO     | stage1_bias_analysis.py:main:585 | Test activation norm change: 22.330627 -> 9.071064 (-59.38%)
2025-12-26 21:22:57,203 | INFO     | stage1_bias_analysis.py:main:586 | ================================================================================
2025-12-26 21:22:57,209 | INFO     | stage1_bias_analysis.py:main:595 | Gender SVM Accuracy (After Projection):
2025-12-26 21:22:57,209 | INFO     | stage1_bias_analysis.py:main:596 |    Train: 73.7137%
2025-12-26 21:22:57,209 | INFO     | stage1_bias_analysis.py:main:597 |    Test:  73.6253% (Should be ~50% if successful)
2025-12-26 21:22:57,209 | INFO     | stage1_bias_analysis.py:main:598 |    Test Female (class 0): 75.1064%
2025-12-26 21:22:57,210 | INFO     | stage1_bias_analysis.py:main:599 |    Test Male (class 1):   72.2656%
2025-12-26 21:22:57,210 | INFO     | stage1_bias_analysis.py:main:604 | 
--- APPLYING WEIGHT SURGERY ---
2025-12-26 21:22:57,210 | INFO     | inlp_core.py:perform_weight_surgery:93 | 
--- Performing Weight Surgery ---
2025-12-26 21:22:57,320 | INFO     | inlp_core.py:perform_weight_surgery:102 | W_old shape: torch.Size([1, 64]), norm: 1.510986
2025-12-26 21:22:57,347 | INFO     | inlp_core.py:perform_weight_surgery:103 | P_tensor shape: torch.Size([64, 64]), norm: 7.874008
2025-12-26 21:22:57,347 | INFO     | inlp_core.py:perform_weight_surgery:104 | P_tensor symmetry error: 0.00e+00
2025-12-26 21:22:57,414 | INFO     | inlp_core.py:perform_weight_surgery:117 | Weights updated successfully. W_new shape: torch.Size([1, 64]), norm: 0.601100
2025-12-26 21:22:57,415 | INFO     | inlp_core.py:perform_weight_surgery:118 | Weight change magnitude: 1.386275
2025-12-26 21:22:57,416 | INFO     | inlp_core.py:perform_weight_surgery:138 | Bias updated to account for data centering.
2025-12-26 21:22:57,416 | INFO     | inlp_core.py:perform_weight_surgery:139 |   Bias correction magnitude: 0.579289, Bias norm: 0.075798 -> 0.655087
2025-12-26 21:22:57,418 | INFO     | stage1_bias_analysis.py:main:610 | Repaired Model saved to: /home/arjun/remote_github/Fairness_Testing/Fairness_Neuron_Repair/ml_models/nlsb/nlsb__nn_stage1_inlp_repaired__20251226_21_21_29.pth
2025-12-26 21:22:57,418 | INFO     | stage1_bias_analysis.py:main:615 | 
--- FINAL EVALUATION (After Surgery) ---
2025-12-26 21:22:57,421 | INFO     | stage1_bias_analysis.py:main:628 | Final Income Accuracy: 74.1344%
2025-12-26 21:22:57,421 | INFO     | stage1_bias_analysis.py:main:629 | Accuracy Drop: -3.8697%
2025-12-26 21:22:57,422 | INFO     | stage1_bias_analysis.py:main:638 | Final Accuracy (Class 0): 55.2561% (371 samples)
2025-12-26 21:22:57,422 | INFO     | stage1_bias_analysis.py:main:641 | Final Accuracy (Class 1): 85.5974% (611 samples)
2025-12-26 21:22:57,425 | INFO     | preprocess.py:patch_test_categories:188 | Column race has 4 categories in training data that are missing in test data
2025-12-26 21:22:57,451 | INFO     | preprocess.py:patch_test_categories:202 | Added 4 dummy rows to test data for categories missing in test set
2025-12-26 21:22:57,451 | INFO     | preprocess.py:patch_test_categories:204 |   - race: 4 categories
2025-12-26 21:22:57,452 | INFO     | preprocess.py:patch_test_categories:188 | Column race has 4 categories in training data that are missing in test data
2025-12-26 21:22:57,479 | INFO     | preprocess.py:patch_test_categories:202 | Added 4 dummy rows to test data for categories missing in test set
2025-12-26 21:22:57,479 | INFO     | preprocess.py:patch_test_categories:204 |   - race: 4 categories
2025-12-26 21:22:57,844 | INFO     | stage1_bias_analysis.py:main:650 | Final Counterfactual Discrimination: 341/982 (34.73%)
2025-12-26 21:22:57,845 | INFO     | stage1_bias_analysis.py:main:658 | Final AOD: 0.339503
2025-12-26 21:22:57,845 | INFO     | stage1_bias_analysis.py:main:659 | Final EOD: 0.236170
2025-12-26 21:22:57,845 | INFO     | stage1_bias_analysis.py:main:680 | 
Improvement Ratios:
2025-12-26 21:22:57,845 | INFO     | stage1_bias_analysis.py:main:682 |   Accuracy Change Ratio: -5.51%
2025-12-26 21:22:57,845 | INFO     | stage1_bias_analysis.py:main:687 |   Discrimination Change Ratio: 20.88%
2025-12-26 21:22:57,845 | INFO     | stage1_bias_analysis.py:main:697 | 
================================================================================
2025-12-26 21:22:57,845 | INFO     | stage1_bias_analysis.py:main:698 | SUMMARY (Requested Ordering)
2025-12-26 21:22:57,845 | INFO     | stage1_bias_analysis.py:main:699 | Before fix:
2025-12-26 21:22:57,845 | INFO     | stage1_bias_analysis.py:main:700 |   Accuracy: 70.2648%
2025-12-26 21:22:57,845 | INFO     | stage1_bias_analysis.py:main:701 |   Classwise Accuracy (Class 0): 72.7763%
2025-12-26 21:22:57,845 | INFO     | stage1_bias_analysis.py:main:702 |   Classwise Accuracy (Class 1): 68.7398%
2025-12-26 21:22:57,845 | INFO     | stage1_bias_analysis.py:main:703 |   Avg Prob (Pred Class 0): 0.315282
2025-12-26 21:22:57,845 | INFO     | stage1_bias_analysis.py:main:704 |   Avg Prob (Pred Class 1): 0.702958
2025-12-26 21:22:57,845 | INFO     | stage1_bias_analysis.py:main:705 |   SVM Accuracy (Gender) Test: 73.8289%
2025-12-26 21:22:57,845 | INFO     | stage1_bias_analysis.py:main:706 |   SVM Classwise Accuracy (Female): 75.1064%
2025-12-26 21:22:57,845 | INFO     | stage1_bias_analysis.py:main:707 |   SVM Classwise Accuracy (Male):   72.6562%
2025-12-26 21:22:57,845 | INFO     | stage1_bias_analysis.py:main:708 |   Counterfactual Fairness (Discrimination %): 43.89%
2025-12-26 21:22:57,845 | INFO     | stage1_bias_analysis.py:main:709 |   AOD: 0.378723
2025-12-26 21:22:57,846 | INFO     | stage1_bias_analysis.py:main:710 |   EOD: 0.397872
2025-12-26 21:22:57,846 | INFO     | stage1_bias_analysis.py:main:712 | After fix:
2025-12-26 21:22:57,846 | INFO     | stage1_bias_analysis.py:main:713 |   Accuracy: 74.1344%
2025-12-26 21:22:57,846 | INFO     | stage1_bias_analysis.py:main:714 |   Classwise Accuracy (Class 0): 55.2561%
2025-12-26 21:22:57,846 | INFO     | stage1_bias_analysis.py:main:715 |   Classwise Accuracy (Class 1): 85.5974%
2025-12-26 21:22:57,846 | INFO     | stage1_bias_analysis.py:main:716 |   Avg Prob (Pred Class 0): 0.467687
2025-12-26 21:22:57,846 | INFO     | stage1_bias_analysis.py:main:717 |   Avg Prob (Pred Class 1): 0.542255
2025-12-26 21:22:57,846 | INFO     | stage1_bias_analysis.py:main:718 |   SVM Accuracy (Gender) Test: 73.6253%
2025-12-26 21:22:57,846 | INFO     | stage1_bias_analysis.py:main:719 |   SVM Classwise Accuracy (Female): 75.1064%
2025-12-26 21:22:57,846 | INFO     | stage1_bias_analysis.py:main:720 |   SVM Classwise Accuracy (Male):   72.2656%
2025-12-26 21:22:57,846 | INFO     | stage1_bias_analysis.py:main:721 |   Counterfactual Fairness (Discrimination %): 34.73%
2025-12-26 21:22:57,846 | INFO     | stage1_bias_analysis.py:main:722 |   AOD: 0.339503
2025-12-26 21:22:57,846 | INFO     | stage1_bias_analysis.py:main:723 |   EOD: 0.236170
2025-12-26 21:22:57,846 | INFO     | stage1_bias_analysis.py:main:725 | Change before and after fix:
2025-12-26 21:22:57,846 | INFO     | stage1_bias_analysis.py:main:726 |   Accuracy (% change): 5.51%
2025-12-26 21:22:57,846 | INFO     | stage1_bias_analysis.py:main:727 |   Class 0 Accuracy (% change): -24.07%
2025-12-26 21:22:57,846 | INFO     | stage1_bias_analysis.py:main:728 |   Class 1 Accuracy (% change): 24.52%
2025-12-26 21:22:57,846 | INFO     | stage1_bias_analysis.py:main:729 |   Avg Prob (Pred Class 0) (% change): 48.34%
2025-12-26 21:22:57,846 | INFO     | stage1_bias_analysis.py:main:730 |   Avg Prob (Pred Class 1) (% change): -22.86%
2025-12-26 21:22:57,846 | INFO     | stage1_bias_analysis.py:main:731 |   SVM Accuracy (% change): -0.28%
2025-12-26 21:22:57,846 | INFO     | stage1_bias_analysis.py:main:732 |   SVM Female (% change): 0.00%
2025-12-26 21:22:57,846 | INFO     | stage1_bias_analysis.py:main:733 |   SVM Male (% change):   -0.54%
2025-12-26 21:22:57,846 | INFO     | stage1_bias_analysis.py:main:734 |   Counterfactual Fairness (Discrimination %) (% change): -20.88%
2025-12-26 21:22:57,846 | INFO     | stage1_bias_analysis.py:main:735 |   AOD (% change): -10.36%
2025-12-26 21:22:57,847 | INFO     | stage1_bias_analysis.py:main:736 |   EOD (% change): -40.64%
2025-12-26 21:22:57,847 | INFO     | stage1_bias_analysis.py:main:737 | ================================================================================
2025-12-26 21:22:57,847 | INFO     | stage1_bias_analysis.py:main:779 | Process end time: 2025-12-26 21:22:57
2025-12-26 21:22:57,847 | INFO     | stage1_bias_analysis.py:main:780 | Total execution time: 1 minutes 28 seconds (88.70 seconds)
2025-12-26 21:22:57,847 | INFO     | stage1_bias_analysis.py:main:781 | ================================================================================
