2025-12-26 21:24:42,922 | INFO     | logger_utils.py:init_logger:48 | Log file created at Fairness_Neuron_Repair/logs/nlsb/stage1_bias_analysis_20251226_21_24_42_inlp_iters_2_inlp_alpha_0.8.log. Console will show WARNING level messages and above (default).
2025-12-26 21:24:42,922 | INFO     | stage1_bias_analysis.py:main:357 | STAGE 1: BIAS ANALYSIS AND INLP REPAIR
2025-12-26 21:24:42,922 | INFO     | stage1_bias_analysis.py:main:358 | Process start time: 2025-12-26 21:24:42
2025-12-26 21:24:42,951 | INFO     | preprocess.py:preprocess_data_for_ml_models:99 | Preprocessing data for ML Network training
2025-12-26 21:24:42,951 | INFO     | preprocess.py:preprocess_data_for_ml_models:100 | Loading pre-split train/test data created by download_split_dataset_router
2025-12-26 21:24:42,977 | INFO     | preprocess.py:preprocess_data_for_ml_models:115 | Data loaded - Train: 3926, Test: 982
2025-12-26 21:24:42,979 | INFO     | preprocess.py:preprocess_data_for_ml_models:131 | Initializing and fitting HyperTransformer on training features...
2025-12-26 21:24:43,395 | INFO     | preprocess.py:preprocess_data_for_ml_models:134 | HyperTransformer fitted successfully on training features
2025-12-26 21:24:43,419 | INFO     | preprocess.py:preprocess_data_for_ml_models:141 | HyperTransformer saved to: Fairness_Neuron_Repair/ml_models/nlsb/nlsb_train_hypertransformer.pkl
2025-12-26 21:24:43,419 | INFO     | preprocess.py:preprocess_data_for_ml_models:143 | Skipping sensitive attribute balancing for Fader Network to ensure consistent comparison with ML models.
2025-12-26 21:24:43,419 | INFO     | preprocess.py:preprocess_data_for_ml_models:144 | X_train length: 3926, column headers (original distribution): Index(['age', 'race', 'sex', 'grade90', 'partner', 'height', 'weight',
       'famsize', 'genhealth', 'illegalact', 'charged', 'jobsnum90', 'afqt89',
       'typejob90', 'jobtrain90'],
      dtype='object')
2025-12-26 21:24:43,419 | INFO     | preprocess.py:preprocess_data_for_ml_models:147 | Loading existing HyperTransformer from ML training stage...
2025-12-26 21:24:43,428 | INFO     | preprocess.py:load_hypertransformer:44 | Successfully loaded HyperTransformer from: Fairness_Neuron_Repair/ml_models/nlsb/nlsb_train_hypertransformer.pkl
2025-12-26 21:24:43,429 | INFO     | preprocess.py:preprocess_data_for_ml_models:149 | Successfully loaded pre-trained HyperTransformer - no retraining needed
2025-12-26 21:24:43,429 | INFO     | preprocess.py:patch_test_categories:188 | Column race has 4 categories in training data that are missing in test data
2025-12-26 21:24:43,463 | INFO     | preprocess.py:patch_test_categories:202 | Added 4 dummy rows to test data for categories missing in test set
2025-12-26 21:24:43,463 | INFO     | preprocess.py:patch_test_categories:204 |   - race: 4 categories
2025-12-26 21:24:43,756 | INFO     | preprocess.py:preprocess_data_for_ml_models:165 | X_train_transformed column headers: Index(['age', 'race.value0', 'race.value1', 'race.value2', 'race.value3',
       'race.value4', 'race.value5', 'race.value6', 'race.value7',
       'race.value8', 'race.value9', 'race.value10', 'race.value11',
       'race.value12', 'race.value13', 'race.value14', 'race.value15',
       'race.value16', 'race.value17', 'race.value18', 'race.value19',
       'race.value20', 'race.value21', 'race.value22', 'race.value23',
       'race.value24', 'race.value25', 'race.value26', 'race.value27',
       'race.value28', 'sex.value0', 'sex.value1', 'grade90.value0',
       'grade90.value1', 'grade90.value2', 'grade90.value3', 'grade90.value4',
       'grade90.value5', 'grade90.value6', 'grade90.value7', 'grade90.value8',
       'grade90.value9', 'grade90.value10', 'grade90.value11',
       'grade90.value12', 'grade90.value13', 'grade90.value14',
       'grade90.value15', 'grade90.value16', 'grade90.value17',
       'partner.value0', 'partner.value1', 'height', 'weight', 'famsize',
       'genhealth.value0', 'genhealth.value1', 'genhealth.value2',
       'genhealth.value3', 'genhealth.value4', 'illegalact.value0',
       'illegalact.value1', 'illegalact.value2', 'illegalact.value3',
       'illegalact.value4', 'illegalact.value5', 'illegalact.value6',
       'charged.value0', 'charged.value1', 'jobsnum90', 'afqt89',
       'typejob90.value0', 'typejob90.value1', 'typejob90.value2',
       'typejob90.value3', 'typejob90.value4', 'typejob90.value5',
       'typejob90.value6', 'typejob90.value7', 'typejob90.value8',
       'typejob90.value9', 'typejob90.value10', 'typejob90.value11',
       'typejob90.value12', 'jobtrain90.value0', 'jobtrain90.value1'],
      dtype='object')
2025-12-26 21:24:43,968 | INFO     | stage1_bias_analysis.py:main:388 | Training data: 3926 samples
2025-12-26 21:24:43,970 | INFO     | stage1_bias_analysis.py:main:389 | Gender distribution (Train): {'Female': 1981, 'Male': 1945}
2025-12-26 21:24:43,971 | INFO     | stage1_bias_analysis.py:main:423 | 
Data split: 3338 training samples, 588 validation samples
2025-12-26 21:24:43,971 | INFO     | stage1_bias_analysis.py:main:424 | Created DataLoaders: 53 train batches, 10 val batches (batch_size=64)
2025-12-26 21:24:43,987 | INFO     | stage1_bias_analysis.py:main:430 | Class distribution: Class 0=1482, Class 1=2444, pos_weight=0.6064
2025-12-26 21:24:47,299 | INFO     | stage1_bias_analysis.py:main:437 | 
Training neural network (Baseline) for fixed epochs with validation monitoring...
2025-12-26 21:24:48,421 | INFO     | stage1_bias_analysis.py:train_model:145 | Epoch   0 | Train Loss: 0.517055 | Val Loss: 0.514471
2025-12-26 21:24:48,884 | INFO     | stage1_bias_analysis.py:train_model:154 | Epoch   1 | New best validation loss: 0.463864
2025-12-26 21:24:49,325 | INFO     | stage1_bias_analysis.py:train_model:154 | Epoch   2 | New best validation loss: 0.452580
2025-12-26 21:24:49,767 | INFO     | stage1_bias_analysis.py:train_model:154 | Epoch   3 | New best validation loss: 0.447969
2025-12-26 21:24:50,208 | INFO     | stage1_bias_analysis.py:train_model:154 | Epoch   4 | New best validation loss: 0.445488
2025-12-26 21:24:50,659 | INFO     | stage1_bias_analysis.py:train_model:154 | Epoch   5 | New best validation loss: 0.443981
2025-12-26 21:24:51,172 | INFO     | stage1_bias_analysis.py:train_model:154 | Epoch   6 | New best validation loss: 0.443054
2025-12-26 21:24:51,619 | INFO     | stage1_bias_analysis.py:train_model:154 | Epoch   7 | New best validation loss: 0.442048
2025-12-26 21:24:52,077 | INFO     | stage1_bias_analysis.py:train_model:154 | Epoch   8 | New best validation loss: 0.441139
2025-12-26 21:24:52,576 | INFO     | stage1_bias_analysis.py:train_model:154 | Epoch   9 | New best validation loss: 0.440379
2025-12-26 21:24:53,018 | INFO     | stage1_bias_analysis.py:train_model:154 | Epoch  10 | New best validation loss: 0.439685
2025-12-26 21:24:53,475 | INFO     | stage1_bias_analysis.py:train_model:154 | Epoch  11 | New best validation loss: 0.439082
2025-12-26 21:24:53,956 | INFO     | stage1_bias_analysis.py:train_model:154 | Epoch  12 | New best validation loss: 0.438641
2025-12-26 21:24:54,461 | INFO     | stage1_bias_analysis.py:train_model:154 | Epoch  13 | New best validation loss: 0.438236
2025-12-26 21:24:54,942 | INFO     | stage1_bias_analysis.py:train_model:154 | Epoch  14 | New best validation loss: 0.437921
2025-12-26 21:24:55,446 | INFO     | stage1_bias_analysis.py:train_model:154 | Epoch  15 | New best validation loss: 0.437602
2025-12-26 21:24:55,903 | INFO     | stage1_bias_analysis.py:train_model:154 | Epoch  16 | New best validation loss: 0.437316
2025-12-26 21:24:56,428 | INFO     | stage1_bias_analysis.py:train_model:154 | Epoch  17 | New best validation loss: 0.437106
2025-12-26 21:24:56,867 | INFO     | stage1_bias_analysis.py:train_model:154 | Epoch  18 | New best validation loss: 0.436963
2025-12-26 21:24:57,371 | INFO     | stage1_bias_analysis.py:train_model:154 | Epoch  19 | New best validation loss: 0.436804
2025-12-26 21:24:57,911 | INFO     | stage1_bias_analysis.py:train_model:145 | Epoch  20 | Train Loss: 0.425246 | Val Loss: 0.436654
2025-12-26 21:24:58,460 | INFO     | stage1_bias_analysis.py:train_model:154 | Epoch  21 | New best validation loss: 0.436481
2025-12-26 21:24:58,978 | INFO     | stage1_bias_analysis.py:train_model:154 | Epoch  22 | New best validation loss: 0.436314
2025-12-26 21:24:59,548 | INFO     | stage1_bias_analysis.py:train_model:154 | Epoch  23 | New best validation loss: 0.436168
2025-12-26 21:25:00,097 | INFO     | stage1_bias_analysis.py:train_model:154 | Epoch  24 | New best validation loss: 0.436008
2025-12-26 21:25:00,605 | INFO     | stage1_bias_analysis.py:train_model:154 | Epoch  25 | New best validation loss: 0.435798
2025-12-26 21:25:01,114 | INFO     | stage1_bias_analysis.py:train_model:154 | Epoch  26 | New best validation loss: 0.435587
2025-12-26 21:25:02,188 | INFO     | stage1_bias_analysis.py:train_model:154 | Epoch  28 | New best validation loss: 0.435436
2025-12-26 21:25:02,753 | INFO     | stage1_bias_analysis.py:train_model:154 | Epoch  29 | New best validation loss: 0.435189
2025-12-26 21:25:03,269 | INFO     | stage1_bias_analysis.py:train_model:154 | Epoch  30 | New best validation loss: 0.435008
2025-12-26 21:25:04,229 | INFO     | stage1_bias_analysis.py:train_model:154 | Epoch  32 | New best validation loss: 0.434883
2025-12-26 21:25:04,739 | INFO     | stage1_bias_analysis.py:train_model:154 | Epoch  33 | New best validation loss: 0.434781
2025-12-26 21:25:05,218 | INFO     | stage1_bias_analysis.py:train_model:154 | Epoch  34 | New best validation loss: 0.434710
2025-12-26 21:25:05,662 | INFO     | stage1_bias_analysis.py:train_model:154 | Epoch  35 | New best validation loss: 0.434563
2025-12-26 21:25:06,666 | INFO     | stage1_bias_analysis.py:train_model:154 | Epoch  37 | New best validation loss: 0.434498
2025-12-26 21:25:07,672 | INFO     | stage1_bias_analysis.py:train_model:154 | Epoch  39 | New best validation loss: 0.434359
2025-12-26 21:25:08,172 | INFO     | stage1_bias_analysis.py:train_model:145 | Epoch  40 | Train Loss: 0.418785 | Val Loss: 0.434392
2025-12-26 21:25:09,106 | INFO     | stage1_bias_analysis.py:train_model:154 | Epoch  42 | New best validation loss: 0.434196
2025-12-26 21:25:10,029 | INFO     | stage1_bias_analysis.py:train_model:154 | Epoch  44 | New best validation loss: 0.434034
2025-12-26 21:25:11,074 | INFO     | stage1_bias_analysis.py:train_model:154 | Epoch  46 | New best validation loss: 0.433945
2025-12-26 21:25:11,973 | INFO     | stage1_bias_analysis.py:train_model:154 | Epoch  48 | New best validation loss: 0.433900
2025-12-26 21:25:12,903 | INFO     | stage1_bias_analysis.py:train_model:154 | Epoch  50 | New best validation loss: 0.433678
2025-12-26 21:25:17,645 | INFO     | stage1_bias_analysis.py:train_model:145 | Epoch  60 | Train Loss: 0.414774 | Val Loss: 0.433659
2025-12-26 21:25:18,604 | INFO     | stage1_bias_analysis.py:train_model:154 | Epoch  62 | New best validation loss: 0.433551
2025-12-26 21:25:19,061 | INFO     | stage1_bias_analysis.py:train_model:154 | Epoch  63 | New best validation loss: 0.433504
2025-12-26 21:25:27,243 | INFO     | stage1_bias_analysis.py:train_model:145 | Epoch  80 | Train Loss: 0.412059 | Val Loss: 0.434045
2025-12-26 21:25:36,889 | INFO     | stage1_bias_analysis.py:train_model:145 | Epoch 100 | Train Loss: 0.409872 | Val Loss: 0.433934
2025-12-26 21:25:46,887 | INFO     | stage1_bias_analysis.py:train_model:145 | Epoch 120 | Train Loss: 0.408175 | Val Loss: 0.434049
2025-12-26 21:25:56,492 | INFO     | stage1_bias_analysis.py:train_model:145 | Epoch 140 | Train Loss: 0.406666 | Val Loss: 0.434569
2025-12-26 21:26:05,927 | INFO     | stage1_bias_analysis.py:train_model:145 | Epoch 160 | Train Loss: 0.405044 | Val Loss: 0.434683
2025-12-26 21:26:15,074 | INFO     | stage1_bias_analysis.py:train_model:145 | Epoch 180 | Train Loss: 0.403558 | Val Loss: 0.434703
2025-12-26 21:26:23,403 | INFO     | stage1_bias_analysis.py:train_model:145 | Epoch 199 | Train Loss: 0.401617 | Val Loss: 0.434509
2025-12-26 21:26:23,404 | INFO     | stage1_bias_analysis.py:train_model:159 | Restored best model from epoch 63 with validation loss: 0.433504
2025-12-26 21:26:23,404 | INFO     | stage1_bias_analysis.py:main:443 | Training completed. Best validation loss: 0.433504
2025-12-26 21:26:23,407 | INFO     | stage1_bias_analysis.py:main:448 | Original Model saved to: /home/arjun/remote_github/Fairness_Testing/Fairness_Neuron_Repair/ml_models/nlsb/nlsb__nn_stage1_original__20251226_21_24_42.pth
2025-12-26 21:26:23,407 | INFO     | stage1_bias_analysis.py:main:453 | 
--- BASELINE EVALUATION (Before Surgery) ---
2025-12-26 21:26:23,419 | INFO     | stage1_bias_analysis.py:main:469 | Baseline Income Accuracy: 70.2648%
2025-12-26 21:26:23,420 | INFO     | stage1_bias_analysis.py:main:478 | Baseline Accuracy (Class 0): 72.7763% (371 samples)
2025-12-26 21:26:23,421 | INFO     | stage1_bias_analysis.py:main:481 | Baseline Accuracy (Class 1): 68.7398% (611 samples)
2025-12-26 21:26:23,426 | INFO     | preprocess.py:patch_test_categories:188 | Column race has 4 categories in training data that are missing in test data
2025-12-26 21:26:23,435 | INFO     | preprocess.py:patch_test_categories:202 | Added 4 dummy rows to test data for categories missing in test set
2025-12-26 21:26:23,435 | INFO     | preprocess.py:patch_test_categories:204 |   - race: 4 categories
2025-12-26 21:26:23,435 | INFO     | preprocess.py:patch_test_categories:188 | Column race has 4 categories in training data that are missing in test data
2025-12-26 21:26:23,442 | INFO     | preprocess.py:patch_test_categories:202 | Added 4 dummy rows to test data for categories missing in test set
2025-12-26 21:26:23,442 | INFO     | preprocess.py:patch_test_categories:204 |   - race: 4 categories
2025-12-26 21:26:23,693 | INFO     | stage1_bias_analysis.py:main:492 | Baseline Counterfactual Discrimination: 431/982 (43.89%)
2025-12-26 21:26:23,693 | INFO     | stage1_bias_analysis.py:main:501 | Baseline AOD: 0.378723
2025-12-26 21:26:23,693 | INFO     | stage1_bias_analysis.py:main:502 | Baseline EOD: 0.397872
2025-12-26 21:26:23,693 | INFO     | stage1_bias_analysis.py:main:507 | 
--- STARTING INLP PROCESS ---
2025-12-26 21:26:23,693 | INFO     | stage1_bias_analysis.py:main:510 | Extracting raw activations from layer 3...
2025-12-26 21:26:23,811 | INFO     | stage1_bias_analysis.py:main:515 | 
--- Activation Statistics (Before Projection) ---
2025-12-26 21:26:23,811 | INFO     | stage1_bias_analysis.py:main:516 | Train activations shape: (3926, 64)
2025-12-26 21:26:23,812 | INFO     | stage1_bias_analysis.py:main:517 | Train activations - Mean: 0.114431, Std: 0.109348
2025-12-26 21:26:23,813 | INFO     | stage1_bias_analysis.py:main:518 | Train activations - L2 norm: 79.337852
2025-12-26 21:26:23,813 | INFO     | stage1_bias_analysis.py:main:519 | Train activations - Min: 0.000000, Max: 0.709911
2025-12-26 21:26:23,813 | INFO     | stage1_bias_analysis.py:main:520 | Test activations shape: (982, 64)
2025-12-26 21:26:23,814 | INFO     | stage1_bias_analysis.py:main:521 | Test activations - Mean: 0.114364, Std: 0.110332
2025-12-26 21:26:23,814 | INFO     | stage1_bias_analysis.py:main:522 | Test activations - L2 norm: 39.837856
2025-12-26 21:26:23,814 | INFO     | stage1_bias_analysis.py:main:523 | ================================================================================
2025-12-26 21:26:23,816 | INFO     | stage1_bias_analysis.py:main:536 | Computing Projection Matrix (P) and Training Gender SVM...
2025-12-26 21:26:23,816 | INFO     | stage1_bias_analysis.py:main:537 | Using same validation set as NN training: 3338 train, 588 val
2025-12-26 21:26:23,816 | INFO     | inlp_core.py:get_projection_and_svm:19 | Training Initial Gender Detector (SVM)...
2025-12-26 21:26:23,843 | INFO     | inlp_core.py:get_projection_and_svm:31 | Using validation set: 3338 train, 588 val
2025-12-26 21:26:23,843 | INFO     | inlp_core.py:get_projection_and_svm:33 | Starting INLP (n_iter=2, alpha=0.8)...
2025-12-26 21:26:23,875 | INFO     | inlp_core.py:get_projection_and_svm:42 | Iter 1: SVM Acc = 0.7415
2025-12-26 21:26:23,909 | INFO     | inlp_core.py:get_projection_and_svm:42 | Iter 2: SVM Acc = 0.7415
2025-12-26 21:26:23,910 | INFO     | inlp_core.py:get_projection_and_svm:75 | 
--- Projection Matrix Analysis ---
2025-12-26 21:26:23,911 | INFO     | inlp_core.py:get_projection_and_svm:78 | Projection matrix rank: 64/64
2025-12-26 21:26:23,911 | INFO     | inlp_core.py:get_projection_and_svm:79 | ==================================================
2025-12-26 21:26:23,913 | INFO     | stage1_bias_analysis.py:main:546 | 
--- EVALUATING GENDER INFORMATION (SVM) ---
2025-12-26 21:26:23,926 | INFO     | stage1_bias_analysis.py:main:557 | Gender SVM Accuracy (Before Projection):
2025-12-26 21:26:23,926 | INFO     | stage1_bias_analysis.py:main:558 |    Train: 73.7901%
2025-12-26 21:26:23,926 | INFO     | stage1_bias_analysis.py:main:559 |    Test:  73.8289% (Indicates bias presence)
2025-12-26 21:26:23,926 | INFO     | stage1_bias_analysis.py:main:560 |    Test Female (class 0): 75.1064%
2025-12-26 21:26:23,926 | INFO     | stage1_bias_analysis.py:main:561 |    Test Male (class 1):   72.6562%
2025-12-26 21:26:23,932 | INFO     | stage1_bias_analysis.py:main:572 | 
--- Activation Statistics (After Projection) ---
2025-12-26 21:26:23,932 | INFO     | stage1_bias_analysis.py:main:573 | Train activations (projected) shape: (3926, 64)
2025-12-26 21:26:23,935 | INFO     | stage1_bias_analysis.py:main:574 | Train activations (projected) - Mean: 0.000018, Std: 0.037370
2025-12-26 21:26:23,935 | INFO     | stage1_bias_analysis.py:main:575 | Train activations (projected) - L2 norm: 18.732159
2025-12-26 21:26:23,935 | INFO     | stage1_bias_analysis.py:main:576 | Test activations (projected) shape: (982, 64)
2025-12-26 21:26:23,936 | INFO     | stage1_bias_analysis.py:main:577 | Test activations (projected) - L2 norm: 9.657640
2025-12-26 21:26:23,937 | INFO     | stage1_bias_analysis.py:main:584 | Train activation norm change: 44.025291 -> 18.732159 (-57.45%)
2025-12-26 21:26:23,937 | INFO     | stage1_bias_analysis.py:main:585 | Test activation norm change: 22.330627 -> 9.657640 (-56.75%)
2025-12-26 21:26:23,937 | INFO     | stage1_bias_analysis.py:main:586 | ================================================================================
2025-12-26 21:26:23,943 | INFO     | stage1_bias_analysis.py:main:595 | Gender SVM Accuracy (After Projection):
2025-12-26 21:26:23,944 | INFO     | stage1_bias_analysis.py:main:596 |    Train: 73.8156%
2025-12-26 21:26:23,944 | INFO     | stage1_bias_analysis.py:main:597 |    Test:  73.9308% (Should be ~50% if successful)
2025-12-26 21:26:23,944 | INFO     | stage1_bias_analysis.py:main:598 |    Test Female (class 0): 75.3191%
2025-12-26 21:26:23,944 | INFO     | stage1_bias_analysis.py:main:599 |    Test Male (class 1):   72.6562%
2025-12-26 21:26:23,944 | INFO     | stage1_bias_analysis.py:main:604 | 
--- APPLYING WEIGHT SURGERY ---
2025-12-26 21:26:23,944 | INFO     | inlp_core.py:perform_weight_surgery:93 | 
--- Performing Weight Surgery ---
2025-12-26 21:26:23,994 | INFO     | inlp_core.py:perform_weight_surgery:102 | W_old shape: torch.Size([1, 64]), norm: 1.510986
2025-12-26 21:26:23,995 | INFO     | inlp_core.py:perform_weight_surgery:103 | P_tensor shape: torch.Size([64, 64]), norm: 7.891154
2025-12-26 21:26:23,995 | INFO     | inlp_core.py:perform_weight_surgery:104 | P_tensor symmetry error: 3.66e-01
2025-12-26 21:26:24,045 | INFO     | inlp_core.py:perform_weight_surgery:117 | Weights updated successfully. W_new shape: torch.Size([1, 64]), norm: 0.622184
2025-12-26 21:26:24,045 | INFO     | inlp_core.py:perform_weight_surgery:118 | Weight change magnitude: 1.325841
2025-12-26 21:26:24,048 | INFO     | inlp_core.py:perform_weight_surgery:138 | Bias updated to account for data centering.
2025-12-26 21:26:24,048 | INFO     | inlp_core.py:perform_weight_surgery:139 |   Bias correction magnitude: 0.554802, Bias norm: 0.075798 -> 0.630599
2025-12-26 21:26:24,053 | INFO     | stage1_bias_analysis.py:main:610 | Repaired Model saved to: /home/arjun/remote_github/Fairness_Testing/Fairness_Neuron_Repair/ml_models/nlsb/nlsb__nn_stage1_inlp_repaired__20251226_21_24_42.pth
2025-12-26 21:26:24,053 | INFO     | stage1_bias_analysis.py:main:615 | 
--- FINAL EVALUATION (After Surgery) ---
2025-12-26 21:26:24,057 | INFO     | stage1_bias_analysis.py:main:628 | Final Income Accuracy: 72.7088%
2025-12-26 21:26:24,057 | INFO     | stage1_bias_analysis.py:main:629 | Accuracy Drop: -2.4440%
2025-12-26 21:26:24,058 | INFO     | stage1_bias_analysis.py:main:638 | Final Accuracy (Class 0): 58.4906% (371 samples)
2025-12-26 21:26:24,058 | INFO     | stage1_bias_analysis.py:main:641 | Final Accuracy (Class 1): 81.3421% (611 samples)
2025-12-26 21:26:24,061 | INFO     | preprocess.py:patch_test_categories:188 | Column race has 4 categories in training data that are missing in test data
2025-12-26 21:26:24,069 | INFO     | preprocess.py:patch_test_categories:202 | Added 4 dummy rows to test data for categories missing in test set
2025-12-26 21:26:24,069 | INFO     | preprocess.py:patch_test_categories:204 |   - race: 4 categories
2025-12-26 21:26:24,069 | INFO     | preprocess.py:patch_test_categories:188 | Column race has 4 categories in training data that are missing in test data
2025-12-26 21:26:24,076 | INFO     | preprocess.py:patch_test_categories:202 | Added 4 dummy rows to test data for categories missing in test set
2025-12-26 21:26:24,077 | INFO     | preprocess.py:patch_test_categories:204 |   - race: 4 categories
2025-12-26 21:26:24,341 | INFO     | stage1_bias_analysis.py:main:650 | Final Counterfactual Discrimination: 374/982 (38.09%)
2025-12-26 21:26:24,341 | INFO     | stage1_bias_analysis.py:main:658 | Final AOD: 0.367131
2025-12-26 21:26:24,341 | INFO     | stage1_bias_analysis.py:main:659 | Final EOD: 0.298404
2025-12-26 21:26:24,341 | INFO     | stage1_bias_analysis.py:main:680 | 
Improvement Ratios:
2025-12-26 21:26:24,341 | INFO     | stage1_bias_analysis.py:main:682 |   Accuracy Change Ratio: -3.48%
2025-12-26 21:26:24,341 | INFO     | stage1_bias_analysis.py:main:687 |   Discrimination Change Ratio: 13.23%
2025-12-26 21:26:24,341 | INFO     | stage1_bias_analysis.py:main:697 | 
================================================================================
2025-12-26 21:26:24,341 | INFO     | stage1_bias_analysis.py:main:698 | SUMMARY (Requested Ordering)
2025-12-26 21:26:24,342 | INFO     | stage1_bias_analysis.py:main:699 | Before fix:
2025-12-26 21:26:24,342 | INFO     | stage1_bias_analysis.py:main:700 |   Accuracy: 70.2648%
2025-12-26 21:26:24,342 | INFO     | stage1_bias_analysis.py:main:701 |   Classwise Accuracy (Class 0): 72.7763%
2025-12-26 21:26:24,342 | INFO     | stage1_bias_analysis.py:main:702 |   Classwise Accuracy (Class 1): 68.7398%
2025-12-26 21:26:24,342 | INFO     | stage1_bias_analysis.py:main:703 |   Avg Prob (Pred Class 0): 0.315282
2025-12-26 21:26:24,342 | INFO     | stage1_bias_analysis.py:main:704 |   Avg Prob (Pred Class 1): 0.702958
2025-12-26 21:26:24,342 | INFO     | stage1_bias_analysis.py:main:705 |   SVM Accuracy (Gender) Test: 73.8289%
2025-12-26 21:26:24,342 | INFO     | stage1_bias_analysis.py:main:706 |   SVM Classwise Accuracy (Female): 75.1064%
2025-12-26 21:26:24,342 | INFO     | stage1_bias_analysis.py:main:707 |   SVM Classwise Accuracy (Male):   72.6562%
2025-12-26 21:26:24,342 | INFO     | stage1_bias_analysis.py:main:708 |   Counterfactual Fairness (Discrimination %): 43.89%
2025-12-26 21:26:24,342 | INFO     | stage1_bias_analysis.py:main:709 |   AOD: 0.378723
2025-12-26 21:26:24,342 | INFO     | stage1_bias_analysis.py:main:710 |   EOD: 0.397872
2025-12-26 21:26:24,342 | INFO     | stage1_bias_analysis.py:main:712 | After fix:
2025-12-26 21:26:24,342 | INFO     | stage1_bias_analysis.py:main:713 |   Accuracy: 72.7088%
2025-12-26 21:26:24,342 | INFO     | stage1_bias_analysis.py:main:714 |   Classwise Accuracy (Class 0): 58.4906%
2025-12-26 21:26:24,342 | INFO     | stage1_bias_analysis.py:main:715 |   Classwise Accuracy (Class 1): 81.3421%
2025-12-26 21:26:24,342 | INFO     | stage1_bias_analysis.py:main:716 |   Avg Prob (Pred Class 0): 0.459981
2025-12-26 21:26:24,342 | INFO     | stage1_bias_analysis.py:main:717 |   Avg Prob (Pred Class 1): 0.550880
2025-12-26 21:26:24,342 | INFO     | stage1_bias_analysis.py:main:718 |   SVM Accuracy (Gender) Test: 73.9308%
2025-12-26 21:26:24,343 | INFO     | stage1_bias_analysis.py:main:719 |   SVM Classwise Accuracy (Female): 75.3191%
2025-12-26 21:26:24,343 | INFO     | stage1_bias_analysis.py:main:720 |   SVM Classwise Accuracy (Male):   72.6562%
2025-12-26 21:26:24,343 | INFO     | stage1_bias_analysis.py:main:721 |   Counterfactual Fairness (Discrimination %): 38.09%
2025-12-26 21:26:24,343 | INFO     | stage1_bias_analysis.py:main:722 |   AOD: 0.367131
2025-12-26 21:26:24,343 | INFO     | stage1_bias_analysis.py:main:723 |   EOD: 0.298404
2025-12-26 21:26:24,343 | INFO     | stage1_bias_analysis.py:main:725 | Change before and after fix:
2025-12-26 21:26:24,343 | INFO     | stage1_bias_analysis.py:main:726 |   Accuracy (% change): 3.48%
2025-12-26 21:26:24,343 | INFO     | stage1_bias_analysis.py:main:727 |   Class 0 Accuracy (% change): -19.63%
2025-12-26 21:26:24,343 | INFO     | stage1_bias_analysis.py:main:728 |   Class 1 Accuracy (% change): 18.33%
2025-12-26 21:26:24,343 | INFO     | stage1_bias_analysis.py:main:729 |   Avg Prob (Pred Class 0) (% change): 45.90%
2025-12-26 21:26:24,343 | INFO     | stage1_bias_analysis.py:main:730 |   Avg Prob (Pred Class 1) (% change): -21.63%
2025-12-26 21:26:24,343 | INFO     | stage1_bias_analysis.py:main:731 |   SVM Accuracy (% change): 0.14%
2025-12-26 21:26:24,343 | INFO     | stage1_bias_analysis.py:main:732 |   SVM Female (% change): 0.28%
2025-12-26 21:26:24,343 | INFO     | stage1_bias_analysis.py:main:733 |   SVM Male (% change):   0.00%
2025-12-26 21:26:24,343 | INFO     | stage1_bias_analysis.py:main:734 |   Counterfactual Fairness (Discrimination %) (% change): -13.23%
2025-12-26 21:26:24,343 | INFO     | stage1_bias_analysis.py:main:735 |   AOD (% change): -3.06%
2025-12-26 21:26:24,344 | INFO     | stage1_bias_analysis.py:main:736 |   EOD (% change): -25.00%
2025-12-26 21:26:24,364 | INFO     | stage1_bias_analysis.py:main:737 | ================================================================================
2025-12-26 21:26:24,365 | INFO     | stage1_bias_analysis.py:main:779 | Process end time: 2025-12-26 21:26:24
2025-12-26 21:26:24,365 | INFO     | stage1_bias_analysis.py:main:780 | Total execution time: 1 minutes 41 seconds (101.44 seconds)
2025-12-26 21:26:24,365 | INFO     | stage1_bias_analysis.py:main:781 | ================================================================================
