2025-12-26 21:24:41,081 | INFO     | logger_utils.py:init_logger:48 | Log file created at Fairness_Neuron_Repair/logs/nlsb/stage1_bias_analysis_20251226_21_24_41_inlp_iters_1_inlp_alpha_0.8.log. Console will show WARNING level messages and above (default).
2025-12-26 21:24:41,081 | INFO     | stage1_bias_analysis.py:main:357 | STAGE 1: BIAS ANALYSIS AND INLP REPAIR
2025-12-26 21:24:41,081 | INFO     | stage1_bias_analysis.py:main:358 | Process start time: 2025-12-26 21:24:41
2025-12-26 21:24:41,093 | INFO     | preprocess.py:preprocess_data_for_ml_models:99 | Preprocessing data for ML Network training
2025-12-26 21:24:41,094 | INFO     | preprocess.py:preprocess_data_for_ml_models:100 | Loading pre-split train/test data created by download_split_dataset_router
2025-12-26 21:24:41,103 | INFO     | preprocess.py:preprocess_data_for_ml_models:115 | Data loaded - Train: 3926, Test: 982
2025-12-26 21:24:41,105 | INFO     | preprocess.py:preprocess_data_for_ml_models:131 | Initializing and fitting HyperTransformer on training features...
2025-12-26 21:24:41,299 | INFO     | preprocess.py:preprocess_data_for_ml_models:134 | HyperTransformer fitted successfully on training features
2025-12-26 21:24:41,316 | INFO     | preprocess.py:preprocess_data_for_ml_models:141 | HyperTransformer saved to: Fairness_Neuron_Repair/ml_models/nlsb/nlsb_train_hypertransformer.pkl
2025-12-26 21:24:41,316 | INFO     | preprocess.py:preprocess_data_for_ml_models:143 | Skipping sensitive attribute balancing for Fader Network to ensure consistent comparison with ML models.
2025-12-26 21:24:41,316 | INFO     | preprocess.py:preprocess_data_for_ml_models:144 | X_train length: 3926, column headers (original distribution): Index(['age', 'race', 'sex', 'grade90', 'partner', 'height', 'weight',
       'famsize', 'genhealth', 'illegalact', 'charged', 'jobsnum90', 'afqt89',
       'typejob90', 'jobtrain90'],
      dtype='object')
2025-12-26 21:24:41,317 | INFO     | preprocess.py:preprocess_data_for_ml_models:147 | Loading existing HyperTransformer from ML training stage...
2025-12-26 21:24:41,336 | INFO     | preprocess.py:load_hypertransformer:44 | Successfully loaded HyperTransformer from: Fairness_Neuron_Repair/ml_models/nlsb/nlsb_train_hypertransformer.pkl
2025-12-26 21:24:41,336 | INFO     | preprocess.py:preprocess_data_for_ml_models:149 | Successfully loaded pre-trained HyperTransformer - no retraining needed
2025-12-26 21:24:41,337 | INFO     | preprocess.py:patch_test_categories:188 | Column race has 4 categories in training data that are missing in test data
2025-12-26 21:24:41,349 | INFO     | preprocess.py:patch_test_categories:202 | Added 4 dummy rows to test data for categories missing in test set
2025-12-26 21:24:41,349 | INFO     | preprocess.py:patch_test_categories:204 |   - race: 4 categories
2025-12-26 21:24:41,483 | INFO     | preprocess.py:preprocess_data_for_ml_models:165 | X_train_transformed column headers: Index(['age', 'race.value0', 'race.value1', 'race.value2', 'race.value3',
       'race.value4', 'race.value5', 'race.value6', 'race.value7',
       'race.value8', 'race.value9', 'race.value10', 'race.value11',
       'race.value12', 'race.value13', 'race.value14', 'race.value15',
       'race.value16', 'race.value17', 'race.value18', 'race.value19',
       'race.value20', 'race.value21', 'race.value22', 'race.value23',
       'race.value24', 'race.value25', 'race.value26', 'race.value27',
       'race.value28', 'sex.value0', 'sex.value1', 'grade90.value0',
       'grade90.value1', 'grade90.value2', 'grade90.value3', 'grade90.value4',
       'grade90.value5', 'grade90.value6', 'grade90.value7', 'grade90.value8',
       'grade90.value9', 'grade90.value10', 'grade90.value11',
       'grade90.value12', 'grade90.value13', 'grade90.value14',
       'grade90.value15', 'grade90.value16', 'grade90.value17',
       'partner.value0', 'partner.value1', 'height', 'weight', 'famsize',
       'genhealth.value0', 'genhealth.value1', 'genhealth.value2',
       'genhealth.value3', 'genhealth.value4', 'illegalact.value0',
       'illegalact.value1', 'illegalact.value2', 'illegalact.value3',
       'illegalact.value4', 'illegalact.value5', 'illegalact.value6',
       'charged.value0', 'charged.value1', 'jobsnum90', 'afqt89',
       'typejob90.value0', 'typejob90.value1', 'typejob90.value2',
       'typejob90.value3', 'typejob90.value4', 'typejob90.value5',
       'typejob90.value6', 'typejob90.value7', 'typejob90.value8',
       'typejob90.value9', 'typejob90.value10', 'typejob90.value11',
       'typejob90.value12', 'jobtrain90.value0', 'jobtrain90.value1'],
      dtype='object')
2025-12-26 21:24:41,667 | INFO     | stage1_bias_analysis.py:main:388 | Training data: 3926 samples
2025-12-26 21:24:41,668 | INFO     | stage1_bias_analysis.py:main:389 | Gender distribution (Train): {'Female': 1981, 'Male': 1945}
2025-12-26 21:24:41,669 | INFO     | stage1_bias_analysis.py:main:423 | 
Data split: 3338 training samples, 588 validation samples
2025-12-26 21:24:41,669 | INFO     | stage1_bias_analysis.py:main:424 | Created DataLoaders: 53 train batches, 10 val batches (batch_size=64)
2025-12-26 21:24:41,694 | INFO     | stage1_bias_analysis.py:main:430 | Class distribution: Class 0=1482, Class 1=2444, pos_weight=0.6064
2025-12-26 21:24:44,197 | INFO     | stage1_bias_analysis.py:main:437 | 
Training neural network (Baseline) for fixed epochs with validation monitoring...
2025-12-26 21:24:45,110 | INFO     | stage1_bias_analysis.py:train_model:145 | Epoch   0 | Train Loss: 0.517055 | Val Loss: 0.514471
2025-12-26 21:24:45,523 | INFO     | stage1_bias_analysis.py:train_model:154 | Epoch   1 | New best validation loss: 0.463864
2025-12-26 21:24:45,881 | INFO     | stage1_bias_analysis.py:train_model:154 | Epoch   2 | New best validation loss: 0.452580
2025-12-26 21:24:46,226 | INFO     | stage1_bias_analysis.py:train_model:154 | Epoch   3 | New best validation loss: 0.447969
2025-12-26 21:24:46,606 | INFO     | stage1_bias_analysis.py:train_model:154 | Epoch   4 | New best validation loss: 0.445488
2025-12-26 21:24:46,996 | INFO     | stage1_bias_analysis.py:train_model:154 | Epoch   5 | New best validation loss: 0.443981
2025-12-26 21:24:47,404 | INFO     | stage1_bias_analysis.py:train_model:154 | Epoch   6 | New best validation loss: 0.443054
2025-12-26 21:24:47,831 | INFO     | stage1_bias_analysis.py:train_model:154 | Epoch   7 | New best validation loss: 0.442048
2025-12-26 21:24:48,281 | INFO     | stage1_bias_analysis.py:train_model:154 | Epoch   8 | New best validation loss: 0.441139
2025-12-26 21:24:48,742 | INFO     | stage1_bias_analysis.py:train_model:154 | Epoch   9 | New best validation loss: 0.440379
2025-12-26 21:24:49,177 | INFO     | stage1_bias_analysis.py:train_model:154 | Epoch  10 | New best validation loss: 0.439685
2025-12-26 21:24:49,617 | INFO     | stage1_bias_analysis.py:train_model:154 | Epoch  11 | New best validation loss: 0.439082
2025-12-26 21:24:50,060 | INFO     | stage1_bias_analysis.py:train_model:154 | Epoch  12 | New best validation loss: 0.438641
2025-12-26 21:24:50,501 | INFO     | stage1_bias_analysis.py:train_model:154 | Epoch  13 | New best validation loss: 0.438236
2025-12-26 21:24:50,976 | INFO     | stage1_bias_analysis.py:train_model:154 | Epoch  14 | New best validation loss: 0.437921
2025-12-26 21:24:51,458 | INFO     | stage1_bias_analysis.py:train_model:154 | Epoch  15 | New best validation loss: 0.437602
2025-12-26 21:24:51,896 | INFO     | stage1_bias_analysis.py:train_model:154 | Epoch  16 | New best validation loss: 0.437316
2025-12-26 21:24:52,377 | INFO     | stage1_bias_analysis.py:train_model:154 | Epoch  17 | New best validation loss: 0.437106
2025-12-26 21:24:52,833 | INFO     | stage1_bias_analysis.py:train_model:154 | Epoch  18 | New best validation loss: 0.436963
2025-12-26 21:24:53,276 | INFO     | stage1_bias_analysis.py:train_model:154 | Epoch  19 | New best validation loss: 0.436804
2025-12-26 21:24:53,729 | INFO     | stage1_bias_analysis.py:train_model:145 | Epoch  20 | Train Loss: 0.425246 | Val Loss: 0.436654
2025-12-26 21:24:54,234 | INFO     | stage1_bias_analysis.py:train_model:154 | Epoch  21 | New best validation loss: 0.436481
2025-12-26 21:24:54,711 | INFO     | stage1_bias_analysis.py:train_model:154 | Epoch  22 | New best validation loss: 0.436314
2025-12-26 21:24:55,206 | INFO     | stage1_bias_analysis.py:train_model:154 | Epoch  23 | New best validation loss: 0.436168
2025-12-26 21:24:55,647 | INFO     | stage1_bias_analysis.py:train_model:154 | Epoch  24 | New best validation loss: 0.436008
2025-12-26 21:24:56,152 | INFO     | stage1_bias_analysis.py:train_model:154 | Epoch  25 | New best validation loss: 0.435798
2025-12-26 21:24:56,638 | INFO     | stage1_bias_analysis.py:train_model:154 | Epoch  26 | New best validation loss: 0.435587
2025-12-26 21:24:57,601 | INFO     | stage1_bias_analysis.py:train_model:154 | Epoch  28 | New best validation loss: 0.435436
2025-12-26 21:24:58,117 | INFO     | stage1_bias_analysis.py:train_model:154 | Epoch  29 | New best validation loss: 0.435189
2025-12-26 21:24:58,678 | INFO     | stage1_bias_analysis.py:train_model:154 | Epoch  30 | New best validation loss: 0.435008
2025-12-26 21:24:59,747 | INFO     | stage1_bias_analysis.py:train_model:154 | Epoch  32 | New best validation loss: 0.434883
2025-12-26 21:25:00,291 | INFO     | stage1_bias_analysis.py:train_model:154 | Epoch  33 | New best validation loss: 0.434781
2025-12-26 21:25:00,767 | INFO     | stage1_bias_analysis.py:train_model:154 | Epoch  34 | New best validation loss: 0.434710
2025-12-26 21:25:01,288 | INFO     | stage1_bias_analysis.py:train_model:154 | Epoch  35 | New best validation loss: 0.434563
2025-12-26 21:25:02,341 | INFO     | stage1_bias_analysis.py:train_model:154 | Epoch  37 | New best validation loss: 0.434498
2025-12-26 21:25:03,410 | INFO     | stage1_bias_analysis.py:train_model:154 | Epoch  39 | New best validation loss: 0.434359
2025-12-26 21:25:03,896 | INFO     | stage1_bias_analysis.py:train_model:145 | Epoch  40 | Train Loss: 0.418785 | Val Loss: 0.434392
2025-12-26 21:25:04,866 | INFO     | stage1_bias_analysis.py:train_model:154 | Epoch  42 | New best validation loss: 0.434196
2025-12-26 21:25:05,757 | INFO     | stage1_bias_analysis.py:train_model:154 | Epoch  44 | New best validation loss: 0.434034
2025-12-26 21:25:06,778 | INFO     | stage1_bias_analysis.py:train_model:154 | Epoch  46 | New best validation loss: 0.433945
2025-12-26 21:25:07,754 | INFO     | stage1_bias_analysis.py:train_model:154 | Epoch  48 | New best validation loss: 0.433900
2025-12-26 21:25:08,681 | INFO     | stage1_bias_analysis.py:train_model:154 | Epoch  50 | New best validation loss: 0.433678
2025-12-26 21:25:13,451 | INFO     | stage1_bias_analysis.py:train_model:145 | Epoch  60 | Train Loss: 0.414774 | Val Loss: 0.433659
2025-12-26 21:25:14,450 | INFO     | stage1_bias_analysis.py:train_model:154 | Epoch  62 | New best validation loss: 0.433551
2025-12-26 21:25:14,884 | INFO     | stage1_bias_analysis.py:train_model:154 | Epoch  63 | New best validation loss: 0.433504
2025-12-26 21:25:22,666 | INFO     | stage1_bias_analysis.py:train_model:145 | Epoch  80 | Train Loss: 0.412059 | Val Loss: 0.434045
2025-12-26 21:25:32,443 | INFO     | stage1_bias_analysis.py:train_model:145 | Epoch 100 | Train Loss: 0.409872 | Val Loss: 0.433934
2025-12-26 21:25:41,994 | INFO     | stage1_bias_analysis.py:train_model:145 | Epoch 120 | Train Loss: 0.408175 | Val Loss: 0.434049
2025-12-26 21:25:51,772 | INFO     | stage1_bias_analysis.py:train_model:145 | Epoch 140 | Train Loss: 0.406666 | Val Loss: 0.434569
2025-12-26 21:26:01,233 | INFO     | stage1_bias_analysis.py:train_model:145 | Epoch 160 | Train Loss: 0.405044 | Val Loss: 0.434683
2025-12-26 21:26:10,162 | INFO     | stage1_bias_analysis.py:train_model:145 | Epoch 180 | Train Loss: 0.403558 | Val Loss: 0.434703
2025-12-26 21:26:18,983 | INFO     | stage1_bias_analysis.py:train_model:145 | Epoch 199 | Train Loss: 0.401617 | Val Loss: 0.434509
2025-12-26 21:26:18,983 | INFO     | stage1_bias_analysis.py:train_model:159 | Restored best model from epoch 63 with validation loss: 0.433504
2025-12-26 21:26:18,984 | INFO     | stage1_bias_analysis.py:main:443 | Training completed. Best validation loss: 0.433504
2025-12-26 21:26:18,986 | INFO     | stage1_bias_analysis.py:main:448 | Original Model saved to: /home/arjun/remote_github/Fairness_Testing/Fairness_Neuron_Repair/ml_models/nlsb/nlsb__nn_stage1_original__20251226_21_24_41.pth
2025-12-26 21:26:18,986 | INFO     | stage1_bias_analysis.py:main:453 | 
--- BASELINE EVALUATION (Before Surgery) ---
2025-12-26 21:26:19,020 | INFO     | stage1_bias_analysis.py:main:469 | Baseline Income Accuracy: 70.2648%
2025-12-26 21:26:19,021 | INFO     | stage1_bias_analysis.py:main:478 | Baseline Accuracy (Class 0): 72.7763% (371 samples)
2025-12-26 21:26:19,021 | INFO     | stage1_bias_analysis.py:main:481 | Baseline Accuracy (Class 1): 68.7398% (611 samples)
2025-12-26 21:26:19,050 | INFO     | preprocess.py:patch_test_categories:188 | Column race has 4 categories in training data that are missing in test data
2025-12-26 21:26:19,060 | INFO     | preprocess.py:patch_test_categories:202 | Added 4 dummy rows to test data for categories missing in test set
2025-12-26 21:26:19,060 | INFO     | preprocess.py:patch_test_categories:204 |   - race: 4 categories
2025-12-26 21:26:19,061 | INFO     | preprocess.py:patch_test_categories:188 | Column race has 4 categories in training data that are missing in test data
2025-12-26 21:26:19,092 | INFO     | preprocess.py:patch_test_categories:202 | Added 4 dummy rows to test data for categories missing in test set
2025-12-26 21:26:19,092 | INFO     | preprocess.py:patch_test_categories:204 |   - race: 4 categories
2025-12-26 21:26:19,535 | INFO     | stage1_bias_analysis.py:main:492 | Baseline Counterfactual Discrimination: 431/982 (43.89%)
2025-12-26 21:26:19,536 | INFO     | stage1_bias_analysis.py:main:501 | Baseline AOD: 0.378723
2025-12-26 21:26:19,536 | INFO     | stage1_bias_analysis.py:main:502 | Baseline EOD: 0.397872
2025-12-26 21:26:19,536 | INFO     | stage1_bias_analysis.py:main:507 | 
--- STARTING INLP PROCESS ---
2025-12-26 21:26:19,536 | INFO     | stage1_bias_analysis.py:main:510 | Extracting raw activations from layer 3...
2025-12-26 21:26:19,685 | INFO     | stage1_bias_analysis.py:main:515 | 
--- Activation Statistics (Before Projection) ---
2025-12-26 21:26:19,685 | INFO     | stage1_bias_analysis.py:main:516 | Train activations shape: (3926, 64)
2025-12-26 21:26:19,686 | INFO     | stage1_bias_analysis.py:main:517 | Train activations - Mean: 0.114431, Std: 0.109348
2025-12-26 21:26:19,686 | INFO     | stage1_bias_analysis.py:main:518 | Train activations - L2 norm: 79.337852
2025-12-26 21:26:19,686 | INFO     | stage1_bias_analysis.py:main:519 | Train activations - Min: 0.000000, Max: 0.709911
2025-12-26 21:26:19,686 | INFO     | stage1_bias_analysis.py:main:520 | Test activations shape: (982, 64)
2025-12-26 21:26:19,687 | INFO     | stage1_bias_analysis.py:main:521 | Test activations - Mean: 0.114364, Std: 0.110332
2025-12-26 21:26:19,687 | INFO     | stage1_bias_analysis.py:main:522 | Test activations - L2 norm: 39.837856
2025-12-26 21:26:19,687 | INFO     | stage1_bias_analysis.py:main:523 | ================================================================================
2025-12-26 21:26:19,687 | INFO     | stage1_bias_analysis.py:main:536 | Computing Projection Matrix (P) and Training Gender SVM...
2025-12-26 21:26:19,687 | INFO     | stage1_bias_analysis.py:main:537 | Using same validation set as NN training: 3338 train, 588 val
2025-12-26 21:26:19,688 | INFO     | inlp_core.py:get_projection_and_svm:19 | Training Initial Gender Detector (SVM)...
2025-12-26 21:26:19,723 | INFO     | inlp_core.py:get_projection_and_svm:31 | Using validation set: 3338 train, 588 val
2025-12-26 21:26:19,723 | INFO     | inlp_core.py:get_projection_and_svm:33 | Starting INLP (n_iter=1, alpha=0.8)...
2025-12-26 21:26:19,765 | INFO     | inlp_core.py:get_projection_and_svm:42 | Iter 1: SVM Acc = 0.7415
2025-12-26 21:26:19,771 | INFO     | inlp_core.py:get_projection_and_svm:75 | 
--- Projection Matrix Analysis ---
2025-12-26 21:26:19,772 | INFO     | inlp_core.py:get_projection_and_svm:78 | Projection matrix rank: 64/64
2025-12-26 21:26:19,772 | INFO     | inlp_core.py:get_projection_and_svm:79 | ==================================================
2025-12-26 21:26:19,772 | INFO     | stage1_bias_analysis.py:main:546 | 
--- EVALUATING GENDER INFORMATION (SVM) ---
2025-12-26 21:26:19,802 | INFO     | stage1_bias_analysis.py:main:557 | Gender SVM Accuracy (Before Projection):
2025-12-26 21:26:19,802 | INFO     | stage1_bias_analysis.py:main:558 |    Train: 73.7901%
2025-12-26 21:26:19,802 | INFO     | stage1_bias_analysis.py:main:559 |    Test:  73.8289% (Indicates bias presence)
2025-12-26 21:26:19,803 | INFO     | stage1_bias_analysis.py:main:560 |    Test Female (class 0): 75.1064%
2025-12-26 21:26:19,803 | INFO     | stage1_bias_analysis.py:main:561 |    Test Male (class 1):   72.6562%
2025-12-26 21:26:19,814 | INFO     | stage1_bias_analysis.py:main:572 | 
--- Activation Statistics (After Projection) ---
2025-12-26 21:26:19,814 | INFO     | stage1_bias_analysis.py:main:573 | Train activations (projected) shape: (3926, 64)
2025-12-26 21:26:19,818 | INFO     | stage1_bias_analysis.py:main:574 | Train activations (projected) - Mean: 0.000023, Std: 0.053589
2025-12-26 21:26:19,832 | INFO     | stage1_bias_analysis.py:main:575 | Train activations (projected) - L2 norm: 26.862363
2025-12-26 21:26:19,832 | INFO     | stage1_bias_analysis.py:main:576 | Test activations (projected) shape: (982, 64)
2025-12-26 21:26:19,832 | INFO     | stage1_bias_analysis.py:main:577 | Test activations (projected) - L2 norm: 13.711686
2025-12-26 21:26:19,833 | INFO     | stage1_bias_analysis.py:main:584 | Train activation norm change: 44.025291 -> 26.862363 (-38.98%)
2025-12-26 21:26:19,833 | INFO     | stage1_bias_analysis.py:main:585 | Test activation norm change: 22.330627 -> 13.711686 (-38.60%)
2025-12-26 21:26:19,833 | INFO     | stage1_bias_analysis.py:main:586 | ================================================================================
2025-12-26 21:26:19,840 | INFO     | stage1_bias_analysis.py:main:595 | Gender SVM Accuracy (After Projection):
2025-12-26 21:26:19,841 | INFO     | stage1_bias_analysis.py:main:596 |    Train: 73.7901%
2025-12-26 21:26:19,841 | INFO     | stage1_bias_analysis.py:main:597 |    Test:  73.8289% (Should be ~50% if successful)
2025-12-26 21:26:19,841 | INFO     | stage1_bias_analysis.py:main:598 |    Test Female (class 0): 75.1064%
2025-12-26 21:26:19,841 | INFO     | stage1_bias_analysis.py:main:599 |    Test Male (class 1):   72.6562%
2025-12-26 21:26:19,841 | INFO     | stage1_bias_analysis.py:main:604 | 
--- APPLYING WEIGHT SURGERY ---
2025-12-26 21:26:19,841 | INFO     | inlp_core.py:perform_weight_surgery:93 | 
--- Performing Weight Surgery ---
2025-12-26 21:26:19,954 | INFO     | inlp_core.py:perform_weight_surgery:102 | W_old shape: torch.Size([1, 64]), norm: 1.510986
2025-12-26 21:26:19,954 | INFO     | inlp_core.py:perform_weight_surgery:103 | P_tensor shape: torch.Size([64, 64]), norm: 7.939774
2025-12-26 21:26:19,955 | INFO     | inlp_core.py:perform_weight_surgery:104 | P_tensor symmetry error: 0.00e+00
2025-12-26 21:26:20,020 | INFO     | inlp_core.py:perform_weight_surgery:117 | Weights updated successfully. W_new shape: torch.Size([1, 64]), norm: 0.922551
2025-12-26 21:26:20,020 | INFO     | inlp_core.py:perform_weight_surgery:118 | Weight change magnitude: 0.977063
2025-12-26 21:26:20,021 | INFO     | inlp_core.py:perform_weight_surgery:138 | Bias updated to account for data centering.
2025-12-26 21:26:20,021 | INFO     | inlp_core.py:perform_weight_surgery:139 |   Bias correction magnitude: 0.371276, Bias norm: 0.075798 -> 0.447074
2025-12-26 21:26:20,044 | INFO     | stage1_bias_analysis.py:main:610 | Repaired Model saved to: /home/arjun/remote_github/Fairness_Testing/Fairness_Neuron_Repair/ml_models/nlsb/nlsb__nn_stage1_inlp_repaired__20251226_21_24_41.pth
2025-12-26 21:26:20,044 | INFO     | stage1_bias_analysis.py:main:615 | 
--- FINAL EVALUATION (After Surgery) ---
2025-12-26 21:26:20,048 | INFO     | stage1_bias_analysis.py:main:628 | Final Income Accuracy: 71.9959%
2025-12-26 21:26:20,048 | INFO     | stage1_bias_analysis.py:main:629 | Accuracy Drop: -1.7312%
2025-12-26 21:26:20,049 | INFO     | stage1_bias_analysis.py:main:638 | Final Accuracy (Class 0): 70.3504% (371 samples)
2025-12-26 21:26:20,050 | INFO     | stage1_bias_analysis.py:main:641 | Final Accuracy (Class 1): 72.9951% (611 samples)
2025-12-26 21:26:20,054 | INFO     | preprocess.py:patch_test_categories:188 | Column race has 4 categories in training data that are missing in test data
2025-12-26 21:26:20,087 | INFO     | preprocess.py:patch_test_categories:202 | Added 4 dummy rows to test data for categories missing in test set
2025-12-26 21:26:20,087 | INFO     | preprocess.py:patch_test_categories:204 |   - race: 4 categories
2025-12-26 21:26:20,088 | INFO     | preprocess.py:patch_test_categories:188 | Column race has 4 categories in training data that are missing in test data
2025-12-26 21:26:20,113 | INFO     | preprocess.py:patch_test_categories:202 | Added 4 dummy rows to test data for categories missing in test set
2025-12-26 21:26:20,113 | INFO     | preprocess.py:patch_test_categories:204 |   - race: 4 categories
2025-12-26 21:26:20,587 | INFO     | stage1_bias_analysis.py:main:650 | Final Counterfactual Discrimination: 417/982 (42.46%)
2025-12-26 21:26:20,587 | INFO     | stage1_bias_analysis.py:main:658 | Final AOD: 0.379334
2025-12-26 21:26:20,587 | INFO     | stage1_bias_analysis.py:main:659 | Final EOD: 0.390957
2025-12-26 21:26:20,587 | INFO     | stage1_bias_analysis.py:main:680 | 
Improvement Ratios:
2025-12-26 21:26:20,587 | INFO     | stage1_bias_analysis.py:main:682 |   Accuracy Change Ratio: -2.46%
2025-12-26 21:26:20,587 | INFO     | stage1_bias_analysis.py:main:687 |   Discrimination Change Ratio: 3.25%
2025-12-26 21:26:20,587 | INFO     | stage1_bias_analysis.py:main:697 | 
================================================================================
2025-12-26 21:26:20,587 | INFO     | stage1_bias_analysis.py:main:698 | SUMMARY (Requested Ordering)
2025-12-26 21:26:20,587 | INFO     | stage1_bias_analysis.py:main:699 | Before fix:
2025-12-26 21:26:20,587 | INFO     | stage1_bias_analysis.py:main:700 |   Accuracy: 70.2648%
2025-12-26 21:26:20,587 | INFO     | stage1_bias_analysis.py:main:701 |   Classwise Accuracy (Class 0): 72.7763%
2025-12-26 21:26:20,587 | INFO     | stage1_bias_analysis.py:main:702 |   Classwise Accuracy (Class 1): 68.7398%
2025-12-26 21:26:20,587 | INFO     | stage1_bias_analysis.py:main:703 |   Avg Prob (Pred Class 0): 0.315282
2025-12-26 21:26:20,587 | INFO     | stage1_bias_analysis.py:main:704 |   Avg Prob (Pred Class 1): 0.702958
2025-12-26 21:26:20,588 | INFO     | stage1_bias_analysis.py:main:705 |   SVM Accuracy (Gender) Test: 73.8289%
2025-12-26 21:26:20,588 | INFO     | stage1_bias_analysis.py:main:706 |   SVM Classwise Accuracy (Female): 75.1064%
2025-12-26 21:26:20,588 | INFO     | stage1_bias_analysis.py:main:707 |   SVM Classwise Accuracy (Male):   72.6562%
2025-12-26 21:26:20,588 | INFO     | stage1_bias_analysis.py:main:708 |   Counterfactual Fairness (Discrimination %): 43.89%
2025-12-26 21:26:20,588 | INFO     | stage1_bias_analysis.py:main:709 |   AOD: 0.378723
2025-12-26 21:26:20,588 | INFO     | stage1_bias_analysis.py:main:710 |   EOD: 0.397872
2025-12-26 21:26:20,588 | INFO     | stage1_bias_analysis.py:main:712 | After fix:
2025-12-26 21:26:20,588 | INFO     | stage1_bias_analysis.py:main:713 |   Accuracy: 71.9959%
2025-12-26 21:26:20,588 | INFO     | stage1_bias_analysis.py:main:714 |   Classwise Accuracy (Class 0): 70.3504%
2025-12-26 21:26:20,588 | INFO     | stage1_bias_analysis.py:main:715 |   Classwise Accuracy (Class 1): 72.9951%
2025-12-26 21:26:20,588 | INFO     | stage1_bias_analysis.py:main:716 |   Avg Prob (Pred Class 0): 0.405594
2025-12-26 21:26:20,588 | INFO     | stage1_bias_analysis.py:main:717 |   Avg Prob (Pred Class 1): 0.609757
2025-12-26 21:26:20,588 | INFO     | stage1_bias_analysis.py:main:718 |   SVM Accuracy (Gender) Test: 73.8289%
2025-12-26 21:26:20,588 | INFO     | stage1_bias_analysis.py:main:719 |   SVM Classwise Accuracy (Female): 75.1064%
2025-12-26 21:26:20,588 | INFO     | stage1_bias_analysis.py:main:720 |   SVM Classwise Accuracy (Male):   72.6562%
2025-12-26 21:26:20,588 | INFO     | stage1_bias_analysis.py:main:721 |   Counterfactual Fairness (Discrimination %): 42.46%
2025-12-26 21:26:20,588 | INFO     | stage1_bias_analysis.py:main:722 |   AOD: 0.379334
2025-12-26 21:26:20,588 | INFO     | stage1_bias_analysis.py:main:723 |   EOD: 0.390957
2025-12-26 21:26:20,588 | INFO     | stage1_bias_analysis.py:main:725 | Change before and after fix:
2025-12-26 21:26:20,588 | INFO     | stage1_bias_analysis.py:main:726 |   Accuracy (% change): 2.46%
2025-12-26 21:26:20,588 | INFO     | stage1_bias_analysis.py:main:727 |   Class 0 Accuracy (% change): -3.33%
2025-12-26 21:26:20,588 | INFO     | stage1_bias_analysis.py:main:728 |   Class 1 Accuracy (% change): 6.19%
2025-12-26 21:26:20,589 | INFO     | stage1_bias_analysis.py:main:729 |   Avg Prob (Pred Class 0) (% change): 28.64%
2025-12-26 21:26:20,589 | INFO     | stage1_bias_analysis.py:main:730 |   Avg Prob (Pred Class 1) (% change): -13.26%
2025-12-26 21:26:20,589 | INFO     | stage1_bias_analysis.py:main:731 |   SVM Accuracy (% change): 0.00%
2025-12-26 21:26:20,589 | INFO     | stage1_bias_analysis.py:main:732 |   SVM Female (% change): 0.00%
2025-12-26 21:26:20,589 | INFO     | stage1_bias_analysis.py:main:733 |   SVM Male (% change):   0.00%
2025-12-26 21:26:20,589 | INFO     | stage1_bias_analysis.py:main:734 |   Counterfactual Fairness (Discrimination %) (% change): -3.25%
2025-12-26 21:26:20,589 | INFO     | stage1_bias_analysis.py:main:735 |   AOD (% change): 0.16%
2025-12-26 21:26:20,589 | INFO     | stage1_bias_analysis.py:main:736 |   EOD (% change): -1.74%
2025-12-26 21:26:20,589 | INFO     | stage1_bias_analysis.py:main:737 | ================================================================================
2025-12-26 21:26:20,589 | INFO     | stage1_bias_analysis.py:main:779 | Process end time: 2025-12-26 21:26:20
2025-12-26 21:26:20,589 | INFO     | stage1_bias_analysis.py:main:780 | Total execution time: 1 minutes 39 seconds (99.51 seconds)
2025-12-26 21:26:20,589 | INFO     | stage1_bias_analysis.py:main:781 | ================================================================================
