2025-12-26 21:26:26,244 | INFO     | logger_utils.py:init_logger:48 | Log file created at Fairness_Neuron_Repair/logs/nlsb/stage1_bias_analysis_20251226_21_26_26_inlp_iters_3_inlp_alpha_0.8.log. Console will show WARNING level messages and above (default).
2025-12-26 21:26:26,244 | INFO     | stage1_bias_analysis.py:main:357 | STAGE 1: BIAS ANALYSIS AND INLP REPAIR
2025-12-26 21:26:26,244 | INFO     | stage1_bias_analysis.py:main:358 | Process start time: 2025-12-26 21:26:26
2025-12-26 21:26:26,260 | INFO     | preprocess.py:preprocess_data_for_ml_models:99 | Preprocessing data for ML Network training
2025-12-26 21:26:26,261 | INFO     | preprocess.py:preprocess_data_for_ml_models:100 | Loading pre-split train/test data created by download_split_dataset_router
2025-12-26 21:26:26,276 | INFO     | preprocess.py:preprocess_data_for_ml_models:115 | Data loaded - Train: 3926, Test: 982
2025-12-26 21:26:26,280 | INFO     | preprocess.py:preprocess_data_for_ml_models:131 | Initializing and fitting HyperTransformer on training features...
2025-12-26 21:26:26,568 | INFO     | preprocess.py:preprocess_data_for_ml_models:134 | HyperTransformer fitted successfully on training features
2025-12-26 21:26:26,576 | INFO     | preprocess.py:preprocess_data_for_ml_models:141 | HyperTransformer saved to: Fairness_Neuron_Repair/ml_models/nlsb/nlsb_train_hypertransformer.pkl
2025-12-26 21:26:26,576 | INFO     | preprocess.py:preprocess_data_for_ml_models:143 | Skipping sensitive attribute balancing for Fader Network to ensure consistent comparison with ML models.
2025-12-26 21:26:26,576 | INFO     | preprocess.py:preprocess_data_for_ml_models:144 | X_train length: 3926, column headers (original distribution): Index(['age', 'race', 'sex', 'grade90', 'partner', 'height', 'weight',
       'famsize', 'genhealth', 'illegalact', 'charged', 'jobsnum90', 'afqt89',
       'typejob90', 'jobtrain90'],
      dtype='object')
2025-12-26 21:26:26,576 | INFO     | preprocess.py:preprocess_data_for_ml_models:147 | Loading existing HyperTransformer from ML training stage...
2025-12-26 21:26:26,586 | INFO     | preprocess.py:load_hypertransformer:44 | Successfully loaded HyperTransformer from: Fairness_Neuron_Repair/ml_models/nlsb/nlsb_train_hypertransformer.pkl
2025-12-26 21:26:26,586 | INFO     | preprocess.py:preprocess_data_for_ml_models:149 | Successfully loaded pre-trained HyperTransformer - no retraining needed
2025-12-26 21:26:26,587 | INFO     | preprocess.py:patch_test_categories:188 | Column race has 4 categories in training data that are missing in test data
2025-12-26 21:26:26,598 | INFO     | preprocess.py:patch_test_categories:202 | Added 4 dummy rows to test data for categories missing in test set
2025-12-26 21:26:26,598 | INFO     | preprocess.py:patch_test_categories:204 |   - race: 4 categories
2025-12-26 21:26:26,755 | INFO     | preprocess.py:preprocess_data_for_ml_models:165 | X_train_transformed column headers: Index(['age', 'race.value0', 'race.value1', 'race.value2', 'race.value3',
       'race.value4', 'race.value5', 'race.value6', 'race.value7',
       'race.value8', 'race.value9', 'race.value10', 'race.value11',
       'race.value12', 'race.value13', 'race.value14', 'race.value15',
       'race.value16', 'race.value17', 'race.value18', 'race.value19',
       'race.value20', 'race.value21', 'race.value22', 'race.value23',
       'race.value24', 'race.value25', 'race.value26', 'race.value27',
       'race.value28', 'sex.value0', 'sex.value1', 'grade90.value0',
       'grade90.value1', 'grade90.value2', 'grade90.value3', 'grade90.value4',
       'grade90.value5', 'grade90.value6', 'grade90.value7', 'grade90.value8',
       'grade90.value9', 'grade90.value10', 'grade90.value11',
       'grade90.value12', 'grade90.value13', 'grade90.value14',
       'grade90.value15', 'grade90.value16', 'grade90.value17',
       'partner.value0', 'partner.value1', 'height', 'weight', 'famsize',
       'genhealth.value0', 'genhealth.value1', 'genhealth.value2',
       'genhealth.value3', 'genhealth.value4', 'illegalact.value0',
       'illegalact.value1', 'illegalact.value2', 'illegalact.value3',
       'illegalact.value4', 'illegalact.value5', 'illegalact.value6',
       'charged.value0', 'charged.value1', 'jobsnum90', 'afqt89',
       'typejob90.value0', 'typejob90.value1', 'typejob90.value2',
       'typejob90.value3', 'typejob90.value4', 'typejob90.value5',
       'typejob90.value6', 'typejob90.value7', 'typejob90.value8',
       'typejob90.value9', 'typejob90.value10', 'typejob90.value11',
       'typejob90.value12', 'jobtrain90.value0', 'jobtrain90.value1'],
      dtype='object')
2025-12-26 21:26:26,954 | INFO     | stage1_bias_analysis.py:main:388 | Training data: 3926 samples
2025-12-26 21:26:26,955 | INFO     | stage1_bias_analysis.py:main:389 | Gender distribution (Train): {'Female': 1981, 'Male': 1945}
2025-12-26 21:26:26,976 | INFO     | stage1_bias_analysis.py:main:423 | 
Data split: 3338 training samples, 588 validation samples
2025-12-26 21:26:26,976 | INFO     | stage1_bias_analysis.py:main:424 | Created DataLoaders: 53 train batches, 10 val batches (batch_size=64)
2025-12-26 21:26:26,982 | INFO     | stage1_bias_analysis.py:main:430 | Class distribution: Class 0=1482, Class 1=2444, pos_weight=0.6064
2025-12-26 21:26:28,719 | INFO     | stage1_bias_analysis.py:main:437 | 
Training neural network (Baseline) for fixed epochs with validation monitoring...
2025-12-26 21:26:29,615 | INFO     | stage1_bias_analysis.py:train_model:145 | Epoch   0 | Train Loss: 0.517055 | Val Loss: 0.514471
2025-12-26 21:26:30,214 | INFO     | stage1_bias_analysis.py:train_model:154 | Epoch   1 | New best validation loss: 0.463864
2025-12-26 21:26:30,630 | INFO     | stage1_bias_analysis.py:train_model:154 | Epoch   2 | New best validation loss: 0.452580
2025-12-26 21:26:31,030 | INFO     | stage1_bias_analysis.py:train_model:154 | Epoch   3 | New best validation loss: 0.447969
2025-12-26 21:26:31,484 | INFO     | stage1_bias_analysis.py:train_model:154 | Epoch   4 | New best validation loss: 0.445488
2025-12-26 21:26:31,936 | INFO     | stage1_bias_analysis.py:train_model:154 | Epoch   5 | New best validation loss: 0.443981
2025-12-26 21:26:32,344 | INFO     | stage1_bias_analysis.py:train_model:154 | Epoch   6 | New best validation loss: 0.443054
2025-12-26 21:26:32,743 | INFO     | stage1_bias_analysis.py:train_model:154 | Epoch   7 | New best validation loss: 0.442048
2025-12-26 21:26:33,147 | INFO     | stage1_bias_analysis.py:train_model:154 | Epoch   8 | New best validation loss: 0.441139
2025-12-26 21:26:33,501 | INFO     | stage1_bias_analysis.py:train_model:154 | Epoch   9 | New best validation loss: 0.440379
2025-12-26 21:26:33,902 | INFO     | stage1_bias_analysis.py:train_model:154 | Epoch  10 | New best validation loss: 0.439685
2025-12-26 21:26:34,343 | INFO     | stage1_bias_analysis.py:train_model:154 | Epoch  11 | New best validation loss: 0.439082
2025-12-26 21:26:34,774 | INFO     | stage1_bias_analysis.py:train_model:154 | Epoch  12 | New best validation loss: 0.438641
2025-12-26 21:26:35,222 | INFO     | stage1_bias_analysis.py:train_model:154 | Epoch  13 | New best validation loss: 0.438236
2025-12-26 21:26:35,693 | INFO     | stage1_bias_analysis.py:train_model:154 | Epoch  14 | New best validation loss: 0.437921
2025-12-26 21:26:36,141 | INFO     | stage1_bias_analysis.py:train_model:154 | Epoch  15 | New best validation loss: 0.437602
2025-12-26 21:26:36,567 | INFO     | stage1_bias_analysis.py:train_model:154 | Epoch  16 | New best validation loss: 0.437316
2025-12-26 21:26:37,021 | INFO     | stage1_bias_analysis.py:train_model:154 | Epoch  17 | New best validation loss: 0.437106
2025-12-26 21:26:37,502 | INFO     | stage1_bias_analysis.py:train_model:154 | Epoch  18 | New best validation loss: 0.436963
2025-12-26 21:26:37,959 | INFO     | stage1_bias_analysis.py:train_model:154 | Epoch  19 | New best validation loss: 0.436804
2025-12-26 21:26:38,440 | INFO     | stage1_bias_analysis.py:train_model:145 | Epoch  20 | Train Loss: 0.425246 | Val Loss: 0.436654
2025-12-26 21:26:38,903 | INFO     | stage1_bias_analysis.py:train_model:154 | Epoch  21 | New best validation loss: 0.436481
2025-12-26 21:26:39,382 | INFO     | stage1_bias_analysis.py:train_model:154 | Epoch  22 | New best validation loss: 0.436314
2025-12-26 21:26:39,861 | INFO     | stage1_bias_analysis.py:train_model:154 | Epoch  23 | New best validation loss: 0.436168
2025-12-26 21:26:40,305 | INFO     | stage1_bias_analysis.py:train_model:154 | Epoch  24 | New best validation loss: 0.436008
2025-12-26 21:26:40,740 | INFO     | stage1_bias_analysis.py:train_model:154 | Epoch  25 | New best validation loss: 0.435798
2025-12-26 21:26:41,182 | INFO     | stage1_bias_analysis.py:train_model:154 | Epoch  26 | New best validation loss: 0.435587
2025-12-26 21:26:42,112 | INFO     | stage1_bias_analysis.py:train_model:154 | Epoch  28 | New best validation loss: 0.435436
2025-12-26 21:26:42,554 | INFO     | stage1_bias_analysis.py:train_model:154 | Epoch  29 | New best validation loss: 0.435189
2025-12-26 21:26:43,051 | INFO     | stage1_bias_analysis.py:train_model:154 | Epoch  30 | New best validation loss: 0.435008
2025-12-26 21:26:44,092 | INFO     | stage1_bias_analysis.py:train_model:154 | Epoch  32 | New best validation loss: 0.434883
2025-12-26 21:26:44,606 | INFO     | stage1_bias_analysis.py:train_model:154 | Epoch  33 | New best validation loss: 0.434781
2025-12-26 21:26:45,152 | INFO     | stage1_bias_analysis.py:train_model:154 | Epoch  34 | New best validation loss: 0.434710
2025-12-26 21:26:45,635 | INFO     | stage1_bias_analysis.py:train_model:154 | Epoch  35 | New best validation loss: 0.434563
2025-12-26 21:26:46,560 | INFO     | stage1_bias_analysis.py:train_model:154 | Epoch  37 | New best validation loss: 0.434498
2025-12-26 21:26:47,453 | INFO     | stage1_bias_analysis.py:train_model:154 | Epoch  39 | New best validation loss: 0.434359
2025-12-26 21:26:47,894 | INFO     | stage1_bias_analysis.py:train_model:145 | Epoch  40 | Train Loss: 0.418785 | Val Loss: 0.434392
2025-12-26 21:26:48,865 | INFO     | stage1_bias_analysis.py:train_model:154 | Epoch  42 | New best validation loss: 0.434196
2025-12-26 21:26:49,749 | INFO     | stage1_bias_analysis.py:train_model:154 | Epoch  44 | New best validation loss: 0.434034
2025-12-26 21:26:50,632 | INFO     | stage1_bias_analysis.py:train_model:154 | Epoch  46 | New best validation loss: 0.433945
2025-12-26 21:26:51,557 | INFO     | stage1_bias_analysis.py:train_model:154 | Epoch  48 | New best validation loss: 0.433900
2025-12-26 21:26:52,491 | INFO     | stage1_bias_analysis.py:train_model:154 | Epoch  50 | New best validation loss: 0.433678
2025-12-26 21:26:57,176 | INFO     | stage1_bias_analysis.py:train_model:145 | Epoch  60 | Train Loss: 0.414774 | Val Loss: 0.433659
2025-12-26 21:26:58,098 | INFO     | stage1_bias_analysis.py:train_model:154 | Epoch  62 | New best validation loss: 0.433551
2025-12-26 21:26:58,567 | INFO     | stage1_bias_analysis.py:train_model:154 | Epoch  63 | New best validation loss: 0.433504
2025-12-26 21:27:06,863 | INFO     | stage1_bias_analysis.py:train_model:145 | Epoch  80 | Train Loss: 0.412059 | Val Loss: 0.434045
2025-12-26 21:27:16,758 | INFO     | stage1_bias_analysis.py:train_model:145 | Epoch 100 | Train Loss: 0.409872 | Val Loss: 0.433934
2025-12-26 21:27:26,527 | INFO     | stage1_bias_analysis.py:train_model:145 | Epoch 120 | Train Loss: 0.408175 | Val Loss: 0.434049
2025-12-26 21:27:36,049 | INFO     | stage1_bias_analysis.py:train_model:145 | Epoch 140 | Train Loss: 0.406666 | Val Loss: 0.434569
2025-12-26 21:27:45,422 | INFO     | stage1_bias_analysis.py:train_model:145 | Epoch 160 | Train Loss: 0.405044 | Val Loss: 0.434683
2025-12-26 21:27:55,085 | INFO     | stage1_bias_analysis.py:train_model:145 | Epoch 180 | Train Loss: 0.403558 | Val Loss: 0.434703
2025-12-26 21:28:04,355 | INFO     | stage1_bias_analysis.py:train_model:145 | Epoch 199 | Train Loss: 0.401617 | Val Loss: 0.434509
2025-12-26 21:28:04,356 | INFO     | stage1_bias_analysis.py:train_model:159 | Restored best model from epoch 63 with validation loss: 0.433504
2025-12-26 21:28:04,356 | INFO     | stage1_bias_analysis.py:main:443 | Training completed. Best validation loss: 0.433504
2025-12-26 21:28:04,358 | INFO     | stage1_bias_analysis.py:main:448 | Original Model saved to: /home/arjun/remote_github/Fairness_Testing/Fairness_Neuron_Repair/ml_models/nlsb/nlsb__nn_stage1_original__20251226_21_26_26.pth
2025-12-26 21:28:04,358 | INFO     | stage1_bias_analysis.py:main:453 | 
--- BASELINE EVALUATION (Before Surgery) ---
2025-12-26 21:28:04,388 | INFO     | stage1_bias_analysis.py:main:469 | Baseline Income Accuracy: 70.2648%
2025-12-26 21:28:04,389 | INFO     | stage1_bias_analysis.py:main:478 | Baseline Accuracy (Class 0): 72.7763% (371 samples)
2025-12-26 21:28:04,389 | INFO     | stage1_bias_analysis.py:main:481 | Baseline Accuracy (Class 1): 68.7398% (611 samples)
2025-12-26 21:28:04,395 | INFO     | preprocess.py:patch_test_categories:188 | Column race has 4 categories in training data that are missing in test data
2025-12-26 21:28:04,425 | INFO     | preprocess.py:patch_test_categories:202 | Added 4 dummy rows to test data for categories missing in test set
2025-12-26 21:28:04,425 | INFO     | preprocess.py:patch_test_categories:204 |   - race: 4 categories
2025-12-26 21:28:04,425 | INFO     | preprocess.py:patch_test_categories:188 | Column race has 4 categories in training data that are missing in test data
2025-12-26 21:28:04,432 | INFO     | preprocess.py:patch_test_categories:202 | Added 4 dummy rows to test data for categories missing in test set
2025-12-26 21:28:04,432 | INFO     | preprocess.py:patch_test_categories:204 |   - race: 4 categories
2025-12-26 21:28:04,860 | INFO     | stage1_bias_analysis.py:main:492 | Baseline Counterfactual Discrimination: 431/982 (43.89%)
2025-12-26 21:28:04,860 | INFO     | stage1_bias_analysis.py:main:501 | Baseline AOD: 0.378723
2025-12-26 21:28:04,861 | INFO     | stage1_bias_analysis.py:main:502 | Baseline EOD: 0.397872
2025-12-26 21:28:04,861 | INFO     | stage1_bias_analysis.py:main:507 | 
--- STARTING INLP PROCESS ---
2025-12-26 21:28:04,861 | INFO     | stage1_bias_analysis.py:main:510 | Extracting raw activations from layer 3...
2025-12-26 21:28:05,052 | INFO     | stage1_bias_analysis.py:main:515 | 
--- Activation Statistics (Before Projection) ---
2025-12-26 21:28:05,052 | INFO     | stage1_bias_analysis.py:main:516 | Train activations shape: (3926, 64)
2025-12-26 21:28:05,053 | INFO     | stage1_bias_analysis.py:main:517 | Train activations - Mean: 0.114431, Std: 0.109348
2025-12-26 21:28:05,053 | INFO     | stage1_bias_analysis.py:main:518 | Train activations - L2 norm: 79.337852
2025-12-26 21:28:05,054 | INFO     | stage1_bias_analysis.py:main:519 | Train activations - Min: 0.000000, Max: 0.709911
2025-12-26 21:28:05,054 | INFO     | stage1_bias_analysis.py:main:520 | Test activations shape: (982, 64)
2025-12-26 21:28:05,054 | INFO     | stage1_bias_analysis.py:main:521 | Test activations - Mean: 0.114364, Std: 0.110332
2025-12-26 21:28:05,054 | INFO     | stage1_bias_analysis.py:main:522 | Test activations - L2 norm: 39.837856
2025-12-26 21:28:05,054 | INFO     | stage1_bias_analysis.py:main:523 | ================================================================================
2025-12-26 21:28:05,055 | INFO     | stage1_bias_analysis.py:main:536 | Computing Projection Matrix (P) and Training Gender SVM...
2025-12-26 21:28:05,055 | INFO     | stage1_bias_analysis.py:main:537 | Using same validation set as NN training: 3338 train, 588 val
2025-12-26 21:28:05,056 | INFO     | inlp_core.py:get_projection_and_svm:19 | Training Initial Gender Detector (SVM)...
2025-12-26 21:28:05,079 | INFO     | inlp_core.py:get_projection_and_svm:31 | Using validation set: 3338 train, 588 val
2025-12-26 21:28:05,079 | INFO     | inlp_core.py:get_projection_and_svm:33 | Starting INLP (n_iter=3, alpha=0.8)...
2025-12-26 21:28:05,129 | INFO     | inlp_core.py:get_projection_and_svm:42 | Iter 1: SVM Acc = 0.7415
2025-12-26 21:28:05,215 | INFO     | inlp_core.py:get_projection_and_svm:42 | Iter 2: SVM Acc = 0.7415
2025-12-26 21:28:05,288 | INFO     | inlp_core.py:get_projection_and_svm:42 | Iter 3: SVM Acc = 0.7449
2025-12-26 21:28:05,290 | INFO     | inlp_core.py:get_projection_and_svm:75 | 
--- Projection Matrix Analysis ---
2025-12-26 21:28:05,291 | INFO     | inlp_core.py:get_projection_and_svm:78 | Projection matrix rank: 64/64
2025-12-26 21:28:05,291 | INFO     | inlp_core.py:get_projection_and_svm:79 | ==================================================
2025-12-26 21:28:05,292 | INFO     | stage1_bias_analysis.py:main:546 | 
--- EVALUATING GENDER INFORMATION (SVM) ---
2025-12-26 21:28:05,329 | INFO     | stage1_bias_analysis.py:main:557 | Gender SVM Accuracy (Before Projection):
2025-12-26 21:28:05,329 | INFO     | stage1_bias_analysis.py:main:558 |    Train: 73.7901%
2025-12-26 21:28:05,329 | INFO     | stage1_bias_analysis.py:main:559 |    Test:  73.8289% (Indicates bias presence)
2025-12-26 21:28:05,330 | INFO     | stage1_bias_analysis.py:main:560 |    Test Female (class 0): 75.1064%
2025-12-26 21:28:05,330 | INFO     | stage1_bias_analysis.py:main:561 |    Test Male (class 1):   72.6562%
2025-12-26 21:28:05,347 | INFO     | stage1_bias_analysis.py:main:572 | 
--- Activation Statistics (After Projection) ---
2025-12-26 21:28:05,347 | INFO     | stage1_bias_analysis.py:main:573 | Train activations (projected) shape: (3926, 64)
2025-12-26 21:28:05,351 | INFO     | stage1_bias_analysis.py:main:574 | Train activations (projected) - Mean: 0.000021, Std: 0.040117
2025-12-26 21:28:05,362 | INFO     | stage1_bias_analysis.py:main:575 | Train activations (projected) - L2 norm: 20.109241
2025-12-26 21:28:05,363 | INFO     | stage1_bias_analysis.py:main:576 | Test activations (projected) shape: (982, 64)
2025-12-26 21:28:05,363 | INFO     | stage1_bias_analysis.py:main:577 | Test activations (projected) - L2 norm: 10.329219
2025-12-26 21:28:05,364 | INFO     | stage1_bias_analysis.py:main:584 | Train activation norm change: 44.025291 -> 20.109241 (-54.32%)
2025-12-26 21:28:05,365 | INFO     | stage1_bias_analysis.py:main:585 | Test activation norm change: 22.330627 -> 10.329219 (-53.74%)
2025-12-26 21:28:05,365 | INFO     | stage1_bias_analysis.py:main:586 | ================================================================================
2025-12-26 21:28:05,372 | INFO     | stage1_bias_analysis.py:main:595 | Gender SVM Accuracy (After Projection):
2025-12-26 21:28:05,372 | INFO     | stage1_bias_analysis.py:main:596 |    Train: 73.8665%
2025-12-26 21:28:05,372 | INFO     | stage1_bias_analysis.py:main:597 |    Test:  73.8289% (Should be ~50% if successful)
2025-12-26 21:28:05,373 | INFO     | stage1_bias_analysis.py:main:598 |    Test Female (class 0): 74.8936%
2025-12-26 21:28:05,373 | INFO     | stage1_bias_analysis.py:main:599 |    Test Male (class 1):   72.8516%
2025-12-26 21:28:05,373 | INFO     | stage1_bias_analysis.py:main:604 | 
--- APPLYING WEIGHT SURGERY ---
2025-12-26 21:28:05,373 | INFO     | inlp_core.py:perform_weight_surgery:93 | 
--- Performing Weight Surgery ---
2025-12-26 21:28:05,499 | INFO     | inlp_core.py:perform_weight_surgery:102 | W_old shape: torch.Size([1, 64]), norm: 1.510986
2025-12-26 21:28:05,499 | INFO     | inlp_core.py:perform_weight_surgery:103 | P_tensor shape: torch.Size([64, 64]), norm: 7.882430
2025-12-26 21:28:05,519 | INFO     | inlp_core.py:perform_weight_surgery:104 | P_tensor symmetry error: 4.45e-01
2025-12-26 21:28:05,588 | INFO     | inlp_core.py:perform_weight_surgery:117 | Weights updated successfully. W_new shape: torch.Size([1, 64]), norm: 0.585592
2025-12-26 21:28:05,589 | INFO     | inlp_core.py:perform_weight_surgery:118 | Weight change magnitude: 1.399649
2025-12-26 21:28:05,590 | INFO     | inlp_core.py:perform_weight_surgery:138 | Bias updated to account for data centering.
2025-12-26 21:28:05,591 | INFO     | inlp_core.py:perform_weight_surgery:139 |   Bias correction magnitude: 0.569646, Bias norm: 0.075798 -> 0.645444
2025-12-26 21:28:05,593 | INFO     | stage1_bias_analysis.py:main:610 | Repaired Model saved to: /home/arjun/remote_github/Fairness_Testing/Fairness_Neuron_Repair/ml_models/nlsb/nlsb__nn_stage1_inlp_repaired__20251226_21_26_26.pth
2025-12-26 21:28:05,593 | INFO     | stage1_bias_analysis.py:main:615 | 
--- FINAL EVALUATION (After Surgery) ---
2025-12-26 21:28:05,616 | INFO     | stage1_bias_analysis.py:main:628 | Final Income Accuracy: 73.4216%
2025-12-26 21:28:05,616 | INFO     | stage1_bias_analysis.py:main:629 | Accuracy Drop: -3.1568%
2025-12-26 21:28:05,617 | INFO     | stage1_bias_analysis.py:main:638 | Final Accuracy (Class 0): 51.7520% (371 samples)
2025-12-26 21:28:05,618 | INFO     | stage1_bias_analysis.py:main:641 | Final Accuracy (Class 1): 86.5794% (611 samples)
2025-12-26 21:28:05,622 | INFO     | preprocess.py:patch_test_categories:188 | Column race has 4 categories in training data that are missing in test data
2025-12-26 21:28:05,655 | INFO     | preprocess.py:patch_test_categories:202 | Added 4 dummy rows to test data for categories missing in test set
2025-12-26 21:28:05,655 | INFO     | preprocess.py:patch_test_categories:204 |   - race: 4 categories
2025-12-26 21:28:05,655 | INFO     | preprocess.py:patch_test_categories:188 | Column race has 4 categories in training data that are missing in test data
2025-12-26 21:28:05,664 | INFO     | preprocess.py:patch_test_categories:202 | Added 4 dummy rows to test data for categories missing in test set
2025-12-26 21:28:05,664 | INFO     | preprocess.py:patch_test_categories:204 |   - race: 4 categories
2025-12-26 21:28:06,142 | INFO     | stage1_bias_analysis.py:main:650 | Final Counterfactual Discrimination: 320/982 (32.59%)
2025-12-26 21:28:06,142 | INFO     | stage1_bias_analysis.py:main:658 | Final AOD: 0.319947
2025-12-26 21:28:06,142 | INFO     | stage1_bias_analysis.py:main:659 | Final EOD: 0.217553
2025-12-26 21:28:06,142 | INFO     | stage1_bias_analysis.py:main:680 | 
Improvement Ratios:
2025-12-26 21:28:06,142 | INFO     | stage1_bias_analysis.py:main:682 |   Accuracy Change Ratio: -4.49%
2025-12-26 21:28:06,142 | INFO     | stage1_bias_analysis.py:main:687 |   Discrimination Change Ratio: 25.75%
2025-12-26 21:28:06,142 | INFO     | stage1_bias_analysis.py:main:697 | 
================================================================================
2025-12-26 21:28:06,142 | INFO     | stage1_bias_analysis.py:main:698 | SUMMARY (Requested Ordering)
2025-12-26 21:28:06,143 | INFO     | stage1_bias_analysis.py:main:699 | Before fix:
2025-12-26 21:28:06,143 | INFO     | stage1_bias_analysis.py:main:700 |   Accuracy: 70.2648%
2025-12-26 21:28:06,143 | INFO     | stage1_bias_analysis.py:main:701 |   Classwise Accuracy (Class 0): 72.7763%
2025-12-26 21:28:06,143 | INFO     | stage1_bias_analysis.py:main:702 |   Classwise Accuracy (Class 1): 68.7398%
2025-12-26 21:28:06,143 | INFO     | stage1_bias_analysis.py:main:703 |   Avg Prob (Pred Class 0): 0.315282
2025-12-26 21:28:06,143 | INFO     | stage1_bias_analysis.py:main:704 |   Avg Prob (Pred Class 1): 0.702958
2025-12-26 21:28:06,143 | INFO     | stage1_bias_analysis.py:main:705 |   SVM Accuracy (Gender) Test: 73.8289%
2025-12-26 21:28:06,143 | INFO     | stage1_bias_analysis.py:main:706 |   SVM Classwise Accuracy (Female): 75.1064%
2025-12-26 21:28:06,143 | INFO     | stage1_bias_analysis.py:main:707 |   SVM Classwise Accuracy (Male):   72.6562%
2025-12-26 21:28:06,143 | INFO     | stage1_bias_analysis.py:main:708 |   Counterfactual Fairness (Discrimination %): 43.89%
2025-12-26 21:28:06,143 | INFO     | stage1_bias_analysis.py:main:709 |   AOD: 0.378723
2025-12-26 21:28:06,143 | INFO     | stage1_bias_analysis.py:main:710 |   EOD: 0.397872
2025-12-26 21:28:06,143 | INFO     | stage1_bias_analysis.py:main:712 | After fix:
2025-12-26 21:28:06,143 | INFO     | stage1_bias_analysis.py:main:713 |   Accuracy: 73.4216%
2025-12-26 21:28:06,143 | INFO     | stage1_bias_analysis.py:main:714 |   Classwise Accuracy (Class 0): 51.7520%
2025-12-26 21:28:06,143 | INFO     | stage1_bias_analysis.py:main:715 |   Classwise Accuracy (Class 1): 86.5794%
2025-12-26 21:28:06,143 | INFO     | stage1_bias_analysis.py:main:716 |   Avg Prob (Pred Class 0): 0.469387
2025-12-26 21:28:06,143 | INFO     | stage1_bias_analysis.py:main:717 |   Avg Prob (Pred Class 1): 0.539491
2025-12-26 21:28:06,143 | INFO     | stage1_bias_analysis.py:main:718 |   SVM Accuracy (Gender) Test: 73.8289%
2025-12-26 21:28:06,144 | INFO     | stage1_bias_analysis.py:main:719 |   SVM Classwise Accuracy (Female): 74.8936%
2025-12-26 21:28:06,144 | INFO     | stage1_bias_analysis.py:main:720 |   SVM Classwise Accuracy (Male):   72.8516%
2025-12-26 21:28:06,144 | INFO     | stage1_bias_analysis.py:main:721 |   Counterfactual Fairness (Discrimination %): 32.59%
2025-12-26 21:28:06,144 | INFO     | stage1_bias_analysis.py:main:722 |   AOD: 0.319947
2025-12-26 21:28:06,144 | INFO     | stage1_bias_analysis.py:main:723 |   EOD: 0.217553
2025-12-26 21:28:06,144 | INFO     | stage1_bias_analysis.py:main:725 | Change before and after fix:
2025-12-26 21:28:06,144 | INFO     | stage1_bias_analysis.py:main:726 |   Accuracy (% change): 4.49%
2025-12-26 21:28:06,144 | INFO     | stage1_bias_analysis.py:main:727 |   Class 0 Accuracy (% change): -28.89%
2025-12-26 21:28:06,144 | INFO     | stage1_bias_analysis.py:main:728 |   Class 1 Accuracy (% change): 25.95%
2025-12-26 21:28:06,144 | INFO     | stage1_bias_analysis.py:main:729 |   Avg Prob (Pred Class 0) (% change): 48.88%
2025-12-26 21:28:06,144 | INFO     | stage1_bias_analysis.py:main:730 |   Avg Prob (Pred Class 1) (% change): -23.25%
2025-12-26 21:28:06,144 | INFO     | stage1_bias_analysis.py:main:731 |   SVM Accuracy (% change): 0.00%
2025-12-26 21:28:06,144 | INFO     | stage1_bias_analysis.py:main:732 |   SVM Female (% change): -0.28%
2025-12-26 21:28:06,144 | INFO     | stage1_bias_analysis.py:main:733 |   SVM Male (% change):   0.27%
2025-12-26 21:28:06,144 | INFO     | stage1_bias_analysis.py:main:734 |   Counterfactual Fairness (Discrimination %) (% change): -25.75%
2025-12-26 21:28:06,144 | INFO     | stage1_bias_analysis.py:main:735 |   AOD (% change): -15.52%
2025-12-26 21:28:06,145 | INFO     | stage1_bias_analysis.py:main:736 |   EOD (% change): -45.32%
2025-12-26 21:28:06,145 | INFO     | stage1_bias_analysis.py:main:737 | ================================================================================
2025-12-26 21:28:06,145 | INFO     | stage1_bias_analysis.py:main:779 | Process end time: 2025-12-26 21:28:06
2025-12-26 21:28:06,145 | INFO     | stage1_bias_analysis.py:main:780 | Total execution time: 1 minutes 39 seconds (99.90 seconds)
2025-12-26 21:28:06,145 | INFO     | stage1_bias_analysis.py:main:781 | ================================================================================
