2025-12-26 21:21:18,628 | INFO     | logger_utils.py:init_logger:48 | Log file created at Fairness_Neuron_Repair/logs/bank_marketing/stage1_bias_analysis_20251226_21_21_18_inlp_iters_2_inlp_alpha_0.8.log. Console will show WARNING level messages and above (default).
2025-12-26 21:21:18,628 | INFO     | stage1_bias_analysis.py:main:357 | STAGE 1: BIAS ANALYSIS AND INLP REPAIR
2025-12-26 21:21:18,628 | INFO     | stage1_bias_analysis.py:main:358 | Process start time: 2025-12-26 21:21:18
2025-12-26 21:21:18,674 | INFO     | preprocess.py:preprocess_data_for_ml_models:99 | Preprocessing data for ML Network training
2025-12-26 21:21:18,674 | INFO     | preprocess.py:preprocess_data_for_ml_models:100 | Loading pre-split train/test data created by download_split_dataset_router
2025-12-26 21:21:18,703 | INFO     | preprocess.py:preprocess_data_for_ml_models:115 | Data loaded - Train: 6273, Test: 1569
2025-12-26 21:21:18,705 | INFO     | preprocess.py:preprocess_data_for_ml_models:131 | Initializing and fitting HyperTransformer on training features...
2025-12-26 21:21:19,121 | INFO     | preprocess.py:preprocess_data_for_ml_models:134 | HyperTransformer fitted successfully on training features
2025-12-26 21:21:19,144 | INFO     | preprocess.py:preprocess_data_for_ml_models:141 | HyperTransformer saved to: Fairness_Neuron_Repair/ml_models/bank_marketing/bank_marketing_train_hypertransformer.pkl
2025-12-26 21:21:19,144 | INFO     | preprocess.py:preprocess_data_for_ml_models:143 | Skipping sensitive attribute balancing for Fader Network to ensure consistent comparison with ML models.
2025-12-26 21:21:19,145 | INFO     | preprocess.py:preprocess_data_for_ml_models:144 | X_train length: 6273, column headers (original distribution): Index(['age', 'job', 'marital', 'education', 'default', 'balance', 'housing',
       'loan', 'contact', 'day_of_week', 'month', 'duration', 'campaign',
       'pdays', 'previous', 'poutcome'],
      dtype='object')
2025-12-26 21:21:19,145 | INFO     | preprocess.py:preprocess_data_for_ml_models:147 | Loading existing HyperTransformer from ML training stage...
2025-12-26 21:21:19,153 | INFO     | preprocess.py:load_hypertransformer:44 | Successfully loaded HyperTransformer from: Fairness_Neuron_Repair/ml_models/bank_marketing/bank_marketing_train_hypertransformer.pkl
2025-12-26 21:21:19,154 | INFO     | preprocess.py:preprocess_data_for_ml_models:149 | Successfully loaded pre-trained HyperTransformer - no retraining needed
2025-12-26 21:21:19,381 | INFO     | preprocess.py:preprocess_data_for_ml_models:165 | X_train_transformed column headers: Index(['age.value0', 'age.value1', 'job.value0', 'job.value1', 'job.value2',
       'job.value3', 'job.value4', 'job.value5', 'job.value6', 'job.value7',
       'job.value8', 'job.value9', 'job.value10', 'marital.value0',
       'marital.value1', 'marital.value2', 'education.value0',
       'education.value1', 'education.value2', 'default.value0',
       'default.value1', 'balance', 'housing.value0', 'housing.value1',
       'loan.value0', 'loan.value1', 'contact.value0', 'contact.value1',
       'day_of_week.value0', 'day_of_week.value1', 'day_of_week.value2',
       'day_of_week.value3', 'day_of_week.value4', 'day_of_week.value5',
       'day_of_week.value6', 'day_of_week.value7', 'day_of_week.value8',
       'day_of_week.value9', 'day_of_week.value10', 'day_of_week.value11',
       'day_of_week.value12', 'day_of_week.value13', 'day_of_week.value14',
       'day_of_week.value15', 'day_of_week.value16', 'day_of_week.value17',
       'day_of_week.value18', 'day_of_week.value19', 'day_of_week.value20',
       'day_of_week.value21', 'day_of_week.value22', 'day_of_week.value23',
       'day_of_week.value24', 'day_of_week.value25', 'day_of_week.value26',
       'day_of_week.value27', 'day_of_week.value28', 'day_of_week.value29',
       'day_of_week.value30', 'month.value0', 'month.value1', 'month.value2',
       'month.value3', 'month.value4', 'month.value5', 'month.value6',
       'month.value7', 'month.value8', 'month.value9', 'month.value10',
       'month.value11', 'duration', 'campaign', 'pdays', 'previous',
       'poutcome.value0', 'poutcome.value1', 'poutcome.value2'],
      dtype='object')
